Start time: Tue Feb 11 14:11:18 IST 2025
2025-02-11 14:11:18
Filesystem      Size  Used Avail Use% Mounted on
tmpfs           1.6G  1.7M  1.6G   1% /run
/dev/sda2       468G   12G  433G   3% /
tmpfs           7.7G     0  7.7G   0% /dev/shm
tmpfs           5.0M  4.0K  5.0M   1% /run/lock
efivarfs        150K   86K   60K  60% /sys/firmware/efi/efivars
/dev/sda1       511M  6.1M  505M   2% /boot/efi
tmpfs           1.6G   72K  1.6G   1% /run/user/127
----------------------------------------
2025-02-11 15:11:18
Filesystem      Size  Used Avail Use% Mounted on
tmpfs           1.6G  1.7M  1.6G   1% /run
/dev/sda2       468G   12G  433G   3% /
tmpfs           7.7G     0  7.7G   0% /dev/shm
tmpfs           5.0M  4.0K  5.0M   1% /run/lock
efivarfs        150K   86K   60K  60% /sys/firmware/efi/efivars
/dev/sda1       511M  6.1M  505M   2% /boot/efi
tmpfs           1.6G   72K  1.6G   1% /run/user/127
----------------------------------------
2025-02-11 16:11:18
Filesystem      Size  Used Avail Use% Mounted on
tmpfs           1.6G  1.7M  1.6G   1% /run
/dev/sda2       468G   12G  433G   3% /
tmpfs           7.7G     0  7.7G   0% /dev/shm
tmpfs           5.0M  4.0K  5.0M   1% /run/lock
efivarfs        150K   86K   60K  60% /sys/firmware/efi/efivars
/dev/sda1       511M  6.1M  505M   2% /boot/efi
tmpfs           1.6G   72K  1.6G   1% /run/user/127
----------------------------------------
2025-02-11 17:11:18
Filesystem      Size  Used Avail Use% Mounted on
tmpfs           1.6G  1.7M  1.6G   1% /run
/dev/sda2       468G   12G  433G   3% /
tmpfs           7.7G     0  7.7G   0% /dev/shm
tmpfs           5.0M  4.0K  5.0M   1% /run/lock
efivarfs        150K   86K   60K  60% /sys/firmware/efi/efivars
/dev/sda1       511M  6.1M  505M   2% /boot/efi
tmpfs           1.6G   72K  1.6G   1% /run/user/127
----------------------------------------
2025-02-11 18:11:18
Filesystem      Size  Used Avail Use% Mounted on
tmpfs           1.6G  1.7M  1.6G   1% /run
/dev/sda2       468G   12G  433G   3% /
tmpfs           7.7G     0  7.7G   0% /dev/shm
tmpfs           5.0M  4.0K  5.0M   1% /run/lock
efivarfs        150K   86K   60K  60% /sys/firmware/efi/efivars
/dev/sda1       511M  6.1M  505M   2% /boot/efi
tmpfs           1.6G   72K  1.6G   1% /run/user/127
----------------------------------------
2025-02-11 19:11:18
Filesystem      Size  Used Avail Use% Mounted on
tmpfs           1.6G  1.7M  1.6G   1% /run
/dev/sda2       468G   12G  433G   3% /
tmpfs           7.7G     0  7.7G   0% /dev/shm
tmpfs           5.0M  4.0K  5.0M   1% /run/lock
efivarfs        150K   86K   60K  60% /sys/firmware/efi/efivars
/dev/sda1       511M  6.1M  505M   2% /boot/efi
tmpfs           1.6G   72K  1.6G   1% /run/user/127
----------------------------------------
2025-02-11 20:11:18
Filesystem      Size  Used Avail Use% Mounted on
tmpfs           1.6G  1.7M  1.6G   1% /run
/dev/sda2       468G   12G  433G   3% /
tmpfs           7.7G     0  7.7G   0% /dev/shm
tmpfs           5.0M  4.0K  5.0M   1% /run/lock
efivarfs        150K   86K   60K  60% /sys/firmware/efi/efivars
/dev/sda1       511M  6.1M  505M   2% /boot/efi
tmpfs           1.6G   72K  1.6G   1% /run/user/127
----------------------------------------
2025-02-11 21:11:18
Filesystem      Size  Used Avail Use% Mounted on
tmpfs           1.6G  1.7M  1.6G   1% /run
/dev/sda2       468G   12G  433G   3% /
tmpfs           7.7G     0  7.7G   0% /dev/shm
tmpfs           5.0M  4.0K  5.0M   1% /run/lock
efivarfs        150K   86K   60K  60% /sys/firmware/efi/efivars
/dev/sda1       511M  6.1M  505M   2% /boot/efi
tmpfs           1.6G   72K  1.6G   1% /run/user/127
----------------------------------------
2025-02-11 22:11:18
Filesystem      Size  Used Avail Use% Mounted on
tmpfs           1.6G  1.7M  1.6G   1% /run
/dev/sda2       468G   12G  433G   3% /
tmpfs           7.7G     0  7.7G   0% /dev/shm
tmpfs           5.0M  4.0K  5.0M   1% /run/lock
efivarfs        150K   86K   60K  60% /sys/firmware/efi/efivars
/dev/sda1       511M  6.1M  505M   2% /boot/efi
tmpfs           1.6G   72K  1.6G   1% /run/user/127
----------------------------------------
2025-02-11 23:11:18
Filesystem      Size  Used Avail Use% Mounted on
tmpfs           1.6G  1.7M  1.6G   1% /run
/dev/sda2       468G   12G  433G   3% /
tmpfs           7.7G     0  7.7G   0% /dev/shm
tmpfs           5.0M  4.0K  5.0M   1% /run/lock
efivarfs        150K   86K   60K  60% /sys/firmware/efi/efivars
/dev/sda1       511M  6.1M  505M   2% /boot/efi
tmpfs           1.6G   72K  1.6G   1% /run/user/127
----------------------------------------
2025-02-12 00:11:18
Filesystem      Size  Used Avail Use% Mounted on
tmpfs           1.6G  1.7M  1.6G   1% /run
/dev/sda2       468G   12G  433G   3% /
tmpfs           7.7G     0  7.7G   0% /dev/shm
tmpfs           5.0M  4.0K  5.0M   1% /run/lock
efivarfs        150K   86K   60K  60% /sys/firmware/efi/efivars
/dev/sda1       511M  6.1M  505M   2% /boot/efi
tmpfs           1.6G   72K  1.6G   1% /run/user/127
----------------------------------------
2025-02-12 01:11:18
Filesystem      Size  Used Avail Use% Mounted on
tmpfs           1.6G  1.7M  1.6G   1% /run
/dev/sda2       468G   12G  433G   3% /
tmpfs           7.7G     0  7.7G   0% /dev/shm
tmpfs           5.0M  4.0K  5.0M   1% /run/lock
efivarfs        150K   86K   60K  60% /sys/firmware/efi/efivars
/dev/sda1       511M  6.1M  505M   2% /boot/efi
tmpfs           1.6G   72K  1.6G   1% /run/user/127
----------------------------------------
2025-02-12 02:11:18
Filesystem      Size  Used Avail Use% Mounted on
tmpfs           1.6G  1.7M  1.6G   1% /run
/dev/sda2       468G   12G  433G   3% /
tmpfs           7.7G     0  7.7G   0% /dev/shm
tmpfs           5.0M  4.0K  5.0M   1% /run/lock
efivarfs        150K   86K   60K  60% /sys/firmware/efi/efivars
/dev/sda1       511M  6.1M  505M   2% /boot/efi
tmpfs           1.6G   72K  1.6G   1% /run/user/127
----------------------------------------
2025-02-12 03:11:18
Filesystem      Size  Used Avail Use% Mounted on
tmpfs           1.6G  1.7M  1.6G   1% /run
/dev/sda2       468G   12G  433G   3% /
tmpfs           7.7G     0  7.7G   0% /dev/shm
tmpfs           5.0M  4.0K  5.0M   1% /run/lock
efivarfs        150K   86K   60K  60% /sys/firmware/efi/efivars
/dev/sda1       511M  6.1M  505M   2% /boot/efi
tmpfs           1.6G   72K  1.6G   1% /run/user/127
----------------------------------------
2025-02-12 04:11:18
Filesystem      Size  Used Avail Use% Mounted on
tmpfs           1.6G  1.7M  1.6G   1% /run
/dev/sda2       468G   12G  433G   3% /
tmpfs           7.7G     0  7.7G   0% /dev/shm
tmpfs           5.0M  4.0K  5.0M   1% /run/lock
efivarfs        150K   86K   60K  60% /sys/firmware/efi/efivars
/dev/sda1       511M  6.1M  505M   2% /boot/efi
tmpfs           1.6G   72K  1.6G   1% /run/user/127
----------------------------------------
2025-02-12 05:11:18
Filesystem      Size  Used Avail Use% Mounted on
tmpfs           1.6G  1.7M  1.6G   1% /run
/dev/sda2       468G   12G  433G   3% /
tmpfs           7.7G     0  7.7G   0% /dev/shm
tmpfs           5.0M  4.0K  5.0M   1% /run/lock
efivarfs        150K   86K   60K  60% /sys/firmware/efi/efivars
/dev/sda1       511M  6.1M  505M   2% /boot/efi
tmpfs           1.6G   72K  1.6G   1% /run/user/127
----------------------------------------
2025-02-12 06:11:18
Filesystem      Size  Used Avail Use% Mounted on
tmpfs           1.6G  1.7M  1.6G   1% /run
/dev/sda2       468G   12G  433G   3% /
tmpfs           7.7G     0  7.7G   0% /dev/shm
tmpfs           5.0M  4.0K  5.0M   1% /run/lock
efivarfs        150K   86K   60K  60% /sys/firmware/efi/efivars
/dev/sda1       511M  6.1M  505M   2% /boot/efi
tmpfs           1.6G   72K  1.6G   1% /run/user/127
----------------------------------------
2025-02-12 07:11:18
Filesystem      Size  Used Avail Use% Mounted on
tmpfs           1.6G  1.7M  1.6G   1% /run
/dev/sda2       468G   12G  433G   3% /
tmpfs           7.7G     0  7.7G   0% /dev/shm
tmpfs           5.0M  4.0K  5.0M   1% /run/lock
efivarfs        150K   86K   60K  60% /sys/firmware/efi/efivars
/dev/sda1       511M  6.1M  505M   2% /boot/efi
tmpfs           1.6G   72K  1.6G   1% /run/user/127
----------------------------------------
2025-02-12 08:11:18
Filesystem      Size  Used Avail Use% Mounted on
tmpfs           1.6G  1.7M  1.6G   1% /run
/dev/sda2       468G   12G  433G   3% /
tmpfs           7.7G     0  7.7G   0% /dev/shm
tmpfs           5.0M  4.0K  5.0M   1% /run/lock
efivarfs        150K   86K   60K  60% /sys/firmware/efi/efivars
/dev/sda1       511M  6.1M  505M   2% /boot/efi
tmpfs           1.6G   72K  1.6G   1% /run/user/127
----------------------------------------
2025-02-12 09:11:18
Filesystem      Size  Used Avail Use% Mounted on
tmpfs           1.6G  1.7M  1.6G   1% /run
/dev/sda2       468G   12G  433G   3% /
tmpfs           7.7G     0  7.7G   0% /dev/shm
tmpfs           5.0M  4.0K  5.0M   1% /run/lock
efivarfs        150K   86K   60K  60% /sys/firmware/efi/efivars
/dev/sda1       511M  6.1M  505M   2% /boot/efi
tmpfs           1.6G   72K  1.6G   1% /run/user/127
----------------------------------------
2025-02-12 10:11:18
Filesystem      Size  Used Avail Use% Mounted on
tmpfs           1.6G  1.7M  1.6G   1% /run
/dev/sda2       468G   12G  433G   3% /
tmpfs           7.7G     0  7.7G   0% /dev/shm
tmpfs           5.0M  4.0K  5.0M   1% /run/lock
efivarfs        150K   86K   60K  60% /sys/firmware/efi/efivars
/dev/sda1       511M  6.1M  505M   2% /boot/efi
tmpfs           1.6G   72K  1.6G   1% /run/user/127
----------------------------------------
2025-02-12 11:11:18
Filesystem      Size  Used Avail Use% Mounted on
tmpfs           1.6G  1.7M  1.6G   1% /run
/dev/sda2       468G   12G  433G   3% /
tmpfs           7.7G     0  7.7G   0% /dev/shm
tmpfs           5.0M  4.0K  5.0M   1% /run/lock
efivarfs        150K   86K   60K  60% /sys/firmware/efi/efivars
/dev/sda1       511M  6.1M  505M   2% /boot/efi
tmpfs           1.6G   72K  1.6G   1% /run/user/127
----------------------------------------
2025-02-12 12:11:18
Filesystem      Size  Used Avail Use% Mounted on
tmpfs           1.6G  1.7M  1.6G   1% /run
/dev/sda2       468G   12G  433G   3% /
tmpfs           7.7G     0  7.7G   0% /dev/shm
tmpfs           5.0M  4.0K  5.0M   1% /run/lock
efivarfs        150K   86K   60K  60% /sys/firmware/efi/efivars
/dev/sda1       511M  6.1M  505M   2% /boot/efi
tmpfs           1.6G   72K  1.6G   1% /run/user/127
----------------------------------------
2025-02-12 13:11:18
Filesystem      Size  Used Avail Use% Mounted on
tmpfs           1.6G  1.7M  1.6G   1% /run
/dev/sda2       468G   12G  433G   3% /
tmpfs           7.7G     0  7.7G   0% /dev/shm
tmpfs           5.0M  4.0K  5.0M   1% /run/lock
efivarfs        150K   86K   60K  60% /sys/firmware/efi/efivars
/dev/sda1       511M  6.1M  505M   2% /boot/efi
tmpfs           1.6G   72K  1.6G   1% /run/user/127
----------------------------------------
2025-02-12 14:11:18
Filesystem      Size  Used Avail Use% Mounted on
tmpfs           1.6G  1.7M  1.6G   1% /run
/dev/sda2       468G   12G  433G   3% /
tmpfs           7.7G     0  7.7G   0% /dev/shm
tmpfs           5.0M  4.0K  5.0M   1% /run/lock
efivarfs        150K   86K   60K  60% /sys/firmware/efi/efivars
/dev/sda1       511M  6.1M  505M   2% /boot/efi
tmpfs           1.6G   72K  1.6G   1% /run/user/127
----------------------------------------
2025-02-12 15:11:18
Filesystem      Size  Used Avail Use% Mounted on
tmpfs           1.6G  1.7M  1.6G   1% /run
/dev/sda2       468G   12G  433G   3% /
tmpfs           7.7G     0  7.7G   0% /dev/shm
tmpfs           5.0M  4.0K  5.0M   1% /run/lock
efivarfs        150K   86K   60K  60% /sys/firmware/efi/efivars
/dev/sda1       511M  6.1M  505M   2% /boot/efi
tmpfs           1.6G   72K  1.6G   1% /run/user/127
----------------------------------------
2025-02-12 16:11:18
Filesystem      Size  Used Avail Use% Mounted on
tmpfs           1.6G  1.7M  1.6G   1% /run
/dev/sda2       468G   12G  433G   3% /
tmpfs           7.7G     0  7.7G   0% /dev/shm
tmpfs           5.0M  4.0K  5.0M   1% /run/lock
efivarfs        150K   86K   60K  60% /sys/firmware/efi/efivars
/dev/sda1       511M  6.1M  505M   2% /boot/efi
tmpfs           1.6G   72K  1.6G   1% /run/user/127
----------------------------------------
2025-02-12 17:11:18
Filesystem      Size  Used Avail Use% Mounted on
tmpfs           1.6G  1.7M  1.6G   1% /run
/dev/sda2       468G   12G  433G   3% /
tmpfs           7.7G     0  7.7G   0% /dev/shm
tmpfs           5.0M  4.0K  5.0M   1% /run/lock
efivarfs        150K   86K   60K  60% /sys/firmware/efi/efivars
/dev/sda1       511M  6.1M  505M   2% /boot/efi
tmpfs           1.6G   72K  1.6G   1% /run/user/127
----------------------------------------
2025-02-12 18:11:18
Filesystem      Size  Used Avail Use% Mounted on
tmpfs           1.6G  1.7M  1.6G   1% /run
/dev/sda2       468G   12G  433G   3% /
tmpfs           7.7G     0  7.7G   0% /dev/shm
tmpfs           5.0M  4.0K  5.0M   1% /run/lock
efivarfs        150K   86K   60K  60% /sys/firmware/efi/efivars
/dev/sda1       511M  6.1M  505M   2% /boot/efi
tmpfs           1.6G   72K  1.6G   1% /run/user/127
----------------------------------------
2025-02-12 19:11:18
Filesystem      Size  Used Avail Use% Mounted on
tmpfs           1.6G  1.7M  1.6G   1% /run
/dev/sda2       468G   12G  433G   3% /
tmpfs           7.7G     0  7.7G   0% /dev/shm
tmpfs           5.0M  4.0K  5.0M   1% /run/lock
efivarfs        150K   86K   60K  60% /sys/firmware/efi/efivars
/dev/sda1       511M  6.1M  505M   2% /boot/efi
tmpfs           1.6G   72K  1.6G   1% /run/user/127
----------------------------------------
2025-02-12 20:11:18
Filesystem      Size  Used Avail Use% Mounted on
tmpfs           1.6G  1.7M  1.6G   1% /run
/dev/sda2       468G   12G  433G   3% /
tmpfs           7.7G     0  7.7G   0% /dev/shm
tmpfs           5.0M  4.0K  5.0M   1% /run/lock
efivarfs        150K   86K   60K  60% /sys/firmware/efi/efivars
/dev/sda1       511M  6.1M  505M   2% /boot/efi
tmpfs           1.6G   72K  1.6G   1% /run/user/127
----------------------------------------
2025-02-12 21:11:18
Filesystem      Size  Used Avail Use% Mounted on
tmpfs           1.6G  1.7M  1.6G   1% /run
/dev/sda2       468G   12G  433G   3% /
tmpfs           7.7G     0  7.7G   0% /dev/shm
tmpfs           5.0M  4.0K  5.0M   1% /run/lock
efivarfs        150K   86K   60K  60% /sys/firmware/efi/efivars
/dev/sda1       511M  6.1M  505M   2% /boot/efi
tmpfs           1.6G   72K  1.6G   1% /run/user/127
----------------------------------------
2025-02-12 22:11:18
Filesystem      Size  Used Avail Use% Mounted on
tmpfs           1.6G  1.7M  1.6G   1% /run
/dev/sda2       468G   12G  433G   3% /
tmpfs           7.7G     0  7.7G   0% /dev/shm
tmpfs           5.0M  4.0K  5.0M   1% /run/lock
efivarfs        150K   86K   60K  60% /sys/firmware/efi/efivars
/dev/sda1       511M  6.1M  505M   2% /boot/efi
tmpfs           1.6G   72K  1.6G   1% /run/user/127
----------------------------------------
2025-02-12 23:11:18
Filesystem      Size  Used Avail Use% Mounted on
tmpfs           1.6G  1.7M  1.6G   1% /run
/dev/sda2       468G   12G  433G   3% /
tmpfs           7.7G     0  7.7G   0% /dev/shm
tmpfs           5.0M  4.0K  5.0M   1% /run/lock
efivarfs        150K   86K   60K  60% /sys/firmware/efi/efivars
/dev/sda1       511M  6.1M  505M   2% /boot/efi
tmpfs           1.6G   72K  1.6G   1% /run/user/127
----------------------------------------
2025-02-13 00:11:18
Filesystem      Size  Used Avail Use% Mounted on
tmpfs           1.6G  1.7M  1.6G   1% /run
/dev/sda2       468G   12G  433G   3% /
tmpfs           7.7G     0  7.7G   0% /dev/shm
tmpfs           5.0M  4.0K  5.0M   1% /run/lock
efivarfs        150K   86K   60K  60% /sys/firmware/efi/efivars
/dev/sda1       511M  6.1M  505M   2% /boot/efi
tmpfs           1.6G   72K  1.6G   1% /run/user/127
----------------------------------------
2025-02-13 01:11:18
Filesystem      Size  Used Avail Use% Mounted on
tmpfs           1.6G  1.7M  1.6G   1% /run
/dev/sda2       468G   12G  433G   3% /
tmpfs           7.7G     0  7.7G   0% /dev/shm
tmpfs           5.0M  4.0K  5.0M   1% /run/lock
efivarfs        150K   86K   60K  60% /sys/firmware/efi/efivars
/dev/sda1       511M  6.1M  505M   2% /boot/efi
tmpfs           1.6G   72K  1.6G   1% /run/user/127
----------------------------------------
2025-02-13 02:11:18
Filesystem      Size  Used Avail Use% Mounted on
tmpfs           1.6G  1.7M  1.6G   1% /run
/dev/sda2       468G   12G  433G   3% /
tmpfs           7.7G     0  7.7G   0% /dev/shm
tmpfs           5.0M  4.0K  5.0M   1% /run/lock
efivarfs        150K   86K   60K  60% /sys/firmware/efi/efivars
/dev/sda1       511M  6.1M  505M   2% /boot/efi
tmpfs           1.6G   72K  1.6G   1% /run/user/127
----------------------------------------
2025-02-13 03:11:18
Filesystem      Size  Used Avail Use% Mounted on
tmpfs           1.6G  1.7M  1.6G   1% /run
/dev/sda2       468G   12G  433G   3% /
tmpfs           7.7G     0  7.7G   0% /dev/shm
tmpfs           5.0M  4.0K  5.0M   1% /run/lock
efivarfs        150K   86K   60K  60% /sys/firmware/efi/efivars
/dev/sda1       511M  6.1M  505M   2% /boot/efi
tmpfs           1.6G   72K  1.6G   1% /run/user/127
----------------------------------------
2025-02-13 04:11:18
Filesystem      Size  Used Avail Use% Mounted on
tmpfs           1.6G  1.7M  1.6G   1% /run
/dev/sda2       468G   12G  433G   3% /
tmpfs           7.7G     0  7.7G   0% /dev/shm
tmpfs           5.0M  4.0K  5.0M   1% /run/lock
efivarfs        150K   86K   60K  60% /sys/firmware/efi/efivars
/dev/sda1       511M  6.1M  505M   2% /boot/efi
tmpfs           1.6G   72K  1.6G   1% /run/user/127
----------------------------------------
2025-02-13 05:11:18
Filesystem      Size  Used Avail Use% Mounted on
tmpfs           1.6G  1.7M  1.6G   1% /run
/dev/sda2       468G   12G  433G   3% /
tmpfs           7.7G     0  7.7G   0% /dev/shm
tmpfs           5.0M  4.0K  5.0M   1% /run/lock
efivarfs        150K   86K   60K  60% /sys/firmware/efi/efivars
/dev/sda1       511M  6.1M  505M   2% /boot/efi
tmpfs           1.6G   72K  1.6G   1% /run/user/127
----------------------------------------
2025-02-13 06:11:18
Filesystem      Size  Used Avail Use% Mounted on
tmpfs           1.6G  1.7M  1.6G   1% /run
/dev/sda2       468G   12G  433G   3% /
tmpfs           7.7G     0  7.7G   0% /dev/shm
tmpfs           5.0M  4.0K  5.0M   1% /run/lock
efivarfs        150K   86K   60K  60% /sys/firmware/efi/efivars
/dev/sda1       511M  6.1M  505M   2% /boot/efi
tmpfs           1.6G   72K  1.6G   1% /run/user/127
----------------------------------------
2025-02-13 07:11:18
Filesystem      Size  Used Avail Use% Mounted on
tmpfs           1.6G  1.7M  1.6G   1% /run
/dev/sda2       468G   12G  433G   3% /
tmpfs           7.7G     0  7.7G   0% /dev/shm
tmpfs           5.0M  4.0K  5.0M   1% /run/lock
efivarfs        150K   86K   60K  60% /sys/firmware/efi/efivars
/dev/sda1       511M  6.1M  505M   2% /boot/efi
tmpfs           1.6G   72K  1.6G   1% /run/user/127
----------------------------------------
2025-02-13 08:11:18
Filesystem      Size  Used Avail Use% Mounted on
tmpfs           1.6G  1.7M  1.6G   1% /run
/dev/sda2       468G   12G  433G   3% /
tmpfs           7.7G     0  7.7G   0% /dev/shm
tmpfs           5.0M  4.0K  5.0M   1% /run/lock
efivarfs        150K   86K   60K  60% /sys/firmware/efi/efivars
/dev/sda1       511M  6.1M  505M   2% /boot/efi
tmpfs           1.6G   72K  1.6G   1% /run/user/127
----------------------------------------
2025-02-13 09:11:18
Filesystem      Size  Used Avail Use% Mounted on
tmpfs           1.6G  1.7M  1.6G   1% /run
/dev/sda2       468G   12G  433G   3% /
tmpfs           7.7G     0  7.7G   0% /dev/shm
tmpfs           5.0M  4.0K  5.0M   1% /run/lock
efivarfs        150K   86K   60K  60% /sys/firmware/efi/efivars
/dev/sda1       511M  6.1M  505M   2% /boot/efi
tmpfs           1.6G   72K  1.6G   1% /run/user/127
----------------------------------------
2025-02-13 10:11:18
Filesystem      Size  Used Avail Use% Mounted on
tmpfs           1.6G  1.7M  1.6G   1% /run
/dev/sda2       468G   12G  433G   3% /
tmpfs           7.7G     0  7.7G   0% /dev/shm
tmpfs           5.0M  4.0K  5.0M   1% /run/lock
efivarfs        150K   86K   60K  60% /sys/firmware/efi/efivars
/dev/sda1       511M  6.1M  505M   2% /boot/efi
tmpfs           1.6G   72K  1.6G   1% /run/user/127
----------------------------------------
2025-02-13 11:11:18
Filesystem      Size  Used Avail Use% Mounted on
tmpfs           1.6G  1.7M  1.6G   1% /run
/dev/sda2       468G   12G  433G   3% /
tmpfs           7.7G     0  7.7G   0% /dev/shm
tmpfs           5.0M  4.0K  5.0M   1% /run/lock
efivarfs        150K   86K   60K  60% /sys/firmware/efi/efivars
/dev/sda1       511M  6.1M  505M   2% /boot/efi
tmpfs           1.6G   72K  1.6G   1% /run/user/127
----------------------------------------
2025-02-13 12:11:18
Filesystem      Size  Used Avail Use% Mounted on
tmpfs           1.6G  1.7M  1.6G   1% /run
/dev/sda2       468G   12G  433G   3% /
tmpfs           7.7G     0  7.7G   0% /dev/shm
tmpfs           5.0M  4.0K  5.0M   1% /run/lock
efivarfs        150K   86K   60K  60% /sys/firmware/efi/efivars
/dev/sda1       511M  6.1M  505M   2% /boot/efi
tmpfs           1.6G   72K  1.6G   1% /run/user/127
----------------------------------------
2025-02-13 13:11:18
Filesystem      Size  Used Avail Use% Mounted on
tmpfs           1.6G  1.7M  1.6G   1% /run
/dev/sda2       468G   12G  433G   3% /
tmpfs           7.7G     0  7.7G   0% /dev/shm
tmpfs           5.0M  4.0K  5.0M   1% /run/lock
efivarfs        150K   86K   60K  60% /sys/firmware/efi/efivars
/dev/sda1       511M  6.1M  505M   2% /boot/efi
tmpfs           1.6G   72K  1.6G   1% /run/user/127
----------------------------------------
2025-02-13 14:11:18
Filesystem      Size  Used Avail Use% Mounted on
tmpfs           1.6G  1.7M  1.6G   1% /run
/dev/sda2       468G   12G  433G   3% /
tmpfs           7.7G     0  7.7G   0% /dev/shm
tmpfs           5.0M  4.0K  5.0M   1% /run/lock
efivarfs        150K   86K   60K  60% /sys/firmware/efi/efivars
/dev/sda1       511M  6.1M  505M   2% /boot/efi
tmpfs           1.6G   72K  1.6G   1% /run/user/127
----------------------------------------
2025-02-13 15:11:18
Filesystem      Size  Used Avail Use% Mounted on
tmpfs           1.6G  1.7M  1.6G   1% /run
/dev/sda2       468G   12G  433G   3% /
tmpfs           7.7G     0  7.7G   0% /dev/shm
tmpfs           5.0M  4.0K  5.0M   1% /run/lock
efivarfs        150K   86K   60K  60% /sys/firmware/efi/efivars
/dev/sda1       511M  6.1M  505M   2% /boot/efi
tmpfs           1.6G   72K  1.6G   1% /run/user/127
----------------------------------------
2025-02-13 16:11:18
Filesystem      Size  Used Avail Use% Mounted on
tmpfs           1.6G  1.7M  1.6G   1% /run
/dev/sda2       468G   12G  433G   3% /
tmpfs           7.7G     0  7.7G   0% /dev/shm
tmpfs           5.0M  4.0K  5.0M   1% /run/lock
efivarfs        150K   86K   60K  60% /sys/firmware/efi/efivars
/dev/sda1       511M  6.1M  505M   2% /boot/efi
tmpfs           1.6G   72K  1.6G   1% /run/user/127
----------------------------------------
2025-02-13 17:11:18
Filesystem      Size  Used Avail Use% Mounted on
tmpfs           1.6G  1.7M  1.6G   1% /run
/dev/sda2       468G   12G  433G   3% /
tmpfs           7.7G     0  7.7G   0% /dev/shm
tmpfs           5.0M  4.0K  5.0M   1% /run/lock
efivarfs        150K   86K   60K  60% /sys/firmware/efi/efivars
/dev/sda1       511M  6.1M  505M   2% /boot/efi
tmpfs           1.6G   72K  1.6G   1% /run/user/127
----------------------------------------
2025-02-13 18:11:18
Filesystem      Size  Used Avail Use% Mounted on
tmpfs           1.6G  1.7M  1.6G   1% /run
/dev/sda2       468G   12G  433G   3% /
tmpfs           7.7G     0  7.7G   0% /dev/shm
tmpfs           5.0M  4.0K  5.0M   1% /run/lock
efivarfs        150K   86K   60K  60% /sys/firmware/efi/efivars
/dev/sda1       511M  6.1M  505M   2% /boot/efi
tmpfs           1.6G   72K  1.6G   1% /run/user/127
----------------------------------------
2025-02-13 19:11:18
Filesystem      Size  Used Avail Use% Mounted on
tmpfs           1.6G  1.7M  1.6G   1% /run
/dev/sda2       468G   12G  433G   3% /
tmpfs           7.7G     0  7.7G   0% /dev/shm
tmpfs           5.0M  4.0K  5.0M   1% /run/lock
efivarfs        150K   86K   60K  60% /sys/firmware/efi/efivars
/dev/sda1       511M  6.1M  505M   2% /boot/efi
tmpfs           1.6G   72K  1.6G   1% /run/user/127
----------------------------------------
2025-02-13 20:11:19
Filesystem      Size  Used Avail Use% Mounted on
tmpfs           1.6G  1.7M  1.6G   1% /run
/dev/sda2       468G   12G  433G   3% /
tmpfs           7.7G     0  7.7G   0% /dev/shm
tmpfs           5.0M  4.0K  5.0M   1% /run/lock
efivarfs        150K   86K   60K  60% /sys/firmware/efi/efivars
/dev/sda1       511M  6.1M  505M   2% /boot/efi
tmpfs           1.6G   72K  1.6G   1% /run/user/127
----------------------------------------
2025-02-13 21:11:19
Filesystem      Size  Used Avail Use% Mounted on
tmpfs           1.6G  1.7M  1.6G   1% /run
/dev/sda2       468G   12G  433G   3% /
tmpfs           7.7G     0  7.7G   0% /dev/shm
tmpfs           5.0M  4.0K  5.0M   1% /run/lock
efivarfs        150K   86K   60K  60% /sys/firmware/efi/efivars
/dev/sda1       511M  6.1M  505M   2% /boot/efi
tmpfs           1.6G   72K  1.6G   1% /run/user/127
----------------------------------------
2025-02-13 22:11:19
Filesystem      Size  Used Avail Use% Mounted on
tmpfs           1.6G  1.7M  1.6G   1% /run
/dev/sda2       468G   12G  433G   3% /
tmpfs           7.7G     0  7.7G   0% /dev/shm
tmpfs           5.0M  4.0K  5.0M   1% /run/lock
efivarfs        150K   86K   60K  60% /sys/firmware/efi/efivars
/dev/sda1       511M  6.1M  505M   2% /boot/efi
tmpfs           1.6G   72K  1.6G   1% /run/user/127
----------------------------------------
2025-02-13 23:11:19
Filesystem      Size  Used Avail Use% Mounted on
tmpfs           1.6G  1.7M  1.6G   1% /run
/dev/sda2       468G   12G  433G   3% /
tmpfs           7.7G     0  7.7G   0% /dev/shm
tmpfs           5.0M  4.0K  5.0M   1% /run/lock
efivarfs        150K   86K   60K  60% /sys/firmware/efi/efivars
/dev/sda1       511M  6.1M  505M   2% /boot/efi
tmpfs           1.6G   72K  1.6G   1% /run/user/127
----------------------------------------
2025-02-14 00:11:19
Filesystem      Size  Used Avail Use% Mounted on
tmpfs           1.6G  1.7M  1.6G   1% /run
/dev/sda2       468G   12G  433G   3% /
tmpfs           7.7G     0  7.7G   0% /dev/shm
tmpfs           5.0M  4.0K  5.0M   1% /run/lock
efivarfs        150K   86K   60K  60% /sys/firmware/efi/efivars
/dev/sda1       511M  6.1M  505M   2% /boot/efi
tmpfs           1.6G   72K  1.6G   1% /run/user/127
----------------------------------------
2025-02-14 01:11:19
Filesystem      Size  Used Avail Use% Mounted on
tmpfs           1.6G  1.7M  1.6G   1% /run
/dev/sda2       468G   12G  433G   3% /
tmpfs           7.7G     0  7.7G   0% /dev/shm
tmpfs           5.0M  4.0K  5.0M   1% /run/lock
efivarfs        150K   86K   60K  60% /sys/firmware/efi/efivars
/dev/sda1       511M  6.1M  505M   2% /boot/efi
tmpfs           1.6G   72K  1.6G   1% /run/user/127
----------------------------------------
2025-02-14 02:11:19
Filesystem      Size  Used Avail Use% Mounted on
tmpfs           1.6G  1.7M  1.6G   1% /run
/dev/sda2       468G   12G  433G   3% /
tmpfs           7.7G     0  7.7G   0% /dev/shm
tmpfs           5.0M  4.0K  5.0M   1% /run/lock
efivarfs        150K   86K   60K  60% /sys/firmware/efi/efivars
/dev/sda1       511M  6.1M  505M   2% /boot/efi
tmpfs           1.6G   72K  1.6G   1% /run/user/127
----------------------------------------
2025-02-14 03:11:19
Filesystem      Size  Used Avail Use% Mounted on
tmpfs           1.6G  1.7M  1.6G   1% /run
/dev/sda2       468G   12G  433G   3% /
tmpfs           7.7G     0  7.7G   0% /dev/shm
tmpfs           5.0M  4.0K  5.0M   1% /run/lock
efivarfs        150K   86K   60K  60% /sys/firmware/efi/efivars
/dev/sda1       511M  6.1M  505M   2% /boot/efi
tmpfs           1.6G   72K  1.6G   1% /run/user/127
----------------------------------------
2025-02-14 04:11:19
Filesystem      Size  Used Avail Use% Mounted on
tmpfs           1.6G  1.7M  1.6G   1% /run
/dev/sda2       468G   12G  433G   3% /
tmpfs           7.7G     0  7.7G   0% /dev/shm
tmpfs           5.0M  4.0K  5.0M   1% /run/lock
efivarfs        150K   86K   60K  60% /sys/firmware/efi/efivars
/dev/sda1       511M  6.1M  505M   2% /boot/efi
tmpfs           1.6G   72K  1.6G   1% /run/user/127
----------------------------------------
2025-02-14 05:11:19
Filesystem      Size  Used Avail Use% Mounted on
tmpfs           1.6G  1.7M  1.6G   1% /run
/dev/sda2       468G   12G  433G   3% /
tmpfs           7.7G     0  7.7G   0% /dev/shm
tmpfs           5.0M  4.0K  5.0M   1% /run/lock
efivarfs        150K   86K   60K  60% /sys/firmware/efi/efivars
/dev/sda1       511M  6.1M  505M   2% /boot/efi
tmpfs           1.6G   72K  1.6G   1% /run/user/127
----------------------------------------
2025-02-14 06:11:19
Filesystem      Size  Used Avail Use% Mounted on
tmpfs           1.6G  1.7M  1.6G   1% /run
/dev/sda2       468G   12G  433G   3% /
tmpfs           7.7G     0  7.7G   0% /dev/shm
tmpfs           5.0M  4.0K  5.0M   1% /run/lock
efivarfs        150K   86K   60K  60% /sys/firmware/efi/efivars
/dev/sda1       511M  6.1M  505M   2% /boot/efi
tmpfs           1.6G   72K  1.6G   1% /run/user/127
----------------------------------------
2025-02-14 07:11:19
Filesystem      Size  Used Avail Use% Mounted on
tmpfs           1.6G  1.7M  1.6G   1% /run
/dev/sda2       468G   12G  433G   3% /
tmpfs           7.7G     0  7.7G   0% /dev/shm
tmpfs           5.0M  4.0K  5.0M   1% /run/lock
efivarfs        150K   86K   60K  60% /sys/firmware/efi/efivars
/dev/sda1       511M  6.1M  505M   2% /boot/efi
tmpfs           1.6G   72K  1.6G   1% /run/user/127
----------------------------------------
2025-02-14 08:11:19
Filesystem      Size  Used Avail Use% Mounted on
tmpfs           1.6G  1.7M  1.6G   1% /run
/dev/sda2       468G   12G  433G   3% /
tmpfs           7.7G     0  7.7G   0% /dev/shm
tmpfs           5.0M  4.0K  5.0M   1% /run/lock
efivarfs        150K   86K   60K  60% /sys/firmware/efi/efivars
/dev/sda1       511M  6.1M  505M   2% /boot/efi
tmpfs           1.6G   72K  1.6G   1% /run/user/127
----------------------------------------
2025-02-14 09:11:19
Filesystem      Size  Used Avail Use% Mounted on
tmpfs           1.6G  1.7M  1.6G   1% /run
/dev/sda2       468G   12G  433G   3% /
tmpfs           7.7G     0  7.7G   0% /dev/shm
tmpfs           5.0M  4.0K  5.0M   1% /run/lock
efivarfs        150K   86K   60K  60% /sys/firmware/efi/efivars
/dev/sda1       511M  6.1M  505M   2% /boot/efi
tmpfs           1.6G   72K  1.6G   1% /run/user/127
----------------------------------------
2025-02-14 10:11:19
Filesystem      Size  Used Avail Use% Mounted on
tmpfs           1.6G  1.7M  1.6G   1% /run
/dev/sda2       468G   12G  433G   3% /
tmpfs           7.7G     0  7.7G   0% /dev/shm
tmpfs           5.0M  4.0K  5.0M   1% /run/lock
efivarfs        150K   86K   60K  60% /sys/firmware/efi/efivars
/dev/sda1       511M  6.1M  505M   2% /boot/efi
tmpfs           1.6G   72K  1.6G   1% /run/user/127
----------------------------------------
2025-02-14 11:11:19
Filesystem      Size  Used Avail Use% Mounted on
tmpfs           1.6G  1.7M  1.6G   1% /run
/dev/sda2       468G   12G  433G   3% /
tmpfs           7.7G     0  7.7G   0% /dev/shm
tmpfs           5.0M  4.0K  5.0M   1% /run/lock
efivarfs        150K   86K   60K  60% /sys/firmware/efi/efivars
/dev/sda1       511M  6.1M  505M   2% /boot/efi
tmpfs           1.6G   72K  1.6G   1% /run/user/127
----------------------------------------
2025-02-14 12:11:19
Filesystem      Size  Used Avail Use% Mounted on
tmpfs           1.6G  1.7M  1.6G   1% /run
/dev/sda2       468G   12G  433G   3% /
tmpfs           7.7G     0  7.7G   0% /dev/shm
tmpfs           5.0M  4.0K  5.0M   1% /run/lock
efivarfs        150K   86K   60K  60% /sys/firmware/efi/efivars
/dev/sda1       511M  6.1M  505M   2% /boot/efi
tmpfs           1.6G   72K  1.6G   1% /run/user/127
----------------------------------------
2025-02-14 13:11:19
Filesystem      Size  Used Avail Use% Mounted on
tmpfs           1.6G  1.7M  1.6G   1% /run
/dev/sda2       468G   12G  433G   3% /
tmpfs           7.7G     0  7.7G   0% /dev/shm
tmpfs           5.0M  4.0K  5.0M   1% /run/lock
efivarfs        150K   86K   60K  60% /sys/firmware/efi/efivars
/dev/sda1       511M  6.1M  505M   2% /boot/efi
tmpfs           1.6G   72K  1.6G   1% /run/user/127
----------------------------------------
2025-02-14 14:11:19
Filesystem      Size  Used Avail Use% Mounted on
tmpfs           1.6G  1.7M  1.6G   1% /run
/dev/sda2       468G   12G  433G   3% /
tmpfs           7.7G     0  7.7G   0% /dev/shm
tmpfs           5.0M  4.0K  5.0M   1% /run/lock
efivarfs        150K   86K   60K  60% /sys/firmware/efi/efivars
/dev/sda1       511M  6.1M  505M   2% /boot/efi
tmpfs           1.6G   72K  1.6G   1% /run/user/127
----------------------------------------
2025-02-14 15:11:19
Filesystem      Size  Used Avail Use% Mounted on
tmpfs           1.6G  1.7M  1.6G   1% /run
/dev/sda2       468G   12G  433G   3% /
tmpfs           7.7G     0  7.7G   0% /dev/shm
tmpfs           5.0M  4.0K  5.0M   1% /run/lock
efivarfs        150K   86K   60K  60% /sys/firmware/efi/efivars
/dev/sda1       511M  6.1M  505M   2% /boot/efi
tmpfs           1.6G   72K  1.6G   1% /run/user/127
----------------------------------------
2025-02-14 16:11:19
Filesystem      Size  Used Avail Use% Mounted on
tmpfs           1.6G  1.7M  1.6G   1% /run
/dev/sda2       468G   12G  433G   3% /
tmpfs           7.7G     0  7.7G   0% /dev/shm
tmpfs           5.0M  4.0K  5.0M   1% /run/lock
efivarfs        150K   86K   60K  60% /sys/firmware/efi/efivars
/dev/sda1       511M  6.1M  505M   2% /boot/efi
tmpfs           1.6G   72K  1.6G   1% /run/user/127
----------------------------------------
2025-02-14 17:11:19
Filesystem      Size  Used Avail Use% Mounted on
tmpfs           1.6G  1.7M  1.6G   1% /run
/dev/sda2       468G   12G  433G   3% /
tmpfs           7.7G     0  7.7G   0% /dev/shm
tmpfs           5.0M  4.0K  5.0M   1% /run/lock
efivarfs        150K   86K   60K  60% /sys/firmware/efi/efivars
/dev/sda1       511M  6.1M  505M   2% /boot/efi
tmpfs           1.6G   72K  1.6G   1% /run/user/127
----------------------------------------
2025-02-14 18:11:19
Filesystem      Size  Used Avail Use% Mounted on
tmpfs           1.6G  1.7M  1.6G   1% /run
/dev/sda2       468G   12G  433G   3% /
tmpfs           7.7G     0  7.7G   0% /dev/shm
tmpfs           5.0M  4.0K  5.0M   1% /run/lock
efivarfs        150K   86K   60K  60% /sys/firmware/efi/efivars
/dev/sda1       511M  6.1M  505M   2% /boot/efi
tmpfs           1.6G   72K  1.6G   1% /run/user/127
----------------------------------------
2025-02-14 19:11:19
Filesystem      Size  Used Avail Use% Mounted on
tmpfs           1.6G  1.7M  1.6G   1% /run
/dev/sda2       468G   12G  433G   3% /
tmpfs           7.7G     0  7.7G   0% /dev/shm
tmpfs           5.0M  4.0K  5.0M   1% /run/lock
efivarfs        150K   86K   60K  60% /sys/firmware/efi/efivars
/dev/sda1       511M  6.1M  505M   2% /boot/efi
tmpfs           1.6G   72K  1.6G   1% /run/user/127
----------------------------------------
2025-02-14 20:11:19
Filesystem      Size  Used Avail Use% Mounted on
tmpfs           1.6G  1.7M  1.6G   1% /run
/dev/sda2       468G   12G  433G   3% /
tmpfs           7.7G     0  7.7G   0% /dev/shm
tmpfs           5.0M  4.0K  5.0M   1% /run/lock
efivarfs        150K   86K   60K  60% /sys/firmware/efi/efivars
/dev/sda1       511M  6.1M  505M   2% /boot/efi
tmpfs           1.6G   72K  1.6G   1% /run/user/127
----------------------------------------
2025-02-14 21:11:19
Filesystem      Size  Used Avail Use% Mounted on
tmpfs           1.6G  1.7M  1.6G   1% /run
/dev/sda2       468G   12G  433G   3% /
tmpfs           7.7G     0  7.7G   0% /dev/shm
tmpfs           5.0M  4.0K  5.0M   1% /run/lock
efivarfs        150K   86K   60K  60% /sys/firmware/efi/efivars
/dev/sda1       511M  6.1M  505M   2% /boot/efi
tmpfs           1.6G   72K  1.6G   1% /run/user/127
----------------------------------------
2025-02-14 22:11:19
Filesystem      Size  Used Avail Use% Mounted on
tmpfs           1.6G  1.7M  1.6G   1% /run
/dev/sda2       468G   12G  433G   3% /
tmpfs           7.7G     0  7.7G   0% /dev/shm
tmpfs           5.0M  4.0K  5.0M   1% /run/lock
efivarfs        150K   86K   60K  60% /sys/firmware/efi/efivars
/dev/sda1       511M  6.1M  505M   2% /boot/efi
tmpfs           1.6G   72K  1.6G   1% /run/user/127
----------------------------------------
2025-02-14 23:11:19
Filesystem      Size  Used Avail Use% Mounted on
tmpfs           1.6G  1.7M  1.6G   1% /run
/dev/sda2       468G   12G  433G   3% /
tmpfs           7.7G     0  7.7G   0% /dev/shm
tmpfs           5.0M  4.0K  5.0M   1% /run/lock
efivarfs        150K   86K   60K  60% /sys/firmware/efi/efivars
/dev/sda1       511M  6.1M  505M   2% /boot/efi
tmpfs           1.6G   72K  1.6G   1% /run/user/127
----------------------------------------
2025-02-15 00:11:19
Filesystem      Size  Used Avail Use% Mounted on
tmpfs           1.6G  1.7M  1.6G   1% /run
/dev/sda2       468G   12G  433G   3% /
tmpfs           7.7G     0  7.7G   0% /dev/shm
tmpfs           5.0M  4.0K  5.0M   1% /run/lock
efivarfs        150K   86K   60K  60% /sys/firmware/efi/efivars
/dev/sda1       511M  6.1M  505M   2% /boot/efi
tmpfs           1.6G   72K  1.6G   1% /run/user/127
----------------------------------------
2025-02-15 01:11:19
Filesystem      Size  Used Avail Use% Mounted on
tmpfs           1.6G  1.7M  1.6G   1% /run
/dev/sda2       468G   12G  433G   3% /
tmpfs           7.7G     0  7.7G   0% /dev/shm
tmpfs           5.0M  4.0K  5.0M   1% /run/lock
efivarfs        150K   86K   60K  60% /sys/firmware/efi/efivars
/dev/sda1       511M  6.1M  505M   2% /boot/efi
tmpfs           1.6G   72K  1.6G   1% /run/user/127
----------------------------------------
2025-02-15 02:11:19
Filesystem      Size  Used Avail Use% Mounted on
tmpfs           1.6G  1.7M  1.6G   1% /run
/dev/sda2       468G   12G  433G   3% /
tmpfs           7.7G     0  7.7G   0% /dev/shm
tmpfs           5.0M  4.0K  5.0M   1% /run/lock
efivarfs        150K   86K   60K  60% /sys/firmware/efi/efivars
/dev/sda1       511M  6.1M  505M   2% /boot/efi
tmpfs           1.6G   72K  1.6G   1% /run/user/127
----------------------------------------
2025-02-15 03:11:19
Filesystem      Size  Used Avail Use% Mounted on
tmpfs           1.6G  1.7M  1.6G   1% /run
/dev/sda2       468G   12G  433G   3% /
tmpfs           7.7G     0  7.7G   0% /dev/shm
tmpfs           5.0M  4.0K  5.0M   1% /run/lock
efivarfs        150K   86K   60K  60% /sys/firmware/efi/efivars
/dev/sda1       511M  6.1M  505M   2% /boot/efi
tmpfs           1.6G   72K  1.6G   1% /run/user/127
----------------------------------------
2025-02-15 04:11:19
Filesystem      Size  Used Avail Use% Mounted on
tmpfs           1.6G  1.7M  1.6G   1% /run
/dev/sda2       468G   12G  433G   3% /
tmpfs           7.7G     0  7.7G   0% /dev/shm
tmpfs           5.0M  4.0K  5.0M   1% /run/lock
efivarfs        150K   86K   60K  60% /sys/firmware/efi/efivars
/dev/sda1       511M  6.1M  505M   2% /boot/efi
tmpfs           1.6G   72K  1.6G   1% /run/user/127
----------------------------------------
2025-02-15 05:11:19
Filesystem      Size  Used Avail Use% Mounted on
tmpfs           1.6G  1.7M  1.6G   1% /run
/dev/sda2       468G   12G  433G   3% /
tmpfs           7.7G     0  7.7G   0% /dev/shm
tmpfs           5.0M  4.0K  5.0M   1% /run/lock
efivarfs        150K   86K   60K  60% /sys/firmware/efi/efivars
/dev/sda1       511M  6.1M  505M   2% /boot/efi
tmpfs           1.6G   72K  1.6G   1% /run/user/127
----------------------------------------
2025-02-15 06:11:19
Filesystem      Size  Used Avail Use% Mounted on
tmpfs           1.6G  1.7M  1.6G   1% /run
/dev/sda2       468G   12G  433G   3% /
tmpfs           7.7G     0  7.7G   0% /dev/shm
tmpfs           5.0M  4.0K  5.0M   1% /run/lock
efivarfs        150K   86K   60K  60% /sys/firmware/efi/efivars
/dev/sda1       511M  6.1M  505M   2% /boot/efi
tmpfs           1.6G   72K  1.6G   1% /run/user/127
----------------------------------------
2025-02-15 07:11:19
Filesystem      Size  Used Avail Use% Mounted on
tmpfs           1.6G  1.7M  1.6G   1% /run
/dev/sda2       468G   12G  433G   3% /
tmpfs           7.7G     0  7.7G   0% /dev/shm
tmpfs           5.0M  4.0K  5.0M   1% /run/lock
efivarfs        150K   86K   60K  60% /sys/firmware/efi/efivars
/dev/sda1       511M  6.1M  505M   2% /boot/efi
tmpfs           1.6G   72K  1.6G   1% /run/user/127
----------------------------------------
2025-02-15 08:11:19
Filesystem      Size  Used Avail Use% Mounted on
tmpfs           1.6G  1.7M  1.6G   1% /run
/dev/sda2       468G   12G  433G   3% /
tmpfs           7.7G     0  7.7G   0% /dev/shm
tmpfs           5.0M  4.0K  5.0M   1% /run/lock
efivarfs        150K   86K   60K  60% /sys/firmware/efi/efivars
/dev/sda1       511M  6.1M  505M   2% /boot/efi
tmpfs           1.6G   72K  1.6G   1% /run/user/127
----------------------------------------
2025-02-15 09:11:19
Filesystem      Size  Used Avail Use% Mounted on
tmpfs           1.6G  1.7M  1.6G   1% /run
/dev/sda2       468G   12G  433G   3% /
tmpfs           7.7G     0  7.7G   0% /dev/shm
tmpfs           5.0M  4.0K  5.0M   1% /run/lock
efivarfs        150K   86K   60K  60% /sys/firmware/efi/efivars
/dev/sda1       511M  6.1M  505M   2% /boot/efi
tmpfs           1.6G   72K  1.6G   1% /run/user/127
----------------------------------------
2025-02-15 10:11:19
Filesystem      Size  Used Avail Use% Mounted on
tmpfs           1.6G  1.7M  1.6G   1% /run
/dev/sda2       468G   12G  433G   3% /
tmpfs           7.7G     0  7.7G   0% /dev/shm
tmpfs           5.0M  4.0K  5.0M   1% /run/lock
efivarfs        150K   86K   60K  60% /sys/firmware/efi/efivars
/dev/sda1       511M  6.1M  505M   2% /boot/efi
tmpfs           1.6G   72K  1.6G   1% /run/user/127
----------------------------------------
2025-02-15 11:11:19
Filesystem      Size  Used Avail Use% Mounted on
tmpfs           1.6G  1.7M  1.6G   1% /run
/dev/sda2       468G   12G  433G   3% /
tmpfs           7.7G     0  7.7G   0% /dev/shm
tmpfs           5.0M  4.0K  5.0M   1% /run/lock
efivarfs        150K   86K   60K  60% /sys/firmware/efi/efivars
/dev/sda1       511M  6.1M  505M   2% /boot/efi
tmpfs           1.6G   72K  1.6G   1% /run/user/127
----------------------------------------
2025-02-15 12:11:19
Filesystem      Size  Used Avail Use% Mounted on
tmpfs           1.6G  1.7M  1.6G   1% /run
/dev/sda2       468G   12G  433G   3% /
tmpfs           7.7G     0  7.7G   0% /dev/shm
tmpfs           5.0M  4.0K  5.0M   1% /run/lock
efivarfs        150K   86K   60K  60% /sys/firmware/efi/efivars
/dev/sda1       511M  6.1M  505M   2% /boot/efi
tmpfs           1.6G   72K  1.6G   1% /run/user/127
----------------------------------------
2025-02-15 13:11:19
Filesystem      Size  Used Avail Use% Mounted on
tmpfs           1.6G  1.7M  1.6G   1% /run
/dev/sda2       468G   12G  433G   3% /
tmpfs           7.7G     0  7.7G   0% /dev/shm
tmpfs           5.0M  4.0K  5.0M   1% /run/lock
efivarfs        150K   86K   60K  60% /sys/firmware/efi/efivars
/dev/sda1       511M  6.1M  505M   2% /boot/efi
tmpfs           1.6G   72K  1.6G   1% /run/user/127
----------------------------------------
2025-02-15 14:11:19
Filesystem      Size  Used Avail Use% Mounted on
tmpfs           1.6G  1.7M  1.6G   1% /run
/dev/sda2       468G   12G  433G   3% /
tmpfs           7.7G     0  7.7G   0% /dev/shm
tmpfs           5.0M  4.0K  5.0M   1% /run/lock
efivarfs        150K   86K   60K  60% /sys/firmware/efi/efivars
/dev/sda1       511M  6.1M  505M   2% /boot/efi
tmpfs           1.6G   72K  1.6G   1% /run/user/127
----------------------------------------
2025-02-15 15:11:19
Filesystem      Size  Used Avail Use% Mounted on
tmpfs           1.6G  1.7M  1.6G   1% /run
/dev/sda2       468G   12G  433G   3% /
tmpfs           7.7G     0  7.7G   0% /dev/shm
tmpfs           5.0M  4.0K  5.0M   1% /run/lock
efivarfs        150K   86K   60K  60% /sys/firmware/efi/efivars
/dev/sda1       511M  6.1M  505M   2% /boot/efi
tmpfs           1.6G   72K  1.6G   1% /run/user/127
----------------------------------------
2025-02-15 16:11:19
Filesystem      Size  Used Avail Use% Mounted on
tmpfs           1.6G  1.7M  1.6G   1% /run
/dev/sda2       468G   12G  433G   3% /
tmpfs           7.7G     0  7.7G   0% /dev/shm
tmpfs           5.0M  4.0K  5.0M   1% /run/lock
efivarfs        150K   86K   60K  60% /sys/firmware/efi/efivars
/dev/sda1       511M  6.1M  505M   2% /boot/efi
tmpfs           1.6G   72K  1.6G   1% /run/user/127
----------------------------------------
2025-02-15 17:11:19
Filesystem      Size  Used Avail Use% Mounted on
tmpfs           1.6G  1.7M  1.6G   1% /run
/dev/sda2       468G   12G  433G   3% /
tmpfs           7.7G     0  7.7G   0% /dev/shm
tmpfs           5.0M  4.0K  5.0M   1% /run/lock
efivarfs        150K   86K   60K  60% /sys/firmware/efi/efivars
/dev/sda1       511M  6.1M  505M   2% /boot/efi
tmpfs           1.6G   72K  1.6G   1% /run/user/127
----------------------------------------
2025-02-15 18:11:19
Filesystem      Size  Used Avail Use% Mounted on
tmpfs           1.6G  1.7M  1.6G   1% /run
/dev/sda2       468G   12G  433G   3% /
tmpfs           7.7G     0  7.7G   0% /dev/shm
tmpfs           5.0M  4.0K  5.0M   1% /run/lock
efivarfs        150K   86K   60K  60% /sys/firmware/efi/efivars
/dev/sda1       511M  6.1M  505M   2% /boot/efi
tmpfs           1.6G   72K  1.6G   1% /run/user/127
----------------------------------------
2025-02-15 19:11:19
Filesystem      Size  Used Avail Use% Mounted on
tmpfs           1.6G  1.7M  1.6G   1% /run
/dev/sda2       468G   12G  433G   3% /
tmpfs           7.7G     0  7.7G   0% /dev/shm
tmpfs           5.0M  4.0K  5.0M   1% /run/lock
efivarfs        150K   86K   60K  60% /sys/firmware/efi/efivars
/dev/sda1       511M  6.1M  505M   2% /boot/efi
tmpfs           1.6G   72K  1.6G   1% /run/user/127
----------------------------------------
2025-02-15 20:11:19
Filesystem      Size  Used Avail Use% Mounted on
tmpfs           1.6G  1.7M  1.6G   1% /run
/dev/sda2       468G   12G  433G   3% /
tmpfs           7.7G     0  7.7G   0% /dev/shm
tmpfs           5.0M  4.0K  5.0M   1% /run/lock
efivarfs        150K   86K   60K  60% /sys/firmware/efi/efivars
/dev/sda1       511M  6.1M  505M   2% /boot/efi
tmpfs           1.6G   72K  1.6G   1% /run/user/127
----------------------------------------
2025-02-15 21:11:19
Filesystem      Size  Used Avail Use% Mounted on
tmpfs           1.6G  1.7M  1.6G   1% /run
/dev/sda2       468G   12G  433G   3% /
tmpfs           7.7G     0  7.7G   0% /dev/shm
tmpfs           5.0M  4.0K  5.0M   1% /run/lock
efivarfs        150K   86K   60K  60% /sys/firmware/efi/efivars
/dev/sda1       511M  6.1M  505M   2% /boot/efi
tmpfs           1.6G   72K  1.6G   1% /run/user/127
----------------------------------------
2025-02-15 22:11:19
Filesystem      Size  Used Avail Use% Mounted on
tmpfs           1.6G  1.7M  1.6G   1% /run
/dev/sda2       468G   12G  433G   3% /
tmpfs           7.7G     0  7.7G   0% /dev/shm
tmpfs           5.0M  4.0K  5.0M   1% /run/lock
efivarfs        150K   86K   60K  60% /sys/firmware/efi/efivars
/dev/sda1       511M  6.1M  505M   2% /boot/efi
tmpfs           1.6G   72K  1.6G   1% /run/user/127
----------------------------------------
2025-02-15 23:11:19
Filesystem      Size  Used Avail Use% Mounted on
tmpfs           1.6G  1.7M  1.6G   1% /run
/dev/sda2       468G   12G  433G   3% /
tmpfs           7.7G     0  7.7G   0% /dev/shm
tmpfs           5.0M  4.0K  5.0M   1% /run/lock
efivarfs        150K   86K   60K  60% /sys/firmware/efi/efivars
/dev/sda1       511M  6.1M  505M   2% /boot/efi
tmpfs           1.6G   72K  1.6G   1% /run/user/127
----------------------------------------
2025-02-16 00:11:19
Filesystem      Size  Used Avail Use% Mounted on
tmpfs           1.6G  1.7M  1.6G   1% /run
/dev/sda2       468G   12G  433G   3% /
tmpfs           7.7G     0  7.7G   0% /dev/shm
tmpfs           5.0M  4.0K  5.0M   1% /run/lock
efivarfs        150K   86K   60K  60% /sys/firmware/efi/efivars
/dev/sda1       511M  6.1M  505M   2% /boot/efi
tmpfs           1.6G   72K  1.6G   1% /run/user/127
----------------------------------------
2025-02-16 01:11:19
Filesystem      Size  Used Avail Use% Mounted on
tmpfs           1.6G  1.7M  1.6G   1% /run
/dev/sda2       468G   12G  433G   3% /
tmpfs           7.7G     0  7.7G   0% /dev/shm
tmpfs           5.0M  4.0K  5.0M   1% /run/lock
efivarfs        150K   86K   60K  60% /sys/firmware/efi/efivars
/dev/sda1       511M  6.1M  505M   2% /boot/efi
tmpfs           1.6G   72K  1.6G   1% /run/user/127
----------------------------------------
2025-02-16 02:11:19
Filesystem      Size  Used Avail Use% Mounted on
tmpfs           1.6G  1.7M  1.6G   1% /run
/dev/sda2       468G   12G  433G   3% /
tmpfs           7.7G     0  7.7G   0% /dev/shm
tmpfs           5.0M  4.0K  5.0M   1% /run/lock
efivarfs        150K   86K   60K  60% /sys/firmware/efi/efivars
/dev/sda1       511M  6.1M  505M   2% /boot/efi
tmpfs           1.6G   72K  1.6G   1% /run/user/127
----------------------------------------
2025-02-16 03:11:19
Filesystem      Size  Used Avail Use% Mounted on
tmpfs           1.6G  1.7M  1.6G   1% /run
/dev/sda2       468G   12G  433G   3% /
tmpfs           7.7G     0  7.7G   0% /dev/shm
tmpfs           5.0M  4.0K  5.0M   1% /run/lock
efivarfs        150K   86K   60K  60% /sys/firmware/efi/efivars
/dev/sda1       511M  6.1M  505M   2% /boot/efi
tmpfs           1.6G   72K  1.6G   1% /run/user/127
----------------------------------------
2025-02-16 04:11:19
Filesystem      Size  Used Avail Use% Mounted on
tmpfs           1.6G  1.7M  1.6G   1% /run
/dev/sda2       468G   12G  433G   3% /
tmpfs           7.7G     0  7.7G   0% /dev/shm
tmpfs           5.0M  4.0K  5.0M   1% /run/lock
efivarfs        150K   86K   60K  60% /sys/firmware/efi/efivars
/dev/sda1       511M  6.1M  505M   2% /boot/efi
tmpfs           1.6G   72K  1.6G   1% /run/user/127
----------------------------------------
2025-02-16 05:11:19
Filesystem      Size  Used Avail Use% Mounted on
tmpfs           1.6G  1.7M  1.6G   1% /run
/dev/sda2       468G   12G  433G   3% /
tmpfs           7.7G     0  7.7G   0% /dev/shm
tmpfs           5.0M  4.0K  5.0M   1% /run/lock
efivarfs        150K   86K   60K  60% /sys/firmware/efi/efivars
/dev/sda1       511M  6.1M  505M   2% /boot/efi
tmpfs           1.6G   72K  1.6G   1% /run/user/127
----------------------------------------
2025-02-16 06:11:19
Filesystem      Size  Used Avail Use% Mounted on
tmpfs           1.6G  1.7M  1.6G   1% /run
/dev/sda2       468G   12G  433G   3% /
tmpfs           7.7G     0  7.7G   0% /dev/shm
tmpfs           5.0M  4.0K  5.0M   1% /run/lock
efivarfs        150K   86K   60K  60% /sys/firmware/efi/efivars
/dev/sda1       511M  6.1M  505M   2% /boot/efi
tmpfs           1.6G   72K  1.6G   1% /run/user/127
----------------------------------------
2025-02-16 07:11:19
Filesystem      Size  Used Avail Use% Mounted on
tmpfs           1.6G  1.7M  1.6G   1% /run
/dev/sda2       468G   12G  433G   3% /
tmpfs           7.7G     0  7.7G   0% /dev/shm
tmpfs           5.0M  4.0K  5.0M   1% /run/lock
efivarfs        150K   86K   60K  60% /sys/firmware/efi/efivars
/dev/sda1       511M  6.1M  505M   2% /boot/efi
tmpfs           1.6G   72K  1.6G   1% /run/user/127
----------------------------------------
2025-02-16 08:11:19
Filesystem      Size  Used Avail Use% Mounted on
tmpfs           1.6G  1.7M  1.6G   1% /run
/dev/sda2       468G   12G  433G   3% /
tmpfs           7.7G     0  7.7G   0% /dev/shm
tmpfs           5.0M  4.0K  5.0M   1% /run/lock
efivarfs        150K   86K   60K  60% /sys/firmware/efi/efivars
/dev/sda1       511M  6.1M  505M   2% /boot/efi
tmpfs           1.6G   72K  1.6G   1% /run/user/127
----------------------------------------
2025-02-16 09:11:19
Filesystem      Size  Used Avail Use% Mounted on
tmpfs           1.6G  1.7M  1.6G   1% /run
/dev/sda2       468G   12G  433G   3% /
tmpfs           7.7G     0  7.7G   0% /dev/shm
tmpfs           5.0M  4.0K  5.0M   1% /run/lock
efivarfs        150K   86K   60K  60% /sys/firmware/efi/efivars
/dev/sda1       511M  6.1M  505M   2% /boot/efi
tmpfs           1.6G   72K  1.6G   1% /run/user/127
----------------------------------------
2025-02-16 10:11:19
Filesystem      Size  Used Avail Use% Mounted on
tmpfs           1.6G  1.7M  1.6G   1% /run
/dev/sda2       468G   12G  433G   3% /
tmpfs           7.7G     0  7.7G   0% /dev/shm
tmpfs           5.0M  4.0K  5.0M   1% /run/lock
efivarfs        150K   86K   60K  60% /sys/firmware/efi/efivars
/dev/sda1       511M  6.1M  505M   2% /boot/efi
tmpfs           1.6G   72K  1.6G   1% /run/user/127
----------------------------------------
2025-02-16 11:11:19
Filesystem      Size  Used Avail Use% Mounted on
tmpfs           1.6G  1.7M  1.6G   1% /run
/dev/sda2       468G   12G  433G   3% /
tmpfs           7.7G     0  7.7G   0% /dev/shm
tmpfs           5.0M  4.0K  5.0M   1% /run/lock
efivarfs        150K   86K   60K  60% /sys/firmware/efi/efivars
/dev/sda1       511M  6.1M  505M   2% /boot/efi
tmpfs           1.6G   72K  1.6G   1% /run/user/127
----------------------------------------
2025-02-16 12:11:19
Filesystem      Size  Used Avail Use% Mounted on
tmpfs           1.6G  1.7M  1.6G   1% /run
/dev/sda2       468G   12G  433G   3% /
tmpfs           7.7G     0  7.7G   0% /dev/shm
tmpfs           5.0M  4.0K  5.0M   1% /run/lock
efivarfs        150K   86K   60K  60% /sys/firmware/efi/efivars
/dev/sda1       511M  6.1M  505M   2% /boot/efi
tmpfs           1.6G   72K  1.6G   1% /run/user/127
----------------------------------------
2025-02-16 13:11:19
Filesystem      Size  Used Avail Use% Mounted on
tmpfs           1.6G  1.7M  1.6G   1% /run
/dev/sda2       468G   12G  433G   3% /
tmpfs           7.7G     0  7.7G   0% /dev/shm
tmpfs           5.0M  4.0K  5.0M   1% /run/lock
efivarfs        150K   86K   60K  60% /sys/firmware/efi/efivars
/dev/sda1       511M  6.1M  505M   2% /boot/efi
tmpfs           1.6G   72K  1.6G   1% /run/user/127
----------------------------------------
2025-02-16 14:11:19
Filesystem      Size  Used Avail Use% Mounted on
tmpfs           1.6G  1.7M  1.6G   1% /run
/dev/sda2       468G   12G  433G   3% /
tmpfs           7.7G     0  7.7G   0% /dev/shm
tmpfs           5.0M  4.0K  5.0M   1% /run/lock
efivarfs        150K   86K   60K  60% /sys/firmware/efi/efivars
/dev/sda1       511M  6.1M  505M   2% /boot/efi
tmpfs           1.6G   72K  1.6G   1% /run/user/127
----------------------------------------
2025-02-16 15:11:19
Filesystem      Size  Used Avail Use% Mounted on
tmpfs           1.6G  1.7M  1.6G   1% /run
/dev/sda2       468G   12G  433G   3% /
tmpfs           7.7G     0  7.7G   0% /dev/shm
tmpfs           5.0M  4.0K  5.0M   1% /run/lock
efivarfs        150K   86K   60K  60% /sys/firmware/efi/efivars
/dev/sda1       511M  6.1M  505M   2% /boot/efi
tmpfs           1.6G   72K  1.6G   1% /run/user/127
----------------------------------------
2025-02-16 16:11:19
Filesystem      Size  Used Avail Use% Mounted on
tmpfs           1.6G  1.7M  1.6G   1% /run
/dev/sda2       468G   12G  433G   3% /
tmpfs           7.7G     0  7.7G   0% /dev/shm
tmpfs           5.0M  4.0K  5.0M   1% /run/lock
efivarfs        150K   86K   60K  60% /sys/firmware/efi/efivars
/dev/sda1       511M  6.1M  505M   2% /boot/efi
tmpfs           1.6G   72K  1.6G   1% /run/user/127
----------------------------------------
2025-02-16 17:11:19
Filesystem      Size  Used Avail Use% Mounted on
tmpfs           1.6G  1.7M  1.6G   1% /run
/dev/sda2       468G   12G  433G   3% /
tmpfs           7.7G     0  7.7G   0% /dev/shm
tmpfs           5.0M  4.0K  5.0M   1% /run/lock
efivarfs        150K   86K   60K  60% /sys/firmware/efi/efivars
/dev/sda1       511M  6.1M  505M   2% /boot/efi
tmpfs           1.6G   72K  1.6G   1% /run/user/127
----------------------------------------
2025-02-16 18:11:19
Filesystem      Size  Used Avail Use% Mounted on
tmpfs           1.6G  1.7M  1.6G   1% /run
/dev/sda2       468G   12G  433G   3% /
tmpfs           7.7G     0  7.7G   0% /dev/shm
tmpfs           5.0M  4.0K  5.0M   1% /run/lock
efivarfs        150K   86K   60K  60% /sys/firmware/efi/efivars
/dev/sda1       511M  6.1M  505M   2% /boot/efi
tmpfs           1.6G   72K  1.6G   1% /run/user/127
----------------------------------------
2025-02-16 19:11:19
Filesystem      Size  Used Avail Use% Mounted on
tmpfs           1.6G  1.7M  1.6G   1% /run
/dev/sda2       468G   12G  433G   3% /
tmpfs           7.7G     0  7.7G   0% /dev/shm
tmpfs           5.0M  4.0K  5.0M   1% /run/lock
efivarfs        150K   86K   60K  60% /sys/firmware/efi/efivars
/dev/sda1       511M  6.1M  505M   2% /boot/efi
tmpfs           1.6G   72K  1.6G   1% /run/user/127
----------------------------------------
2025-02-16 20:11:19
Filesystem      Size  Used Avail Use% Mounted on
tmpfs           1.6G  1.7M  1.6G   1% /run
/dev/sda2       468G   12G  433G   3% /
tmpfs           7.7G     0  7.7G   0% /dev/shm
tmpfs           5.0M  4.0K  5.0M   1% /run/lock
efivarfs        150K   86K   60K  60% /sys/firmware/efi/efivars
/dev/sda1       511M  6.1M  505M   2% /boot/efi
tmpfs           1.6G   72K  1.6G   1% /run/user/127
----------------------------------------
2025-02-16 21:11:19
Filesystem      Size  Used Avail Use% Mounted on
tmpfs           1.6G  1.7M  1.6G   1% /run
/dev/sda2       468G   12G  433G   3% /
tmpfs           7.7G     0  7.7G   0% /dev/shm
tmpfs           5.0M  4.0K  5.0M   1% /run/lock
efivarfs        150K   86K   60K  60% /sys/firmware/efi/efivars
/dev/sda1       511M  6.1M  505M   2% /boot/efi
tmpfs           1.6G   72K  1.6G   1% /run/user/127
----------------------------------------
2025-02-16 22:11:19
Filesystem      Size  Used Avail Use% Mounted on
tmpfs           1.6G  1.7M  1.6G   1% /run
/dev/sda2       468G   12G  433G   3% /
tmpfs           7.7G     0  7.7G   0% /dev/shm
tmpfs           5.0M  4.0K  5.0M   1% /run/lock
efivarfs        150K   86K   60K  60% /sys/firmware/efi/efivars
/dev/sda1       511M  6.1M  505M   2% /boot/efi
tmpfs           1.6G   72K  1.6G   1% /run/user/127
----------------------------------------
2025-02-16 23:11:19
Filesystem      Size  Used Avail Use% Mounted on
tmpfs           1.6G  1.7M  1.6G   1% /run
/dev/sda2       468G   12G  433G   3% /
tmpfs           7.7G     0  7.7G   0% /dev/shm
tmpfs           5.0M  4.0K  5.0M   1% /run/lock
efivarfs        150K   86K   60K  60% /sys/firmware/efi/efivars
/dev/sda1       511M  6.1M  505M   2% /boot/efi
tmpfs           1.6G   72K  1.6G   1% /run/user/127
----------------------------------------
2025-02-17 00:11:19
Filesystem      Size  Used Avail Use% Mounted on
tmpfs           1.6G  1.7M  1.6G   1% /run
/dev/sda2       468G   12G  433G   3% /
tmpfs           7.7G     0  7.7G   0% /dev/shm
tmpfs           5.0M  4.0K  5.0M   1% /run/lock
efivarfs        150K   86K   60K  60% /sys/firmware/efi/efivars
/dev/sda1       511M  6.1M  505M   2% /boot/efi
tmpfs           1.6G   72K  1.6G   1% /run/user/127
----------------------------------------
2025-02-17 01:11:19
Filesystem      Size  Used Avail Use% Mounted on
tmpfs           1.6G  1.7M  1.6G   1% /run
/dev/sda2       468G   12G  433G   3% /
tmpfs           7.7G     0  7.7G   0% /dev/shm
tmpfs           5.0M  4.0K  5.0M   1% /run/lock
efivarfs        150K   86K   60K  60% /sys/firmware/efi/efivars
/dev/sda1       511M  6.1M  505M   2% /boot/efi
tmpfs           1.6G   72K  1.6G   1% /run/user/127
----------------------------------------
2025-02-17 02:11:19
Filesystem      Size  Used Avail Use% Mounted on
tmpfs           1.6G  1.7M  1.6G   1% /run
/dev/sda2       468G   12G  433G   3% /
tmpfs           7.7G     0  7.7G   0% /dev/shm
tmpfs           5.0M  4.0K  5.0M   1% /run/lock
efivarfs        150K   86K   60K  60% /sys/firmware/efi/efivars
/dev/sda1       511M  6.1M  505M   2% /boot/efi
tmpfs           1.6G   72K  1.6G   1% /run/user/127
----------------------------------------
2025-02-17 03:11:19
Filesystem      Size  Used Avail Use% Mounted on
tmpfs           1.6G  1.7M  1.6G   1% /run
/dev/sda2       468G   12G  433G   3% /
tmpfs           7.7G     0  7.7G   0% /dev/shm
tmpfs           5.0M  4.0K  5.0M   1% /run/lock
efivarfs        150K   86K   60K  60% /sys/firmware/efi/efivars
/dev/sda1       511M  6.1M  505M   2% /boot/efi
tmpfs           1.6G   72K  1.6G   1% /run/user/127
----------------------------------------
2025-02-17 04:11:19
Filesystem      Size  Used Avail Use% Mounted on
tmpfs           1.6G  1.7M  1.6G   1% /run
/dev/sda2       468G   12G  433G   3% /
tmpfs           7.7G     0  7.7G   0% /dev/shm
tmpfs           5.0M  4.0K  5.0M   1% /run/lock
efivarfs        150K   86K   60K  60% /sys/firmware/efi/efivars
/dev/sda1       511M  6.1M  505M   2% /boot/efi
tmpfs           1.6G   72K  1.6G   1% /run/user/127
----------------------------------------
2025-02-17 05:11:19
Filesystem      Size  Used Avail Use% Mounted on
tmpfs           1.6G  1.7M  1.6G   1% /run
/dev/sda2       468G   12G  433G   3% /
tmpfs           7.7G     0  7.7G   0% /dev/shm
tmpfs           5.0M  4.0K  5.0M   1% /run/lock
efivarfs        150K   86K   60K  60% /sys/firmware/efi/efivars
/dev/sda1       511M  6.1M  505M   2% /boot/efi
tmpfs           1.6G   72K  1.6G   1% /run/user/127
----------------------------------------
2025-02-17 06:11:20
Filesystem      Size  Used Avail Use% Mounted on
tmpfs           1.6G  1.7M  1.6G   1% /run
/dev/sda2       468G   12G  433G   3% /
tmpfs           7.7G     0  7.7G   0% /dev/shm
tmpfs           5.0M  4.0K  5.0M   1% /run/lock
efivarfs        150K   86K   60K  60% /sys/firmware/efi/efivars
/dev/sda1       511M  6.1M  505M   2% /boot/efi
tmpfs           1.6G   72K  1.6G   1% /run/user/127
----------------------------------------
2025-02-17 07:11:20
Filesystem      Size  Used Avail Use% Mounted on
tmpfs           1.6G  1.7M  1.6G   1% /run
/dev/sda2       468G   12G  433G   3% /
tmpfs           7.7G     0  7.7G   0% /dev/shm
tmpfs           5.0M  4.0K  5.0M   1% /run/lock
efivarfs        150K   86K   60K  60% /sys/firmware/efi/efivars
/dev/sda1       511M  6.1M  505M   2% /boot/efi
tmpfs           1.6G   72K  1.6G   1% /run/user/127
----------------------------------------
2025-02-17 08:11:20
Filesystem      Size  Used Avail Use% Mounted on
tmpfs           1.6G  1.7M  1.6G   1% /run
/dev/sda2       468G   12G  433G   3% /
tmpfs           7.7G     0  7.7G   0% /dev/shm
tmpfs           5.0M  4.0K  5.0M   1% /run/lock
efivarfs        150K   86K   60K  60% /sys/firmware/efi/efivars
/dev/sda1       511M  6.1M  505M   2% /boot/efi
tmpfs           1.6G   72K  1.6G   1% /run/user/127
----------------------------------------
2025-02-17 09:11:20
Filesystem      Size  Used Avail Use% Mounted on
tmpfs           1.6G  1.7M  1.6G   1% /run
/dev/sda2       468G   12G  433G   3% /
tmpfs           7.7G     0  7.7G   0% /dev/shm
tmpfs           5.0M  4.0K  5.0M   1% /run/lock
efivarfs        150K   86K   60K  60% /sys/firmware/efi/efivars
/dev/sda1       511M  6.1M  505M   2% /boot/efi
tmpfs           1.6G   72K  1.6G   1% /run/user/127
----------------------------------------
2025-02-17 10:11:20
Filesystem      Size  Used Avail Use% Mounted on
tmpfs           1.6G  1.7M  1.6G   1% /run
/dev/sda2       468G   12G  433G   3% /
tmpfs           7.7G     0  7.7G   0% /dev/shm
tmpfs           5.0M  4.0K  5.0M   1% /run/lock
efivarfs        150K   86K   60K  60% /sys/firmware/efi/efivars
/dev/sda1       511M  6.1M  505M   2% /boot/efi
tmpfs           1.6G   72K  1.6G   1% /run/user/127
----------------------------------------
2025-02-17 11:11:20
Filesystem      Size  Used Avail Use% Mounted on
tmpfs           1.6G  1.7M  1.6G   1% /run
/dev/sda2       468G   12G  433G   3% /
tmpfs           7.7G     0  7.7G   0% /dev/shm
tmpfs           5.0M  4.0K  5.0M   1% /run/lock
efivarfs        150K   86K   60K  60% /sys/firmware/efi/efivars
/dev/sda1       511M  6.1M  505M   2% /boot/efi
tmpfs           1.6G   72K  1.6G   1% /run/user/127
----------------------------------------
2025-02-17 12:11:20
Filesystem      Size  Used Avail Use% Mounted on
tmpfs           1.6G  1.7M  1.6G   1% /run
/dev/sda2       468G   12G  433G   3% /
tmpfs           7.7G     0  7.7G   0% /dev/shm
tmpfs           5.0M  4.0K  5.0M   1% /run/lock
efivarfs        150K   86K   60K  60% /sys/firmware/efi/efivars
/dev/sda1       511M  6.1M  505M   2% /boot/efi
tmpfs           1.6G   72K  1.6G   1% /run/user/127
----------------------------------------
2025-02-17 13:11:20
Filesystem      Size  Used Avail Use% Mounted on
tmpfs           1.6G  1.7M  1.6G   1% /run
/dev/sda2       468G   12G  433G   3% /
tmpfs           7.7G     0  7.7G   0% /dev/shm
tmpfs           5.0M  4.0K  5.0M   1% /run/lock
efivarfs        150K   86K   60K  60% /sys/firmware/efi/efivars
/dev/sda1       511M  6.1M  505M   2% /boot/efi
tmpfs           1.6G   72K  1.6G   1% /run/user/127
----------------------------------------
2025-02-17 14:11:20
Filesystem      Size  Used Avail Use% Mounted on
tmpfs           1.6G  1.7M  1.6G   1% /run
/dev/sda2       468G   12G  433G   3% /
tmpfs           7.7G     0  7.7G   0% /dev/shm
tmpfs           5.0M  4.0K  5.0M   1% /run/lock
efivarfs        150K   86K   60K  60% /sys/firmware/efi/efivars
/dev/sda1       511M  6.1M  505M   2% /boot/efi
tmpfs           1.6G   72K  1.6G   1% /run/user/127
----------------------------------------
2025-02-17 15:11:20
Filesystem      Size  Used Avail Use% Mounted on
tmpfs           1.6G  1.7M  1.6G   1% /run
/dev/sda2       468G   12G  433G   3% /
tmpfs           7.7G     0  7.7G   0% /dev/shm
tmpfs           5.0M  4.0K  5.0M   1% /run/lock
efivarfs        150K   86K   60K  60% /sys/firmware/efi/efivars
/dev/sda1       511M  6.1M  505M   2% /boot/efi
tmpfs           1.6G   72K  1.6G   1% /run/user/127
----------------------------------------
2025-02-17 16:11:20
Filesystem      Size  Used Avail Use% Mounted on
tmpfs           1.6G  1.7M  1.6G   1% /run
/dev/sda2       468G   12G  433G   3% /
tmpfs           7.7G     0  7.7G   0% /dev/shm
tmpfs           5.0M  4.0K  5.0M   1% /run/lock
efivarfs        150K   86K   60K  60% /sys/firmware/efi/efivars
/dev/sda1       511M  6.1M  505M   2% /boot/efi
tmpfs           1.6G   72K  1.6G   1% /run/user/127
----------------------------------------
2025-02-17 17:11:20
Filesystem      Size  Used Avail Use% Mounted on
tmpfs           1.6G  1.7M  1.6G   1% /run
/dev/sda2       468G   12G  433G   3% /
tmpfs           7.7G     0  7.7G   0% /dev/shm
tmpfs           5.0M  4.0K  5.0M   1% /run/lock
efivarfs        150K   86K   60K  60% /sys/firmware/efi/efivars
/dev/sda1       511M  6.1M  505M   2% /boot/efi
tmpfs           1.6G   72K  1.6G   1% /run/user/127
----------------------------------------
2025-02-17 18:11:20
Filesystem      Size  Used Avail Use% Mounted on
tmpfs           1.6G  1.7M  1.6G   1% /run
/dev/sda2       468G   12G  433G   3% /
tmpfs           7.7G     0  7.7G   0% /dev/shm
tmpfs           5.0M  4.0K  5.0M   1% /run/lock
efivarfs        150K   86K   60K  60% /sys/firmware/efi/efivars
/dev/sda1       511M  6.1M  505M   2% /boot/efi
tmpfs           1.6G   72K  1.6G   1% /run/user/127
----------------------------------------
2025-02-17 19:11:20
Filesystem      Size  Used Avail Use% Mounted on
tmpfs           1.6G  1.7M  1.6G   1% /run
/dev/sda2       468G   12G  433G   3% /
tmpfs           7.7G     0  7.7G   0% /dev/shm
tmpfs           5.0M  4.0K  5.0M   1% /run/lock
efivarfs        150K   86K   60K  60% /sys/firmware/efi/efivars
/dev/sda1       511M  6.1M  505M   2% /boot/efi
tmpfs           1.6G   72K  1.6G   1% /run/user/127
----------------------------------------
2025-02-17 20:11:20
Filesystem      Size  Used Avail Use% Mounted on
tmpfs           1.6G  1.7M  1.6G   1% /run
/dev/sda2       468G   12G  433G   3% /
tmpfs           7.7G     0  7.7G   0% /dev/shm
tmpfs           5.0M  4.0K  5.0M   1% /run/lock
efivarfs        150K   86K   60K  60% /sys/firmware/efi/efivars
/dev/sda1       511M  6.1M  505M   2% /boot/efi
tmpfs           1.6G   72K  1.6G   1% /run/user/127
----------------------------------------
2025-02-17 21:11:20
Filesystem      Size  Used Avail Use% Mounted on
tmpfs           1.6G  1.7M  1.6G   1% /run
/dev/sda2       468G   12G  433G   3% /
tmpfs           7.7G     0  7.7G   0% /dev/shm
tmpfs           5.0M  4.0K  5.0M   1% /run/lock
efivarfs        150K   86K   60K  60% /sys/firmware/efi/efivars
/dev/sda1       511M  6.1M  505M   2% /boot/efi
tmpfs           1.6G   72K  1.6G   1% /run/user/127
----------------------------------------
2025-02-17 22:11:20
Filesystem      Size  Used Avail Use% Mounted on
tmpfs           1.6G  1.7M  1.6G   1% /run
/dev/sda2       468G   12G  433G   3% /
tmpfs           7.7G     0  7.7G   0% /dev/shm
tmpfs           5.0M  4.0K  5.0M   1% /run/lock
efivarfs        150K   86K   60K  60% /sys/firmware/efi/efivars
/dev/sda1       511M  6.1M  505M   2% /boot/efi
tmpfs           1.6G   72K  1.6G   1% /run/user/127
----------------------------------------
2025-02-17 23:11:20
Filesystem      Size  Used Avail Use% Mounted on
tmpfs           1.6G  1.7M  1.6G   1% /run
/dev/sda2       468G   12G  433G   3% /
tmpfs           7.7G     0  7.7G   0% /dev/shm
tmpfs           5.0M  4.0K  5.0M   1% /run/lock
efivarfs        150K   86K   60K  60% /sys/firmware/efi/efivars
/dev/sda1       511M  6.1M  505M   2% /boot/efi
tmpfs           1.6G   72K  1.6G   1% /run/user/127
----------------------------------------
2025-02-18 00:11:20
Filesystem      Size  Used Avail Use% Mounted on
tmpfs           1.6G  1.7M  1.6G   1% /run
/dev/sda2       468G   12G  433G   3% /
tmpfs           7.7G     0  7.7G   0% /dev/shm
tmpfs           5.0M  4.0K  5.0M   1% /run/lock
efivarfs        150K   86K   60K  60% /sys/firmware/efi/efivars
/dev/sda1       511M  6.1M  505M   2% /boot/efi
tmpfs           1.6G   72K  1.6G   1% /run/user/127
----------------------------------------
2025-02-18 01:11:20
Filesystem      Size  Used Avail Use% Mounted on
tmpfs           1.6G  1.7M  1.6G   1% /run
/dev/sda2       468G   12G  433G   3% /
tmpfs           7.7G     0  7.7G   0% /dev/shm
tmpfs           5.0M  4.0K  5.0M   1% /run/lock
efivarfs        150K   86K   60K  60% /sys/firmware/efi/efivars
/dev/sda1       511M  6.1M  505M   2% /boot/efi
tmpfs           1.6G   72K  1.6G   1% /run/user/127
----------------------------------------
2025-02-18 02:11:20
Filesystem      Size  Used Avail Use% Mounted on
tmpfs           1.6G  1.7M  1.6G   1% /run
/dev/sda2       468G   12G  433G   3% /
tmpfs           7.7G     0  7.7G   0% /dev/shm
tmpfs           5.0M  4.0K  5.0M   1% /run/lock
efivarfs        150K   86K   60K  60% /sys/firmware/efi/efivars
/dev/sda1       511M  6.1M  505M   2% /boot/efi
tmpfs           1.6G   72K  1.6G   1% /run/user/127
----------------------------------------
2025-02-18 03:11:20
Filesystem      Size  Used Avail Use% Mounted on
tmpfs           1.6G  1.7M  1.6G   1% /run
/dev/sda2       468G   12G  433G   3% /
tmpfs           7.7G     0  7.7G   0% /dev/shm
tmpfs           5.0M  4.0K  5.0M   1% /run/lock
efivarfs        150K   86K   60K  60% /sys/firmware/efi/efivars
/dev/sda1       511M  6.1M  505M   2% /boot/efi
tmpfs           1.6G   72K  1.6G   1% /run/user/127
----------------------------------------
2025-02-18 04:11:20
Filesystem      Size  Used Avail Use% Mounted on
tmpfs           1.6G  1.7M  1.6G   1% /run
/dev/sda2       468G   12G  433G   3% /
tmpfs           7.7G     0  7.7G   0% /dev/shm
tmpfs           5.0M  4.0K  5.0M   1% /run/lock
efivarfs        150K   86K   60K  60% /sys/firmware/efi/efivars
/dev/sda1       511M  6.1M  505M   2% /boot/efi
tmpfs           1.6G   72K  1.6G   1% /run/user/127
----------------------------------------
2025-02-18 05:11:20
Filesystem      Size  Used Avail Use% Mounted on
tmpfs           1.6G  1.7M  1.6G   1% /run
/dev/sda2       468G   12G  433G   3% /
tmpfs           7.7G     0  7.7G   0% /dev/shm
tmpfs           5.0M  4.0K  5.0M   1% /run/lock
efivarfs        150K   86K   60K  60% /sys/firmware/efi/efivars
/dev/sda1       511M  6.1M  505M   2% /boot/efi
tmpfs           1.6G   72K  1.6G   1% /run/user/127
----------------------------------------
2025-02-18 06:11:20
Filesystem      Size  Used Avail Use% Mounted on
tmpfs           1.6G  1.7M  1.6G   1% /run
/dev/sda2       468G   12G  433G   3% /
tmpfs           7.7G     0  7.7G   0% /dev/shm
tmpfs           5.0M  4.0K  5.0M   1% /run/lock
efivarfs        150K   86K   60K  60% /sys/firmware/efi/efivars
/dev/sda1       511M  6.1M  505M   2% /boot/efi
tmpfs           1.6G   72K  1.6G   1% /run/user/127
----------------------------------------
2025-02-18 07:11:20
Filesystem      Size  Used Avail Use% Mounted on
tmpfs           1.6G  1.7M  1.6G   1% /run
/dev/sda2       468G   12G  433G   3% /
tmpfs           7.7G     0  7.7G   0% /dev/shm
tmpfs           5.0M  4.0K  5.0M   1% /run/lock
efivarfs        150K   86K   60K  60% /sys/firmware/efi/efivars
/dev/sda1       511M  6.1M  505M   2% /boot/efi
tmpfs           1.6G   72K  1.6G   1% /run/user/127
----------------------------------------
2025-02-18 08:11:20
Filesystem      Size  Used Avail Use% Mounted on
tmpfs           1.6G  1.7M  1.6G   1% /run
/dev/sda2       468G   12G  433G   3% /
tmpfs           7.7G     0  7.7G   0% /dev/shm
tmpfs           5.0M  4.0K  5.0M   1% /run/lock
efivarfs        150K   86K   60K  60% /sys/firmware/efi/efivars
/dev/sda1       511M  6.1M  505M   2% /boot/efi
tmpfs           1.6G   72K  1.6G   1% /run/user/127
----------------------------------------
2025-02-18 09:11:20
Filesystem      Size  Used Avail Use% Mounted on
tmpfs           1.6G  1.7M  1.6G   1% /run
/dev/sda2       468G   12G  433G   3% /
tmpfs           7.7G     0  7.7G   0% /dev/shm
tmpfs           5.0M  4.0K  5.0M   1% /run/lock
efivarfs        150K   86K   60K  60% /sys/firmware/efi/efivars
/dev/sda1       511M  6.1M  505M   2% /boot/efi
tmpfs           1.6G   72K  1.6G   1% /run/user/127
----------------------------------------
2025-02-18 10:11:20
Filesystem      Size  Used Avail Use% Mounted on
tmpfs           1.6G  1.7M  1.6G   1% /run
/dev/sda2       468G   12G  433G   3% /
tmpfs           7.7G     0  7.7G   0% /dev/shm
tmpfs           5.0M  4.0K  5.0M   1% /run/lock
efivarfs        150K   86K   60K  60% /sys/firmware/efi/efivars
/dev/sda1       511M  6.1M  505M   2% /boot/efi
tmpfs           1.6G   72K  1.6G   1% /run/user/127
----------------------------------------
2025-02-18 11:11:20
Filesystem      Size  Used Avail Use% Mounted on
tmpfs           1.6G  1.7M  1.6G   1% /run
/dev/sda2       468G   12G  433G   3% /
tmpfs           7.7G     0  7.7G   0% /dev/shm
tmpfs           5.0M  4.0K  5.0M   1% /run/lock
efivarfs        150K   86K   60K  60% /sys/firmware/efi/efivars
/dev/sda1       511M  6.1M  505M   2% /boot/efi
tmpfs           1.6G   72K  1.6G   1% /run/user/127
----------------------------------------
2025-02-18 12:11:20
Filesystem      Size  Used Avail Use% Mounted on
tmpfs           1.6G  1.7M  1.6G   1% /run
/dev/sda2       468G   12G  433G   3% /
tmpfs           7.7G     0  7.7G   0% /dev/shm
tmpfs           5.0M  4.0K  5.0M   1% /run/lock
efivarfs        150K   86K   60K  60% /sys/firmware/efi/efivars
/dev/sda1       511M  6.1M  505M   2% /boot/efi
tmpfs           1.6G   72K  1.6G   1% /run/user/127
----------------------------------------
2025-02-18 13:11:20
Filesystem      Size  Used Avail Use% Mounted on
tmpfs           1.6G  1.7M  1.6G   1% /run
/dev/sda2       468G   12G  433G   3% /
tmpfs           7.7G     0  7.7G   0% /dev/shm
tmpfs           5.0M  4.0K  5.0M   1% /run/lock
efivarfs        150K   86K   60K  60% /sys/firmware/efi/efivars
/dev/sda1       511M  6.1M  505M   2% /boot/efi
tmpfs           1.6G   72K  1.6G   1% /run/user/127
----------------------------------------
2025-02-18 14:11:20
Filesystem      Size  Used Avail Use% Mounted on
tmpfs           1.6G  1.7M  1.6G   1% /run
/dev/sda2       468G   12G  433G   3% /
tmpfs           7.7G     0  7.7G   0% /dev/shm
tmpfs           5.0M  4.0K  5.0M   1% /run/lock
efivarfs        150K   86K   60K  60% /sys/firmware/efi/efivars
/dev/sda1       511M  6.1M  505M   2% /boot/efi
tmpfs           1.6G   72K  1.6G   1% /run/user/127
----------------------------------------
2025-02-18 15:11:20
Filesystem      Size  Used Avail Use% Mounted on
tmpfs           1.6G  1.7M  1.6G   1% /run
/dev/sda2       468G   12G  433G   3% /
tmpfs           7.7G     0  7.7G   0% /dev/shm
tmpfs           5.0M  4.0K  5.0M   1% /run/lock
efivarfs        150K   86K   60K  60% /sys/firmware/efi/efivars
/dev/sda1       511M  6.1M  505M   2% /boot/efi
tmpfs           1.6G   72K  1.6G   1% /run/user/127
----------------------------------------
2025-02-18 16:11:20
Filesystem      Size  Used Avail Use% Mounted on
tmpfs           1.6G  1.7M  1.6G   1% /run
/dev/sda2       468G   12G  433G   3% /
tmpfs           7.7G     0  7.7G   0% /dev/shm
tmpfs           5.0M  4.0K  5.0M   1% /run/lock
efivarfs        150K   86K   60K  60% /sys/firmware/efi/efivars
/dev/sda1       511M  6.1M  505M   2% /boot/efi
tmpfs           1.6G   72K  1.6G   1% /run/user/127
----------------------------------------
2025-02-18 17:11:20
Filesystem      Size  Used Avail Use% Mounted on
tmpfs           1.6G  1.7M  1.6G   1% /run
/dev/sda2       468G   12G  433G   3% /
tmpfs           7.7G     0  7.7G   0% /dev/shm
tmpfs           5.0M  4.0K  5.0M   1% /run/lock
efivarfs        150K   86K   60K  60% /sys/firmware/efi/efivars
/dev/sda1       511M  6.1M  505M   2% /boot/efi
tmpfs           1.6G   72K  1.6G   1% /run/user/127
----------------------------------------
2025-02-18 18:11:20
Filesystem      Size  Used Avail Use% Mounted on
tmpfs           1.6G  1.7M  1.6G   1% /run
/dev/sda2       468G   12G  433G   3% /
tmpfs           7.7G     0  7.7G   0% /dev/shm
tmpfs           5.0M  4.0K  5.0M   1% /run/lock
efivarfs        150K   86K   60K  60% /sys/firmware/efi/efivars
/dev/sda1       511M  6.1M  505M   2% /boot/efi
tmpfs           1.6G   72K  1.6G   1% /run/user/127
----------------------------------------
2025-02-18 19:11:20
Filesystem      Size  Used Avail Use% Mounted on
tmpfs           1.6G  1.7M  1.6G   1% /run
/dev/sda2       468G   12G  433G   3% /
tmpfs           7.7G     0  7.7G   0% /dev/shm
tmpfs           5.0M  4.0K  5.0M   1% /run/lock
efivarfs        150K   86K   60K  60% /sys/firmware/efi/efivars
/dev/sda1       511M  6.1M  505M   2% /boot/efi
tmpfs           1.6G   72K  1.6G   1% /run/user/127
----------------------------------------
2025-02-18 20:11:20
Filesystem      Size  Used Avail Use% Mounted on
tmpfs           1.6G  1.7M  1.6G   1% /run
/dev/sda2       468G   12G  433G   3% /
tmpfs           7.7G     0  7.7G   0% /dev/shm
tmpfs           5.0M  4.0K  5.0M   1% /run/lock
efivarfs        150K   86K   60K  60% /sys/firmware/efi/efivars
/dev/sda1       511M  6.1M  505M   2% /boot/efi
tmpfs           1.6G   72K  1.6G   1% /run/user/127
----------------------------------------
2025-02-18 21:11:20
Filesystem      Size  Used Avail Use% Mounted on
tmpfs           1.6G  1.7M  1.6G   1% /run
/dev/sda2       468G   12G  433G   3% /
tmpfs           7.7G     0  7.7G   0% /dev/shm
tmpfs           5.0M  4.0K  5.0M   1% /run/lock
efivarfs        150K   86K   60K  60% /sys/firmware/efi/efivars
/dev/sda1       511M  6.1M  505M   2% /boot/efi
tmpfs           1.6G   72K  1.6G   1% /run/user/127
----------------------------------------
2025-02-18 22:11:20
Filesystem      Size  Used Avail Use% Mounted on
tmpfs           1.6G  1.7M  1.6G   1% /run
/dev/sda2       468G   12G  433G   3% /
tmpfs           7.7G     0  7.7G   0% /dev/shm
tmpfs           5.0M  4.0K  5.0M   1% /run/lock
efivarfs        150K   86K   60K  60% /sys/firmware/efi/efivars
/dev/sda1       511M  6.1M  505M   2% /boot/efi
tmpfs           1.6G   72K  1.6G   1% /run/user/127
----------------------------------------
2025-02-18 23:11:20
Filesystem      Size  Used Avail Use% Mounted on
tmpfs           1.6G  1.7M  1.6G   1% /run
/dev/sda2       468G   12G  433G   3% /
tmpfs           7.7G     0  7.7G   0% /dev/shm
tmpfs           5.0M  4.0K  5.0M   1% /run/lock
efivarfs        150K   86K   60K  60% /sys/firmware/efi/efivars
/dev/sda1       511M  6.1M  505M   2% /boot/efi
tmpfs           1.6G   72K  1.6G   1% /run/user/127
----------------------------------------
2025-02-19 00:11:20
Filesystem      Size  Used Avail Use% Mounted on
tmpfs           1.6G  1.7M  1.6G   1% /run
/dev/sda2       468G   12G  433G   3% /
tmpfs           7.7G     0  7.7G   0% /dev/shm
tmpfs           5.0M  4.0K  5.0M   1% /run/lock
efivarfs        150K   86K   60K  60% /sys/firmware/efi/efivars
/dev/sda1       511M  6.1M  505M   2% /boot/efi
tmpfs           1.6G   72K  1.6G   1% /run/user/127
----------------------------------------
2025-02-19 01:11:20
Filesystem      Size  Used Avail Use% Mounted on
tmpfs           1.6G  1.7M  1.6G   1% /run
/dev/sda2       468G   12G  433G   3% /
tmpfs           7.7G     0  7.7G   0% /dev/shm
tmpfs           5.0M  4.0K  5.0M   1% /run/lock
efivarfs        150K   86K   60K  60% /sys/firmware/efi/efivars
/dev/sda1       511M  6.1M  505M   2% /boot/efi
tmpfs           1.6G   72K  1.6G   1% /run/user/127
----------------------------------------
2025-02-19 02:11:20
Filesystem      Size  Used Avail Use% Mounted on
tmpfs           1.6G  1.7M  1.6G   1% /run
/dev/sda2       468G   12G  433G   3% /
tmpfs           7.7G     0  7.7G   0% /dev/shm
tmpfs           5.0M  4.0K  5.0M   1% /run/lock
efivarfs        150K   86K   60K  60% /sys/firmware/efi/efivars
/dev/sda1       511M  6.1M  505M   2% /boot/efi
tmpfs           1.6G   72K  1.6G   1% /run/user/127
----------------------------------------
2025-02-19 03:11:20
Filesystem      Size  Used Avail Use% Mounted on
tmpfs           1.6G  1.7M  1.6G   1% /run
/dev/sda2       468G   12G  433G   3% /
tmpfs           7.7G     0  7.7G   0% /dev/shm
tmpfs           5.0M  4.0K  5.0M   1% /run/lock
efivarfs        150K   86K   60K  60% /sys/firmware/efi/efivars
/dev/sda1       511M  6.1M  505M   2% /boot/efi
tmpfs           1.6G   72K  1.6G   1% /run/user/127
----------------------------------------
2025-02-19 04:11:20
Filesystem      Size  Used Avail Use% Mounted on
tmpfs           1.6G  1.7M  1.6G   1% /run
/dev/sda2       468G   12G  433G   3% /
tmpfs           7.7G     0  7.7G   0% /dev/shm
tmpfs           5.0M  4.0K  5.0M   1% /run/lock
efivarfs        150K   86K   60K  60% /sys/firmware/efi/efivars
/dev/sda1       511M  6.1M  505M   2% /boot/efi
tmpfs           1.6G   72K  1.6G   1% /run/user/127
----------------------------------------
2025-02-19 05:11:20
Filesystem      Size  Used Avail Use% Mounted on
tmpfs           1.6G  1.7M  1.6G   1% /run
/dev/sda2       468G   12G  433G   3% /
tmpfs           7.7G     0  7.7G   0% /dev/shm
tmpfs           5.0M  4.0K  5.0M   1% /run/lock
efivarfs        150K   86K   60K  60% /sys/firmware/efi/efivars
/dev/sda1       511M  6.1M  505M   2% /boot/efi
tmpfs           1.6G   72K  1.6G   1% /run/user/127
----------------------------------------
2025-02-19 06:11:20
Filesystem      Size  Used Avail Use% Mounted on
tmpfs           1.6G  1.7M  1.6G   1% /run
/dev/sda2       468G   12G  433G   3% /
tmpfs           7.7G     0  7.7G   0% /dev/shm
tmpfs           5.0M  4.0K  5.0M   1% /run/lock
efivarfs        150K   86K   60K  60% /sys/firmware/efi/efivars
/dev/sda1       511M  6.1M  505M   2% /boot/efi
tmpfs           1.6G   72K  1.6G   1% /run/user/127
----------------------------------------
2025-02-19 07:11:20
Filesystem      Size  Used Avail Use% Mounted on
tmpfs           1.6G  1.7M  1.6G   1% /run
/dev/sda2       468G   12G  433G   3% /
tmpfs           7.7G     0  7.7G   0% /dev/shm
tmpfs           5.0M  4.0K  5.0M   1% /run/lock
efivarfs        150K   86K   60K  60% /sys/firmware/efi/efivars
/dev/sda1       511M  6.1M  505M   2% /boot/efi
tmpfs           1.6G   72K  1.6G   1% /run/user/127
----------------------------------------
2025-02-19 08:11:20
Filesystem      Size  Used Avail Use% Mounted on
tmpfs           1.6G  1.7M  1.6G   1% /run
/dev/sda2       468G   12G  433G   3% /
tmpfs           7.7G     0  7.7G   0% /dev/shm
tmpfs           5.0M  4.0K  5.0M   1% /run/lock
efivarfs        150K   86K   60K  60% /sys/firmware/efi/efivars
/dev/sda1       511M  6.1M  505M   2% /boot/efi
tmpfs           1.6G   72K  1.6G   1% /run/user/127
----------------------------------------
2025-02-19 09:11:20
Filesystem      Size  Used Avail Use% Mounted on
tmpfs           1.6G  1.7M  1.6G   1% /run
/dev/sda2       468G   12G  433G   3% /
tmpfs           7.7G     0  7.7G   0% /dev/shm
tmpfs           5.0M  4.0K  5.0M   1% /run/lock
efivarfs        150K   86K   60K  60% /sys/firmware/efi/efivars
/dev/sda1       511M  6.1M  505M   2% /boot/efi
tmpfs           1.6G   72K  1.6G   1% /run/user/127
----------------------------------------
2025-02-19 10:11:20
Filesystem      Size  Used Avail Use% Mounted on
tmpfs           1.6G  1.7M  1.6G   1% /run
/dev/sda2       468G   12G  433G   3% /
tmpfs           7.7G     0  7.7G   0% /dev/shm
tmpfs           5.0M  4.0K  5.0M   1% /run/lock
efivarfs        150K   86K   60K  60% /sys/firmware/efi/efivars
/dev/sda1       511M  6.1M  505M   2% /boot/efi
tmpfs           1.6G   72K  1.6G   1% /run/user/127
----------------------------------------
2025-02-19 11:11:20
Filesystem      Size  Used Avail Use% Mounted on
tmpfs           1.6G  1.7M  1.6G   1% /run
/dev/sda2       468G   12G  433G   3% /
tmpfs           7.7G     0  7.7G   0% /dev/shm
tmpfs           5.0M  4.0K  5.0M   1% /run/lock
efivarfs        150K   86K   60K  60% /sys/firmware/efi/efivars
/dev/sda1       511M  6.1M  505M   2% /boot/efi
tmpfs           1.6G   72K  1.6G   1% /run/user/127
----------------------------------------
2025-02-19 12:11:20
Filesystem      Size  Used Avail Use% Mounted on
tmpfs           1.6G  1.7M  1.6G   1% /run
/dev/sda2       468G   12G  433G   3% /
tmpfs           7.7G     0  7.7G   0% /dev/shm
tmpfs           5.0M  4.0K  5.0M   1% /run/lock
efivarfs        150K   86K   60K  60% /sys/firmware/efi/efivars
/dev/sda1       511M  6.1M  505M   2% /boot/efi
tmpfs           1.6G   72K  1.6G   1% /run/user/127
----------------------------------------
2025-02-19 13:11:20
Filesystem      Size  Used Avail Use% Mounted on
tmpfs           1.6G  1.7M  1.6G   1% /run
/dev/sda2       468G   12G  433G   3% /
tmpfs           7.7G     0  7.7G   0% /dev/shm
tmpfs           5.0M  4.0K  5.0M   1% /run/lock
efivarfs        150K   86K   60K  60% /sys/firmware/efi/efivars
/dev/sda1       511M  6.1M  505M   2% /boot/efi
tmpfs           1.6G   72K  1.6G   1% /run/user/127
----------------------------------------
2025-02-19 14:11:20
Filesystem      Size  Used Avail Use% Mounted on
tmpfs           1.6G  1.7M  1.6G   1% /run
/dev/sda2       468G   12G  433G   3% /
tmpfs           7.7G     0  7.7G   0% /dev/shm
tmpfs           5.0M  4.0K  5.0M   1% /run/lock
efivarfs        150K   86K   60K  60% /sys/firmware/efi/efivars
/dev/sda1       511M  6.1M  505M   2% /boot/efi
tmpfs           1.6G   72K  1.6G   1% /run/user/127
----------------------------------------
2025-02-19 15:11:20
Filesystem      Size  Used Avail Use% Mounted on
tmpfs           1.6G  1.7M  1.6G   1% /run
/dev/sda2       468G   12G  433G   3% /
tmpfs           7.7G     0  7.7G   0% /dev/shm
tmpfs           5.0M  4.0K  5.0M   1% /run/lock
efivarfs        150K   86K   60K  60% /sys/firmware/efi/efivars
/dev/sda1       511M  6.1M  505M   2% /boot/efi
tmpfs           1.6G   72K  1.6G   1% /run/user/127
----------------------------------------
2025-02-19 16:11:20
Filesystem      Size  Used Avail Use% Mounted on
tmpfs           1.6G  1.7M  1.6G   1% /run
/dev/sda2       468G   12G  433G   3% /
tmpfs           7.7G     0  7.7G   0% /dev/shm
tmpfs           5.0M  4.0K  5.0M   1% /run/lock
efivarfs        150K   86K   60K  60% /sys/firmware/efi/efivars
/dev/sda1       511M  6.1M  505M   2% /boot/efi
tmpfs           1.6G   72K  1.6G   1% /run/user/127
----------------------------------------
2025-02-19 17:11:20
Filesystem      Size  Used Avail Use% Mounted on
tmpfs           1.6G  1.7M  1.6G   1% /run
/dev/sda2       468G   12G  433G   3% /
tmpfs           7.7G     0  7.7G   0% /dev/shm
tmpfs           5.0M  4.0K  5.0M   1% /run/lock
efivarfs        150K   86K   60K  60% /sys/firmware/efi/efivars
/dev/sda1       511M  6.1M  505M   2% /boot/efi
tmpfs           1.6G   72K  1.6G   1% /run/user/127
----------------------------------------
2025-02-19 18:11:20
Filesystem      Size  Used Avail Use% Mounted on
tmpfs           1.6G  1.7M  1.6G   1% /run
/dev/sda2       468G   12G  433G   3% /
tmpfs           7.7G     0  7.7G   0% /dev/shm
tmpfs           5.0M  4.0K  5.0M   1% /run/lock
efivarfs        150K   86K   60K  60% /sys/firmware/efi/efivars
/dev/sda1       511M  6.1M  505M   2% /boot/efi
tmpfs           1.6G   72K  1.6G   1% /run/user/127
----------------------------------------
2025-02-19 19:11:20
Filesystem      Size  Used Avail Use% Mounted on
tmpfs           1.6G  1.7M  1.6G   1% /run
/dev/sda2       468G   12G  433G   3% /
tmpfs           7.7G     0  7.7G   0% /dev/shm
tmpfs           5.0M  4.0K  5.0M   1% /run/lock
efivarfs        150K   86K   60K  60% /sys/firmware/efi/efivars
/dev/sda1       511M  6.1M  505M   2% /boot/efi
tmpfs           1.6G   72K  1.6G   1% /run/user/127
----------------------------------------
2025-02-19 20:11:20
Filesystem      Size  Used Avail Use% Mounted on
tmpfs           1.6G  1.7M  1.6G   1% /run
/dev/sda2       468G   12G  433G   3% /
tmpfs           7.7G     0  7.7G   0% /dev/shm
tmpfs           5.0M  4.0K  5.0M   1% /run/lock
efivarfs        150K   86K   60K  60% /sys/firmware/efi/efivars
/dev/sda1       511M  6.1M  505M   2% /boot/efi
tmpfs           1.6G   72K  1.6G   1% /run/user/127
----------------------------------------
2025-02-19 21:11:20
Filesystem      Size  Used Avail Use% Mounted on
tmpfs           1.6G  1.7M  1.6G   1% /run
/dev/sda2       468G   12G  433G   3% /
tmpfs           7.7G     0  7.7G   0% /dev/shm
tmpfs           5.0M  4.0K  5.0M   1% /run/lock
efivarfs        150K   86K   60K  60% /sys/firmware/efi/efivars
/dev/sda1       511M  6.1M  505M   2% /boot/efi
tmpfs           1.6G   72K  1.6G   1% /run/user/127
----------------------------------------
2025-02-19 22:11:20
Filesystem      Size  Used Avail Use% Mounted on
tmpfs           1.6G  1.7M  1.6G   1% /run
/dev/sda2       468G   12G  433G   3% /
tmpfs           7.7G     0  7.7G   0% /dev/shm
tmpfs           5.0M  4.0K  5.0M   1% /run/lock
efivarfs        150K   86K   60K  60% /sys/firmware/efi/efivars
/dev/sda1       511M  6.1M  505M   2% /boot/efi
tmpfs           1.6G   72K  1.6G   1% /run/user/127
----------------------------------------
2025-02-19 23:11:20
Filesystem      Size  Used Avail Use% Mounted on
tmpfs           1.6G  1.7M  1.6G   1% /run
/dev/sda2       468G   12G  433G   3% /
tmpfs           7.7G     0  7.7G   0% /dev/shm
tmpfs           5.0M  4.0K  5.0M   1% /run/lock
efivarfs        150K   86K   60K  60% /sys/firmware/efi/efivars
/dev/sda1       511M  6.1M  505M   2% /boot/efi
tmpfs           1.6G   72K  1.6G   1% /run/user/127
----------------------------------------
2025-02-20 00:11:20
Filesystem      Size  Used Avail Use% Mounted on
tmpfs           1.6G  1.7M  1.6G   1% /run
/dev/sda2       468G   12G  433G   3% /
tmpfs           7.7G     0  7.7G   0% /dev/shm
tmpfs           5.0M  4.0K  5.0M   1% /run/lock
efivarfs        150K   86K   60K  60% /sys/firmware/efi/efivars
/dev/sda1       511M  6.1M  505M   2% /boot/efi
tmpfs           1.6G   72K  1.6G   1% /run/user/127
----------------------------------------
2025-02-20 01:11:20
Filesystem      Size  Used Avail Use% Mounted on
tmpfs           1.6G  1.7M  1.6G   1% /run
/dev/sda2       468G   12G  433G   3% /
tmpfs           7.7G     0  7.7G   0% /dev/shm
tmpfs           5.0M  4.0K  5.0M   1% /run/lock
efivarfs        150K   86K   60K  60% /sys/firmware/efi/efivars
/dev/sda1       511M  6.1M  505M   2% /boot/efi
tmpfs           1.6G   72K  1.6G   1% /run/user/127
----------------------------------------
2025-02-20 02:11:20
Filesystem      Size  Used Avail Use% Mounted on
tmpfs           1.6G  1.7M  1.6G   1% /run
/dev/sda2       468G   12G  433G   3% /
tmpfs           7.7G     0  7.7G   0% /dev/shm
tmpfs           5.0M  4.0K  5.0M   1% /run/lock
efivarfs        150K   86K   60K  60% /sys/firmware/efi/efivars
/dev/sda1       511M  6.1M  505M   2% /boot/efi
tmpfs           1.6G   72K  1.6G   1% /run/user/127
----------------------------------------
2025-02-20 03:11:20
Filesystem      Size  Used Avail Use% Mounted on
tmpfs           1.6G  1.7M  1.6G   1% /run
/dev/sda2       468G   12G  433G   3% /
tmpfs           7.7G     0  7.7G   0% /dev/shm
tmpfs           5.0M  4.0K  5.0M   1% /run/lock
efivarfs        150K   86K   60K  60% /sys/firmware/efi/efivars
/dev/sda1       511M  6.1M  505M   2% /boot/efi
tmpfs           1.6G   72K  1.6G   1% /run/user/127
----------------------------------------
2025-02-20 04:11:20
Filesystem      Size  Used Avail Use% Mounted on
tmpfs           1.6G  1.7M  1.6G   1% /run
/dev/sda2       468G   12G  433G   3% /
tmpfs           7.7G     0  7.7G   0% /dev/shm
tmpfs           5.0M  4.0K  5.0M   1% /run/lock
efivarfs        150K   86K   60K  60% /sys/firmware/efi/efivars
/dev/sda1       511M  6.1M  505M   2% /boot/efi
tmpfs           1.6G   72K  1.6G   1% /run/user/127
----------------------------------------
2025-02-20 05:11:20
Filesystem      Size  Used Avail Use% Mounted on
tmpfs           1.6G  1.7M  1.6G   1% /run
/dev/sda2       468G   12G  433G   3% /
tmpfs           7.7G     0  7.7G   0% /dev/shm
tmpfs           5.0M  4.0K  5.0M   1% /run/lock
efivarfs        150K   86K   60K  60% /sys/firmware/efi/efivars
/dev/sda1       511M  6.1M  505M   2% /boot/efi
tmpfs           1.6G   72K  1.6G   1% /run/user/127
----------------------------------------
2025-02-20 06:11:20
Filesystem      Size  Used Avail Use% Mounted on
tmpfs           1.6G  1.7M  1.6G   1% /run
/dev/sda2       468G   12G  433G   3% /
tmpfs           7.7G     0  7.7G   0% /dev/shm
tmpfs           5.0M  4.0K  5.0M   1% /run/lock
efivarfs        150K   86K   60K  60% /sys/firmware/efi/efivars
/dev/sda1       511M  6.1M  505M   2% /boot/efi
tmpfs           1.6G   72K  1.6G   1% /run/user/127
----------------------------------------
2025-02-20 07:11:20
Filesystem      Size  Used Avail Use% Mounted on
tmpfs           1.6G  1.7M  1.6G   1% /run
/dev/sda2       468G   12G  433G   3% /
tmpfs           7.7G     0  7.7G   0% /dev/shm
tmpfs           5.0M  4.0K  5.0M   1% /run/lock
efivarfs        150K   86K   60K  60% /sys/firmware/efi/efivars
/dev/sda1       511M  6.1M  505M   2% /boot/efi
tmpfs           1.6G   72K  1.6G   1% /run/user/127
----------------------------------------
2025-02-20 08:11:20
Filesystem      Size  Used Avail Use% Mounted on
tmpfs           1.6G  1.7M  1.6G   1% /run
/dev/sda2       468G   12G  433G   3% /
tmpfs           7.7G     0  7.7G   0% /dev/shm
tmpfs           5.0M  4.0K  5.0M   1% /run/lock
efivarfs        150K   86K   60K  60% /sys/firmware/efi/efivars
/dev/sda1       511M  6.1M  505M   2% /boot/efi
tmpfs           1.6G   72K  1.6G   1% /run/user/127
----------------------------------------
2025-02-20 09:11:20
Filesystem      Size  Used Avail Use% Mounted on
tmpfs           1.6G  1.7M  1.6G   1% /run
/dev/sda2       468G   12G  433G   3% /
tmpfs           7.7G     0  7.7G   0% /dev/shm
tmpfs           5.0M  4.0K  5.0M   1% /run/lock
efivarfs        150K   86K   60K  60% /sys/firmware/efi/efivars
/dev/sda1       511M  6.1M  505M   2% /boot/efi
tmpfs           1.6G   72K  1.6G   1% /run/user/127
----------------------------------------
2025-02-20 10:11:20
Filesystem      Size  Used Avail Use% Mounted on
tmpfs           1.6G  1.7M  1.6G   1% /run
/dev/sda2       468G   12G  433G   3% /
tmpfs           7.7G     0  7.7G   0% /dev/shm
tmpfs           5.0M  4.0K  5.0M   1% /run/lock
efivarfs        150K   86K   60K  60% /sys/firmware/efi/efivars
/dev/sda1       511M  6.1M  505M   2% /boot/efi
tmpfs           1.6G   72K  1.6G   1% /run/user/127
----------------------------------------
2025-02-20 11:11:20
Filesystem      Size  Used Avail Use% Mounted on
tmpfs           1.6G  1.7M  1.6G   1% /run
/dev/sda2       468G   12G  433G   3% /
tmpfs           7.7G     0  7.7G   0% /dev/shm
tmpfs           5.0M  4.0K  5.0M   1% /run/lock
efivarfs        150K   86K   60K  60% /sys/firmware/efi/efivars
/dev/sda1       511M  6.1M  505M   2% /boot/efi
tmpfs           1.6G   72K  1.6G   1% /run/user/127
----------------------------------------
2025-02-20 12:11:20
Filesystem      Size  Used Avail Use% Mounted on
tmpfs           1.6G  1.7M  1.6G   1% /run
/dev/sda2       468G   12G  433G   3% /
tmpfs           7.7G     0  7.7G   0% /dev/shm
tmpfs           5.0M  4.0K  5.0M   1% /run/lock
efivarfs        150K   86K   60K  60% /sys/firmware/efi/efivars
/dev/sda1       511M  6.1M  505M   2% /boot/efi
tmpfs           1.6G   72K  1.6G   1% /run/user/127
----------------------------------------
2025-02-20 13:11:20
Filesystem      Size  Used Avail Use% Mounted on
tmpfs           1.6G  1.7M  1.6G   1% /run
/dev/sda2       468G   12G  433G   3% /
tmpfs           7.7G     0  7.7G   0% /dev/shm
tmpfs           5.0M  4.0K  5.0M   1% /run/lock
efivarfs        150K   86K   60K  60% /sys/firmware/efi/efivars
/dev/sda1       511M  6.1M  505M   2% /boot/efi
tmpfs           1.6G   72K  1.6G   1% /run/user/127
----------------------------------------
2025-02-20 14:11:20
Filesystem      Size  Used Avail Use% Mounted on
tmpfs           1.6G  1.7M  1.6G   1% /run
/dev/sda2       468G   12G  433G   3% /
tmpfs           7.7G     0  7.7G   0% /dev/shm
tmpfs           5.0M  4.0K  5.0M   1% /run/lock
efivarfs        150K   86K   60K  60% /sys/firmware/efi/efivars
/dev/sda1       511M  6.1M  505M   2% /boot/efi
tmpfs           1.6G   72K  1.6G   1% /run/user/127
----------------------------------------
2025-02-20 15:11:20
Filesystem      Size  Used Avail Use% Mounted on
tmpfs           1.6G  1.7M  1.6G   1% /run
/dev/sda2       468G   12G  433G   3% /
tmpfs           7.7G     0  7.7G   0% /dev/shm
tmpfs           5.0M  4.0K  5.0M   1% /run/lock
efivarfs        150K   86K   60K  60% /sys/firmware/efi/efivars
/dev/sda1       511M  6.1M  505M   2% /boot/efi
tmpfs           1.6G   72K  1.6G   1% /run/user/127
----------------------------------------
2025-02-20 16:11:21
Filesystem      Size  Used Avail Use% Mounted on
tmpfs           1.6G  1.7M  1.6G   1% /run
/dev/sda2       468G   12G  433G   3% /
tmpfs           7.7G     0  7.7G   0% /dev/shm
tmpfs           5.0M  4.0K  5.0M   1% /run/lock
efivarfs        150K   86K   60K  60% /sys/firmware/efi/efivars
/dev/sda1       511M  6.1M  505M   2% /boot/efi
tmpfs           1.6G   72K  1.6G   1% /run/user/127
----------------------------------------
2025-02-20 17:11:21
Filesystem      Size  Used Avail Use% Mounted on
tmpfs           1.6G  1.7M  1.6G   1% /run
/dev/sda2       468G   12G  433G   3% /
tmpfs           7.7G     0  7.7G   0% /dev/shm
tmpfs           5.0M  4.0K  5.0M   1% /run/lock
efivarfs        150K   86K   60K  60% /sys/firmware/efi/efivars
/dev/sda1       511M  6.1M  505M   2% /boot/efi
tmpfs           1.6G   72K  1.6G   1% /run/user/127
----------------------------------------
