2025-02-11 15:37:46 | New file created: sampledir in /home/t0315001/Shreyas/06-02-25/ 
2025-02-11 15:38:27 | New file created: .s1.txt.swp in /home/t0315001/Shreyas/06-02-25/sampledir/
2025-02-11 15:38:27 | New file created: .s1.txt.swx in /home/t0315001/Shreyas/06-02-25/sampledir/
2025-02-11 15:38:27 | New file created: .s1.txt.swp in /home/t0315001/Shreyas/06-02-25/sampledir/
2025-02-11 15:38:57 | New file created: s1.txt in /home/t0315001/Shreyas/06-02-25/sampledir/
2025-02-11 15:39:07 | New file created: .s2.txt.swp in /home/t0315001/Shreyas/06-02-25/sampledir/
2025-02-11 15:39:07 | New file created: .s2.txt.swx in /home/t0315001/Shreyas/06-02-25/sampledir/
2025-02-11 15:39:07 | New file created: .s2.txt.swp in /home/t0315001/Shreyas/06-02-25/sampledir/
2025-02-11 15:39:40 | New file created: s2.txt in /home/t0315001/Shreyas/06-02-25/sampledir/
2025-02-11 15:45:06 | New file created: .monitor_dir.sh.swp in /home/t0315001/Shreyas/06-02-25/
2025-02-11 15:45:06 | New file created: .monitor_dir.sh.swx in /home/t0315001/Shreyas/06-02-25/
2025-02-11 15:45:06 | New file created: .monitor_dir.sh.swp in /home/t0315001/Shreyas/06-02-25/
2025-02-11 16:10:33 | New file created: .monitor_dir.sh.swp in /home/t0315001/Shreyas/06-02-25/
2025-02-11 16:10:33 | New file created: .monitor_dir.sh.swx in /home/t0315001/Shreyas/06-02-25/
2025-02-11 16:10:33 | New file created: .monitor_dir.sh.swp in /home/t0315001/Shreyas/06-02-25/
2025-02-11 17:10:04 | New file created: shreyas123.txt in /home/t0315001/Shreyas/06-02-25/
2025-02-11 17:10:36 | New file created: .shreyas123.txt.swp in /home/t0315001/Shreyas/06-02-25/
2025-02-11 17:10:36 | New file created: .shreyas123.txt.swx in /home/t0315001/Shreyas/06-02-25/
2025-02-11 17:10:36 | New file created: .shreyas123.txt.swp in /home/t0315001/Shreyas/06-02-25/
2025-02-11 17:52:45 | New file created: .ping_logger.sh.swp in /home/t0315001/Shreyas/06-02-25/
2025-02-11 17:52:45 | New file created: .ping_logger.sh.swx in /home/t0315001/Shreyas/06-02-25/
2025-02-11 17:52:45 | New file created: .ping_logger.sh.swp in /home/t0315001/Shreyas/06-02-25/
2025-02-11 17:55:15 | New file created: ping_logger.sh~ in /home/t0315001/Shreyas/06-02-25/
2025-02-11 17:55:22 | New file created: ping_monitor.log in /home/t0315001/Shreyas/06-02-25/
2025-02-11 17:59:00 | New file created: .ping_logger.sh.swp in /home/t0315001/Shreyas/06-02-25/
2025-02-11 17:59:00 | New file created: .ping_logger.sh.swx in /home/t0315001/Shreyas/06-02-25/
2025-02-11 17:59:00 | New file created: .ping_logger.sh.swp in /home/t0315001/Shreyas/06-02-25/
2025-02-11 17:59:26 | New file created: ping_logger.sh~ in /home/t0315001/Shreyas/06-02-25/
2025-02-11 18:00:12 | New file created: .monitor_dir.sh.swx in /home/t0315001/Shreyas/06-02-25/
2025-02-11 18:00:12 | New file created: .monitor_dir.sh.swo in /home/t0315001/Shreyas/06-02-25/
2025-02-12 06:45:50 | New file created: .ping_logger.sh.swp in /home/t0315001/Shreyas/06-02-25/
2025-02-12 06:45:50 | New file created: .ping_logger.sh.swx in /home/t0315001/Shreyas/06-02-25/
2025-02-12 06:45:50 | New file created: .ping_logger.sh.swp in /home/t0315001/Shreyas/06-02-25/
2025-02-12 06:49:38 | New file created: ping_logger.sh~ in /home/t0315001/Shreyas/06-02-25/
2025-02-12 09:45:45 | New file created: .ping_logger.sh.swp in /home/t0315001/Shreyas/06-02-25/
2025-02-12 09:45:45 | New file created: .ping_logger.sh.swx in /home/t0315001/Shreyas/06-02-25/
2025-02-12 09:45:45 | New file created: .ping_logger.sh.swp in /home/t0315001/Shreyas/06-02-25/
2025-02-12 15:26:56 | New file created: .ping_logger.sh.swp in /home/t0315001/Shreyas/06-02-25/
2025-02-12 15:26:56 | New file created: .ping_logger.sh.swx in /home/t0315001/Shreyas/06-02-25/
2025-02-12 15:26:56 | New file created: .ping_logger.sh.swp in /home/t0315001/Shreyas/06-02-25/
2025-02-12 15:32:48 | New file created: 4913 in /home/t0315001/Shreyas/06-02-25/
2025-02-12 15:32:48 | New file created: ping_logger.sh in /home/t0315001/Shreyas/06-02-25/
2025-02-12 15:34:45 | New file created: .ping_logger.sh.swp in /home/t0315001/Shreyas/06-02-25/
2025-02-12 15:34:45 | New file created: .ping_logger.sh.swx in /home/t0315001/Shreyas/06-02-25/
2025-02-12 15:34:45 | New file created: .ping_logger.sh.swp in /home/t0315001/Shreyas/06-02-25/
