Start time: Tue Feb 11 14:13:05 IST 2025
2025-02-11 14:13:05
Filesystem      Size  Used Avail Use% Mounted on
tmpfs           1.6G  1.7M  1.6G   1% /run
/dev/sda2       468G   12G  433G   3% /
tmpfs           7.7G     0  7.7G   0% /dev/shm
tmpfs           5.0M  4.0K  5.0M   1% /run/lock
efivarfs        150K   86K   60K  60% /sys/firmware/efi/efivars
/dev/sda1       511M  6.1M  505M   2% /boot/efi
tmpfs           1.6G   72K  1.6G   1% /run/user/127
----------------------------------------
2025-02-11 15:13:05
Filesystem      Size  Used Avail Use% Mounted on
tmpfs           1.6G  1.7M  1.6G   1% /run
/dev/sda2       468G   12G  433G   3% /
tmpfs           7.7G     0  7.7G   0% /dev/shm
tmpfs           5.0M  4.0K  5.0M   1% /run/lock
efivarfs        150K   86K   60K  60% /sys/firmware/efi/efivars
/dev/sda1       511M  6.1M  505M   2% /boot/efi
tmpfs           1.6G   72K  1.6G   1% /run/user/127
----------------------------------------
2025-02-11 16:13:05
Filesystem      Size  Used Avail Use% Mounted on
tmpfs           1.6G  1.7M  1.6G   1% /run
/dev/sda2       468G   12G  433G   3% /
tmpfs           7.7G     0  7.7G   0% /dev/shm
tmpfs           5.0M  4.0K  5.0M   1% /run/lock
efivarfs        150K   86K   60K  60% /sys/firmware/efi/efivars
/dev/sda1       511M  6.1M  505M   2% /boot/efi
tmpfs           1.6G   72K  1.6G   1% /run/user/127
----------------------------------------
2025-02-11 17:13:05
Filesystem      Size  Used Avail Use% Mounted on
tmpfs           1.6G  1.7M  1.6G   1% /run
/dev/sda2       468G   12G  433G   3% /
tmpfs           7.7G     0  7.7G   0% /dev/shm
tmpfs           5.0M  4.0K  5.0M   1% /run/lock
efivarfs        150K   86K   60K  60% /sys/firmware/efi/efivars
/dev/sda1       511M  6.1M  505M   2% /boot/efi
tmpfs           1.6G   72K  1.6G   1% /run/user/127
----------------------------------------
2025-02-11 18:13:05
Filesystem      Size  Used Avail Use% Mounted on
tmpfs           1.6G  1.7M  1.6G   1% /run
/dev/sda2       468G   12G  433G   3% /
tmpfs           7.7G     0  7.7G   0% /dev/shm
tmpfs           5.0M  4.0K  5.0M   1% /run/lock
efivarfs        150K   86K   60K  60% /sys/firmware/efi/efivars
/dev/sda1       511M  6.1M  505M   2% /boot/efi
tmpfs           1.6G   72K  1.6G   1% /run/user/127
----------------------------------------
2025-02-11 19:13:05
Filesystem      Size  Used Avail Use% Mounted on
tmpfs           1.6G  1.7M  1.6G   1% /run
/dev/sda2       468G   12G  433G   3% /
tmpfs           7.7G     0  7.7G   0% /dev/shm
tmpfs           5.0M  4.0K  5.0M   1% /run/lock
efivarfs        150K   86K   60K  60% /sys/firmware/efi/efivars
/dev/sda1       511M  6.1M  505M   2% /boot/efi
tmpfs           1.6G   72K  1.6G   1% /run/user/127
----------------------------------------
2025-02-11 20:13:05
Filesystem      Size  Used Avail Use% Mounted on
tmpfs           1.6G  1.7M  1.6G   1% /run
/dev/sda2       468G   12G  433G   3% /
tmpfs           7.7G     0  7.7G   0% /dev/shm
tmpfs           5.0M  4.0K  5.0M   1% /run/lock
efivarfs        150K   86K   60K  60% /sys/firmware/efi/efivars
/dev/sda1       511M  6.1M  505M   2% /boot/efi
tmpfs           1.6G   72K  1.6G   1% /run/user/127
----------------------------------------
2025-02-11 21:13:05
Filesystem      Size  Used Avail Use% Mounted on
tmpfs           1.6G  1.7M  1.6G   1% /run
/dev/sda2       468G   12G  433G   3% /
tmpfs           7.7G     0  7.7G   0% /dev/shm
tmpfs           5.0M  4.0K  5.0M   1% /run/lock
efivarfs        150K   86K   60K  60% /sys/firmware/efi/efivars
/dev/sda1       511M  6.1M  505M   2% /boot/efi
tmpfs           1.6G   72K  1.6G   1% /run/user/127
----------------------------------------
2025-02-11 22:13:05
Filesystem      Size  Used Avail Use% Mounted on
tmpfs           1.6G  1.7M  1.6G   1% /run
/dev/sda2       468G   12G  433G   3% /
tmpfs           7.7G     0  7.7G   0% /dev/shm
tmpfs           5.0M  4.0K  5.0M   1% /run/lock
efivarfs        150K   86K   60K  60% /sys/firmware/efi/efivars
/dev/sda1       511M  6.1M  505M   2% /boot/efi
tmpfs           1.6G   72K  1.6G   1% /run/user/127
----------------------------------------
2025-02-11 23:13:05
Filesystem      Size  Used Avail Use% Mounted on
tmpfs           1.6G  1.7M  1.6G   1% /run
/dev/sda2       468G   12G  433G   3% /
tmpfs           7.7G     0  7.7G   0% /dev/shm
tmpfs           5.0M  4.0K  5.0M   1% /run/lock
efivarfs        150K   86K   60K  60% /sys/firmware/efi/efivars
/dev/sda1       511M  6.1M  505M   2% /boot/efi
tmpfs           1.6G   72K  1.6G   1% /run/user/127
----------------------------------------
2025-02-12 00:13:05
Filesystem      Size  Used Avail Use% Mounted on
tmpfs           1.6G  1.7M  1.6G   1% /run
/dev/sda2       468G   12G  433G   3% /
tmpfs           7.7G     0  7.7G   0% /dev/shm
tmpfs           5.0M  4.0K  5.0M   1% /run/lock
efivarfs        150K   86K   60K  60% /sys/firmware/efi/efivars
/dev/sda1       511M  6.1M  505M   2% /boot/efi
tmpfs           1.6G   72K  1.6G   1% /run/user/127
----------------------------------------
2025-02-12 01:13:05
Filesystem      Size  Used Avail Use% Mounted on
tmpfs           1.6G  1.7M  1.6G   1% /run
/dev/sda2       468G   12G  433G   3% /
tmpfs           7.7G     0  7.7G   0% /dev/shm
tmpfs           5.0M  4.0K  5.0M   1% /run/lock
efivarfs        150K   86K   60K  60% /sys/firmware/efi/efivars
/dev/sda1       511M  6.1M  505M   2% /boot/efi
tmpfs           1.6G   72K  1.6G   1% /run/user/127
----------------------------------------
2025-02-12 02:13:05
Filesystem      Size  Used Avail Use% Mounted on
tmpfs           1.6G  1.7M  1.6G   1% /run
/dev/sda2       468G   12G  433G   3% /
tmpfs           7.7G     0  7.7G   0% /dev/shm
tmpfs           5.0M  4.0K  5.0M   1% /run/lock
efivarfs        150K   86K   60K  60% /sys/firmware/efi/efivars
/dev/sda1       511M  6.1M  505M   2% /boot/efi
tmpfs           1.6G   72K  1.6G   1% /run/user/127
----------------------------------------
2025-02-12 03:13:05
Filesystem      Size  Used Avail Use% Mounted on
tmpfs           1.6G  1.7M  1.6G   1% /run
/dev/sda2       468G   12G  433G   3% /
tmpfs           7.7G     0  7.7G   0% /dev/shm
tmpfs           5.0M  4.0K  5.0M   1% /run/lock
efivarfs        150K   86K   60K  60% /sys/firmware/efi/efivars
/dev/sda1       511M  6.1M  505M   2% /boot/efi
tmpfs           1.6G   72K  1.6G   1% /run/user/127
----------------------------------------
2025-02-12 04:13:05
Filesystem      Size  Used Avail Use% Mounted on
tmpfs           1.6G  1.7M  1.6G   1% /run
/dev/sda2       468G   12G  433G   3% /
tmpfs           7.7G     0  7.7G   0% /dev/shm
tmpfs           5.0M  4.0K  5.0M   1% /run/lock
efivarfs        150K   86K   60K  60% /sys/firmware/efi/efivars
/dev/sda1       511M  6.1M  505M   2% /boot/efi
tmpfs           1.6G   72K  1.6G   1% /run/user/127
----------------------------------------
2025-02-12 05:13:05
Filesystem      Size  Used Avail Use% Mounted on
tmpfs           1.6G  1.7M  1.6G   1% /run
/dev/sda2       468G   12G  433G   3% /
tmpfs           7.7G     0  7.7G   0% /dev/shm
tmpfs           5.0M  4.0K  5.0M   1% /run/lock
efivarfs        150K   86K   60K  60% /sys/firmware/efi/efivars
/dev/sda1       511M  6.1M  505M   2% /boot/efi
tmpfs           1.6G   72K  1.6G   1% /run/user/127
----------------------------------------
2025-02-12 06:13:05
Filesystem      Size  Used Avail Use% Mounted on
tmpfs           1.6G  1.7M  1.6G   1% /run
/dev/sda2       468G   12G  433G   3% /
tmpfs           7.7G     0  7.7G   0% /dev/shm
tmpfs           5.0M  4.0K  5.0M   1% /run/lock
efivarfs        150K   86K   60K  60% /sys/firmware/efi/efivars
/dev/sda1       511M  6.1M  505M   2% /boot/efi
tmpfs           1.6G   72K  1.6G   1% /run/user/127
----------------------------------------
2025-02-12 07:13:05
Filesystem      Size  Used Avail Use% Mounted on
tmpfs           1.6G  1.7M  1.6G   1% /run
/dev/sda2       468G   12G  433G   3% /
tmpfs           7.7G     0  7.7G   0% /dev/shm
tmpfs           5.0M  4.0K  5.0M   1% /run/lock
efivarfs        150K   86K   60K  60% /sys/firmware/efi/efivars
/dev/sda1       511M  6.1M  505M   2% /boot/efi
tmpfs           1.6G   72K  1.6G   1% /run/user/127
----------------------------------------
2025-02-12 08:13:05
Filesystem      Size  Used Avail Use% Mounted on
tmpfs           1.6G  1.7M  1.6G   1% /run
/dev/sda2       468G   12G  433G   3% /
tmpfs           7.7G     0  7.7G   0% /dev/shm
tmpfs           5.0M  4.0K  5.0M   1% /run/lock
efivarfs        150K   86K   60K  60% /sys/firmware/efi/efivars
/dev/sda1       511M  6.1M  505M   2% /boot/efi
tmpfs           1.6G   72K  1.6G   1% /run/user/127
----------------------------------------
2025-02-12 09:13:05
Filesystem      Size  Used Avail Use% Mounted on
tmpfs           1.6G  1.7M  1.6G   1% /run
/dev/sda2       468G   12G  433G   3% /
tmpfs           7.7G     0  7.7G   0% /dev/shm
tmpfs           5.0M  4.0K  5.0M   1% /run/lock
efivarfs        150K   86K   60K  60% /sys/firmware/efi/efivars
/dev/sda1       511M  6.1M  505M   2% /boot/efi
tmpfs           1.6G   72K  1.6G   1% /run/user/127
----------------------------------------
2025-02-12 10:13:05
Filesystem      Size  Used Avail Use% Mounted on
tmpfs           1.6G  1.7M  1.6G   1% /run
/dev/sda2       468G   12G  433G   3% /
tmpfs           7.7G     0  7.7G   0% /dev/shm
tmpfs           5.0M  4.0K  5.0M   1% /run/lock
efivarfs        150K   86K   60K  60% /sys/firmware/efi/efivars
/dev/sda1       511M  6.1M  505M   2% /boot/efi
tmpfs           1.6G   72K  1.6G   1% /run/user/127
----------------------------------------
2025-02-12 11:13:05
Filesystem      Size  Used Avail Use% Mounted on
tmpfs           1.6G  1.7M  1.6G   1% /run
/dev/sda2       468G   12G  433G   3% /
tmpfs           7.7G     0  7.7G   0% /dev/shm
tmpfs           5.0M  4.0K  5.0M   1% /run/lock
efivarfs        150K   86K   60K  60% /sys/firmware/efi/efivars
/dev/sda1       511M  6.1M  505M   2% /boot/efi
tmpfs           1.6G   72K  1.6G   1% /run/user/127
----------------------------------------
2025-02-12 12:13:05
Filesystem      Size  Used Avail Use% Mounted on
tmpfs           1.6G  1.7M  1.6G   1% /run
/dev/sda2       468G   12G  433G   3% /
tmpfs           7.7G     0  7.7G   0% /dev/shm
tmpfs           5.0M  4.0K  5.0M   1% /run/lock
efivarfs        150K   86K   60K  60% /sys/firmware/efi/efivars
/dev/sda1       511M  6.1M  505M   2% /boot/efi
tmpfs           1.6G   72K  1.6G   1% /run/user/127
----------------------------------------
2025-02-12 13:13:06
Filesystem      Size  Used Avail Use% Mounted on
tmpfs           1.6G  1.7M  1.6G   1% /run
/dev/sda2       468G   12G  433G   3% /
tmpfs           7.7G     0  7.7G   0% /dev/shm
tmpfs           5.0M  4.0K  5.0M   1% /run/lock
efivarfs        150K   86K   60K  60% /sys/firmware/efi/efivars
/dev/sda1       511M  6.1M  505M   2% /boot/efi
tmpfs           1.6G   72K  1.6G   1% /run/user/127
----------------------------------------
2025-02-12 14:13:06
Filesystem      Size  Used Avail Use% Mounted on
tmpfs           1.6G  1.7M  1.6G   1% /run
/dev/sda2       468G   12G  433G   3% /
tmpfs           7.7G     0  7.7G   0% /dev/shm
tmpfs           5.0M  4.0K  5.0M   1% /run/lock
efivarfs        150K   86K   60K  60% /sys/firmware/efi/efivars
/dev/sda1       511M  6.1M  505M   2% /boot/efi
tmpfs           1.6G   72K  1.6G   1% /run/user/127
----------------------------------------
2025-02-12 15:13:06
Filesystem      Size  Used Avail Use% Mounted on
tmpfs           1.6G  1.7M  1.6G   1% /run
/dev/sda2       468G   12G  433G   3% /
tmpfs           7.7G     0  7.7G   0% /dev/shm
tmpfs           5.0M  4.0K  5.0M   1% /run/lock
efivarfs        150K   86K   60K  60% /sys/firmware/efi/efivars
/dev/sda1       511M  6.1M  505M   2% /boot/efi
tmpfs           1.6G   72K  1.6G   1% /run/user/127
----------------------------------------
2025-02-12 16:13:06
Filesystem      Size  Used Avail Use% Mounted on
tmpfs           1.6G  1.7M  1.6G   1% /run
/dev/sda2       468G   12G  433G   3% /
tmpfs           7.7G     0  7.7G   0% /dev/shm
tmpfs           5.0M  4.0K  5.0M   1% /run/lock
efivarfs        150K   86K   60K  60% /sys/firmware/efi/efivars
/dev/sda1       511M  6.1M  505M   2% /boot/efi
tmpfs           1.6G   72K  1.6G   1% /run/user/127
----------------------------------------
2025-02-12 17:13:06
Filesystem      Size  Used Avail Use% Mounted on
tmpfs           1.6G  1.7M  1.6G   1% /run
/dev/sda2       468G   12G  433G   3% /
tmpfs           7.7G     0  7.7G   0% /dev/shm
tmpfs           5.0M  4.0K  5.0M   1% /run/lock
efivarfs        150K   86K   60K  60% /sys/firmware/efi/efivars
/dev/sda1       511M  6.1M  505M   2% /boot/efi
tmpfs           1.6G   72K  1.6G   1% /run/user/127
----------------------------------------
2025-02-12 18:13:06
Filesystem      Size  Used Avail Use% Mounted on
tmpfs           1.6G  1.7M  1.6G   1% /run
/dev/sda2       468G   12G  433G   3% /
tmpfs           7.7G     0  7.7G   0% /dev/shm
tmpfs           5.0M  4.0K  5.0M   1% /run/lock
efivarfs        150K   86K   60K  60% /sys/firmware/efi/efivars
/dev/sda1       511M  6.1M  505M   2% /boot/efi
tmpfs           1.6G   72K  1.6G   1% /run/user/127
----------------------------------------
2025-02-12 19:13:06
Filesystem      Size  Used Avail Use% Mounted on
tmpfs           1.6G  1.7M  1.6G   1% /run
/dev/sda2       468G   12G  433G   3% /
tmpfs           7.7G     0  7.7G   0% /dev/shm
tmpfs           5.0M  4.0K  5.0M   1% /run/lock
efivarfs        150K   86K   60K  60% /sys/firmware/efi/efivars
/dev/sda1       511M  6.1M  505M   2% /boot/efi
tmpfs           1.6G   72K  1.6G   1% /run/user/127
----------------------------------------
2025-02-12 20:13:06
Filesystem      Size  Used Avail Use% Mounted on
tmpfs           1.6G  1.7M  1.6G   1% /run
/dev/sda2       468G   12G  433G   3% /
tmpfs           7.7G     0  7.7G   0% /dev/shm
tmpfs           5.0M  4.0K  5.0M   1% /run/lock
efivarfs        150K   86K   60K  60% /sys/firmware/efi/efivars
/dev/sda1       511M  6.1M  505M   2% /boot/efi
tmpfs           1.6G   72K  1.6G   1% /run/user/127
----------------------------------------
2025-02-12 21:13:06
Filesystem      Size  Used Avail Use% Mounted on
tmpfs           1.6G  1.7M  1.6G   1% /run
/dev/sda2       468G   12G  433G   3% /
tmpfs           7.7G     0  7.7G   0% /dev/shm
tmpfs           5.0M  4.0K  5.0M   1% /run/lock
efivarfs        150K   86K   60K  60% /sys/firmware/efi/efivars
/dev/sda1       511M  6.1M  505M   2% /boot/efi
tmpfs           1.6G   72K  1.6G   1% /run/user/127
----------------------------------------
2025-02-12 22:13:06
Filesystem      Size  Used Avail Use% Mounted on
tmpfs           1.6G  1.7M  1.6G   1% /run
/dev/sda2       468G   12G  433G   3% /
tmpfs           7.7G     0  7.7G   0% /dev/shm
tmpfs           5.0M  4.0K  5.0M   1% /run/lock
efivarfs        150K   86K   60K  60% /sys/firmware/efi/efivars
/dev/sda1       511M  6.1M  505M   2% /boot/efi
tmpfs           1.6G   72K  1.6G   1% /run/user/127
----------------------------------------
2025-02-12 23:13:06
Filesystem      Size  Used Avail Use% Mounted on
tmpfs           1.6G  1.7M  1.6G   1% /run
/dev/sda2       468G   12G  433G   3% /
tmpfs           7.7G     0  7.7G   0% /dev/shm
tmpfs           5.0M  4.0K  5.0M   1% /run/lock
efivarfs        150K   86K   60K  60% /sys/firmware/efi/efivars
/dev/sda1       511M  6.1M  505M   2% /boot/efi
tmpfs           1.6G   72K  1.6G   1% /run/user/127
----------------------------------------
2025-02-13 00:13:06
Filesystem      Size  Used Avail Use% Mounted on
tmpfs           1.6G  1.7M  1.6G   1% /run
/dev/sda2       468G   12G  433G   3% /
tmpfs           7.7G     0  7.7G   0% /dev/shm
tmpfs           5.0M  4.0K  5.0M   1% /run/lock
efivarfs        150K   86K   60K  60% /sys/firmware/efi/efivars
/dev/sda1       511M  6.1M  505M   2% /boot/efi
tmpfs           1.6G   72K  1.6G   1% /run/user/127
----------------------------------------
2025-02-13 01:13:06
Filesystem      Size  Used Avail Use% Mounted on
tmpfs           1.6G  1.7M  1.6G   1% /run
/dev/sda2       468G   12G  433G   3% /
tmpfs           7.7G     0  7.7G   0% /dev/shm
tmpfs           5.0M  4.0K  5.0M   1% /run/lock
efivarfs        150K   86K   60K  60% /sys/firmware/efi/efivars
/dev/sda1       511M  6.1M  505M   2% /boot/efi
tmpfs           1.6G   72K  1.6G   1% /run/user/127
----------------------------------------
2025-02-13 02:13:06
Filesystem      Size  Used Avail Use% Mounted on
tmpfs           1.6G  1.7M  1.6G   1% /run
/dev/sda2       468G   12G  433G   3% /
tmpfs           7.7G     0  7.7G   0% /dev/shm
tmpfs           5.0M  4.0K  5.0M   1% /run/lock
efivarfs        150K   86K   60K  60% /sys/firmware/efi/efivars
/dev/sda1       511M  6.1M  505M   2% /boot/efi
tmpfs           1.6G   72K  1.6G   1% /run/user/127
----------------------------------------
2025-02-13 03:13:06
Filesystem      Size  Used Avail Use% Mounted on
tmpfs           1.6G  1.7M  1.6G   1% /run
/dev/sda2       468G   12G  433G   3% /
tmpfs           7.7G     0  7.7G   0% /dev/shm
tmpfs           5.0M  4.0K  5.0M   1% /run/lock
efivarfs        150K   86K   60K  60% /sys/firmware/efi/efivars
/dev/sda1       511M  6.1M  505M   2% /boot/efi
tmpfs           1.6G   72K  1.6G   1% /run/user/127
----------------------------------------
2025-02-13 04:13:06
Filesystem      Size  Used Avail Use% Mounted on
tmpfs           1.6G  1.7M  1.6G   1% /run
/dev/sda2       468G   12G  433G   3% /
tmpfs           7.7G     0  7.7G   0% /dev/shm
tmpfs           5.0M  4.0K  5.0M   1% /run/lock
efivarfs        150K   86K   60K  60% /sys/firmware/efi/efivars
/dev/sda1       511M  6.1M  505M   2% /boot/efi
tmpfs           1.6G   72K  1.6G   1% /run/user/127
----------------------------------------
2025-02-13 05:13:06
Filesystem      Size  Used Avail Use% Mounted on
tmpfs           1.6G  1.7M  1.6G   1% /run
/dev/sda2       468G   12G  433G   3% /
tmpfs           7.7G     0  7.7G   0% /dev/shm
tmpfs           5.0M  4.0K  5.0M   1% /run/lock
efivarfs        150K   86K   60K  60% /sys/firmware/efi/efivars
/dev/sda1       511M  6.1M  505M   2% /boot/efi
tmpfs           1.6G   72K  1.6G   1% /run/user/127
----------------------------------------
2025-02-13 06:13:06
Filesystem      Size  Used Avail Use% Mounted on
tmpfs           1.6G  1.7M  1.6G   1% /run
/dev/sda2       468G   12G  433G   3% /
tmpfs           7.7G     0  7.7G   0% /dev/shm
tmpfs           5.0M  4.0K  5.0M   1% /run/lock
efivarfs        150K   86K   60K  60% /sys/firmware/efi/efivars
/dev/sda1       511M  6.1M  505M   2% /boot/efi
tmpfs           1.6G   72K  1.6G   1% /run/user/127
----------------------------------------
2025-02-13 07:13:06
Filesystem      Size  Used Avail Use% Mounted on
tmpfs           1.6G  1.7M  1.6G   1% /run
/dev/sda2       468G   12G  433G   3% /
tmpfs           7.7G     0  7.7G   0% /dev/shm
tmpfs           5.0M  4.0K  5.0M   1% /run/lock
efivarfs        150K   86K   60K  60% /sys/firmware/efi/efivars
/dev/sda1       511M  6.1M  505M   2% /boot/efi
tmpfs           1.6G   72K  1.6G   1% /run/user/127
----------------------------------------
2025-02-13 08:13:06
Filesystem      Size  Used Avail Use% Mounted on
tmpfs           1.6G  1.7M  1.6G   1% /run
/dev/sda2       468G   12G  433G   3% /
tmpfs           7.7G     0  7.7G   0% /dev/shm
tmpfs           5.0M  4.0K  5.0M   1% /run/lock
efivarfs        150K   86K   60K  60% /sys/firmware/efi/efivars
/dev/sda1       511M  6.1M  505M   2% /boot/efi
tmpfs           1.6G   72K  1.6G   1% /run/user/127
----------------------------------------
2025-02-13 09:13:06
Filesystem      Size  Used Avail Use% Mounted on
tmpfs           1.6G  1.7M  1.6G   1% /run
/dev/sda2       468G   12G  433G   3% /
tmpfs           7.7G     0  7.7G   0% /dev/shm
tmpfs           5.0M  4.0K  5.0M   1% /run/lock
efivarfs        150K   86K   60K  60% /sys/firmware/efi/efivars
/dev/sda1       511M  6.1M  505M   2% /boot/efi
tmpfs           1.6G   72K  1.6G   1% /run/user/127
----------------------------------------
2025-02-13 10:13:06
Filesystem      Size  Used Avail Use% Mounted on
tmpfs           1.6G  1.7M  1.6G   1% /run
/dev/sda2       468G   12G  433G   3% /
tmpfs           7.7G     0  7.7G   0% /dev/shm
tmpfs           5.0M  4.0K  5.0M   1% /run/lock
efivarfs        150K   86K   60K  60% /sys/firmware/efi/efivars
/dev/sda1       511M  6.1M  505M   2% /boot/efi
tmpfs           1.6G   72K  1.6G   1% /run/user/127
----------------------------------------
2025-02-13 11:13:06
Filesystem      Size  Used Avail Use% Mounted on
tmpfs           1.6G  1.7M  1.6G   1% /run
/dev/sda2       468G   12G  433G   3% /
tmpfs           7.7G     0  7.7G   0% /dev/shm
tmpfs           5.0M  4.0K  5.0M   1% /run/lock
efivarfs        150K   86K   60K  60% /sys/firmware/efi/efivars
/dev/sda1       511M  6.1M  505M   2% /boot/efi
tmpfs           1.6G   72K  1.6G   1% /run/user/127
----------------------------------------
2025-02-13 12:13:06
Filesystem      Size  Used Avail Use% Mounted on
tmpfs           1.6G  1.7M  1.6G   1% /run
/dev/sda2       468G   12G  433G   3% /
tmpfs           7.7G     0  7.7G   0% /dev/shm
tmpfs           5.0M  4.0K  5.0M   1% /run/lock
efivarfs        150K   86K   60K  60% /sys/firmware/efi/efivars
/dev/sda1       511M  6.1M  505M   2% /boot/efi
tmpfs           1.6G   72K  1.6G   1% /run/user/127
----------------------------------------
2025-02-13 13:13:06
Filesystem      Size  Used Avail Use% Mounted on
tmpfs           1.6G  1.7M  1.6G   1% /run
/dev/sda2       468G   12G  433G   3% /
tmpfs           7.7G     0  7.7G   0% /dev/shm
tmpfs           5.0M  4.0K  5.0M   1% /run/lock
efivarfs        150K   86K   60K  60% /sys/firmware/efi/efivars
/dev/sda1       511M  6.1M  505M   2% /boot/efi
tmpfs           1.6G   72K  1.6G   1% /run/user/127
----------------------------------------
2025-02-13 14:13:06
Filesystem      Size  Used Avail Use% Mounted on
tmpfs           1.6G  1.7M  1.6G   1% /run
/dev/sda2       468G   12G  433G   3% /
tmpfs           7.7G     0  7.7G   0% /dev/shm
tmpfs           5.0M  4.0K  5.0M   1% /run/lock
efivarfs        150K   86K   60K  60% /sys/firmware/efi/efivars
/dev/sda1       511M  6.1M  505M   2% /boot/efi
tmpfs           1.6G   72K  1.6G   1% /run/user/127
----------------------------------------
2025-02-13 15:13:06
Filesystem      Size  Used Avail Use% Mounted on
tmpfs           1.6G  1.7M  1.6G   1% /run
/dev/sda2       468G   12G  433G   3% /
tmpfs           7.7G     0  7.7G   0% /dev/shm
tmpfs           5.0M  4.0K  5.0M   1% /run/lock
efivarfs        150K   86K   60K  60% /sys/firmware/efi/efivars
/dev/sda1       511M  6.1M  505M   2% /boot/efi
tmpfs           1.6G   72K  1.6G   1% /run/user/127
----------------------------------------
2025-02-13 16:13:06
Filesystem      Size  Used Avail Use% Mounted on
tmpfs           1.6G  1.7M  1.6G   1% /run
/dev/sda2       468G   12G  433G   3% /
tmpfs           7.7G     0  7.7G   0% /dev/shm
tmpfs           5.0M  4.0K  5.0M   1% /run/lock
efivarfs        150K   86K   60K  60% /sys/firmware/efi/efivars
/dev/sda1       511M  6.1M  505M   2% /boot/efi
tmpfs           1.6G   72K  1.6G   1% /run/user/127
----------------------------------------
2025-02-13 17:13:06
Filesystem      Size  Used Avail Use% Mounted on
tmpfs           1.6G  1.7M  1.6G   1% /run
/dev/sda2       468G   12G  433G   3% /
tmpfs           7.7G     0  7.7G   0% /dev/shm
tmpfs           5.0M  4.0K  5.0M   1% /run/lock
efivarfs        150K   86K   60K  60% /sys/firmware/efi/efivars
/dev/sda1       511M  6.1M  505M   2% /boot/efi
tmpfs           1.6G   72K  1.6G   1% /run/user/127
----------------------------------------
2025-02-13 18:13:06
Filesystem      Size  Used Avail Use% Mounted on
tmpfs           1.6G  1.7M  1.6G   1% /run
/dev/sda2       468G   12G  433G   3% /
tmpfs           7.7G     0  7.7G   0% /dev/shm
tmpfs           5.0M  4.0K  5.0M   1% /run/lock
efivarfs        150K   86K   60K  60% /sys/firmware/efi/efivars
/dev/sda1       511M  6.1M  505M   2% /boot/efi
tmpfs           1.6G   72K  1.6G   1% /run/user/127
----------------------------------------
2025-02-13 19:13:06
Filesystem      Size  Used Avail Use% Mounted on
tmpfs           1.6G  1.7M  1.6G   1% /run
/dev/sda2       468G   12G  433G   3% /
tmpfs           7.7G     0  7.7G   0% /dev/shm
tmpfs           5.0M  4.0K  5.0M   1% /run/lock
efivarfs        150K   86K   60K  60% /sys/firmware/efi/efivars
/dev/sda1       511M  6.1M  505M   2% /boot/efi
tmpfs           1.6G   72K  1.6G   1% /run/user/127
----------------------------------------
2025-02-13 20:13:06
Filesystem      Size  Used Avail Use% Mounted on
tmpfs           1.6G  1.7M  1.6G   1% /run
/dev/sda2       468G   12G  433G   3% /
tmpfs           7.7G     0  7.7G   0% /dev/shm
tmpfs           5.0M  4.0K  5.0M   1% /run/lock
efivarfs        150K   86K   60K  60% /sys/firmware/efi/efivars
/dev/sda1       511M  6.1M  505M   2% /boot/efi
tmpfs           1.6G   72K  1.6G   1% /run/user/127
----------------------------------------
2025-02-13 21:13:06
Filesystem      Size  Used Avail Use% Mounted on
tmpfs           1.6G  1.7M  1.6G   1% /run
/dev/sda2       468G   12G  433G   3% /
tmpfs           7.7G     0  7.7G   0% /dev/shm
tmpfs           5.0M  4.0K  5.0M   1% /run/lock
efivarfs        150K   86K   60K  60% /sys/firmware/efi/efivars
/dev/sda1       511M  6.1M  505M   2% /boot/efi
tmpfs           1.6G   72K  1.6G   1% /run/user/127
----------------------------------------
2025-02-13 22:13:06
Filesystem      Size  Used Avail Use% Mounted on
tmpfs           1.6G  1.7M  1.6G   1% /run
/dev/sda2       468G   12G  433G   3% /
tmpfs           7.7G     0  7.7G   0% /dev/shm
tmpfs           5.0M  4.0K  5.0M   1% /run/lock
efivarfs        150K   86K   60K  60% /sys/firmware/efi/efivars
/dev/sda1       511M  6.1M  505M   2% /boot/efi
tmpfs           1.6G   72K  1.6G   1% /run/user/127
----------------------------------------
2025-02-13 23:13:06
Filesystem      Size  Used Avail Use% Mounted on
tmpfs           1.6G  1.7M  1.6G   1% /run
/dev/sda2       468G   12G  433G   3% /
tmpfs           7.7G     0  7.7G   0% /dev/shm
tmpfs           5.0M  4.0K  5.0M   1% /run/lock
efivarfs        150K   86K   60K  60% /sys/firmware/efi/efivars
/dev/sda1       511M  6.1M  505M   2% /boot/efi
tmpfs           1.6G   72K  1.6G   1% /run/user/127
----------------------------------------
2025-02-14 00:13:06
Filesystem      Size  Used Avail Use% Mounted on
tmpfs           1.6G  1.7M  1.6G   1% /run
/dev/sda2       468G   12G  433G   3% /
tmpfs           7.7G     0  7.7G   0% /dev/shm
tmpfs           5.0M  4.0K  5.0M   1% /run/lock
efivarfs        150K   86K   60K  60% /sys/firmware/efi/efivars
/dev/sda1       511M  6.1M  505M   2% /boot/efi
tmpfs           1.6G   72K  1.6G   1% /run/user/127
----------------------------------------
2025-02-14 01:13:06
Filesystem      Size  Used Avail Use% Mounted on
tmpfs           1.6G  1.7M  1.6G   1% /run
/dev/sda2       468G   12G  433G   3% /
tmpfs           7.7G     0  7.7G   0% /dev/shm
tmpfs           5.0M  4.0K  5.0M   1% /run/lock
efivarfs        150K   86K   60K  60% /sys/firmware/efi/efivars
/dev/sda1       511M  6.1M  505M   2% /boot/efi
tmpfs           1.6G   72K  1.6G   1% /run/user/127
----------------------------------------
2025-02-14 02:13:06
Filesystem      Size  Used Avail Use% Mounted on
tmpfs           1.6G  1.7M  1.6G   1% /run
/dev/sda2       468G   12G  433G   3% /
tmpfs           7.7G     0  7.7G   0% /dev/shm
tmpfs           5.0M  4.0K  5.0M   1% /run/lock
efivarfs        150K   86K   60K  60% /sys/firmware/efi/efivars
/dev/sda1       511M  6.1M  505M   2% /boot/efi
tmpfs           1.6G   72K  1.6G   1% /run/user/127
----------------------------------------
2025-02-14 03:13:06
Filesystem      Size  Used Avail Use% Mounted on
tmpfs           1.6G  1.7M  1.6G   1% /run
/dev/sda2       468G   12G  433G   3% /
tmpfs           7.7G     0  7.7G   0% /dev/shm
tmpfs           5.0M  4.0K  5.0M   1% /run/lock
efivarfs        150K   86K   60K  60% /sys/firmware/efi/efivars
/dev/sda1       511M  6.1M  505M   2% /boot/efi
tmpfs           1.6G   72K  1.6G   1% /run/user/127
----------------------------------------
2025-02-14 04:13:06
Filesystem      Size  Used Avail Use% Mounted on
tmpfs           1.6G  1.7M  1.6G   1% /run
/dev/sda2       468G   12G  433G   3% /
tmpfs           7.7G     0  7.7G   0% /dev/shm
tmpfs           5.0M  4.0K  5.0M   1% /run/lock
efivarfs        150K   86K   60K  60% /sys/firmware/efi/efivars
/dev/sda1       511M  6.1M  505M   2% /boot/efi
tmpfs           1.6G   72K  1.6G   1% /run/user/127
----------------------------------------
2025-02-14 05:13:06
Filesystem      Size  Used Avail Use% Mounted on
tmpfs           1.6G  1.7M  1.6G   1% /run
/dev/sda2       468G   12G  433G   3% /
tmpfs           7.7G     0  7.7G   0% /dev/shm
tmpfs           5.0M  4.0K  5.0M   1% /run/lock
efivarfs        150K   86K   60K  60% /sys/firmware/efi/efivars
/dev/sda1       511M  6.1M  505M   2% /boot/efi
tmpfs           1.6G   72K  1.6G   1% /run/user/127
----------------------------------------
2025-02-14 06:13:06
Filesystem      Size  Used Avail Use% Mounted on
tmpfs           1.6G  1.7M  1.6G   1% /run
/dev/sda2       468G   12G  433G   3% /
tmpfs           7.7G     0  7.7G   0% /dev/shm
tmpfs           5.0M  4.0K  5.0M   1% /run/lock
efivarfs        150K   86K   60K  60% /sys/firmware/efi/efivars
/dev/sda1       511M  6.1M  505M   2% /boot/efi
tmpfs           1.6G   72K  1.6G   1% /run/user/127
----------------------------------------
2025-02-14 07:13:06
Filesystem      Size  Used Avail Use% Mounted on
tmpfs           1.6G  1.7M  1.6G   1% /run
/dev/sda2       468G   12G  433G   3% /
tmpfs           7.7G     0  7.7G   0% /dev/shm
tmpfs           5.0M  4.0K  5.0M   1% /run/lock
efivarfs        150K   86K   60K  60% /sys/firmware/efi/efivars
/dev/sda1       511M  6.1M  505M   2% /boot/efi
tmpfs           1.6G   72K  1.6G   1% /run/user/127
----------------------------------------
2025-02-14 08:13:06
Filesystem      Size  Used Avail Use% Mounted on
tmpfs           1.6G  1.7M  1.6G   1% /run
/dev/sda2       468G   12G  433G   3% /
tmpfs           7.7G     0  7.7G   0% /dev/shm
tmpfs           5.0M  4.0K  5.0M   1% /run/lock
efivarfs        150K   86K   60K  60% /sys/firmware/efi/efivars
/dev/sda1       511M  6.1M  505M   2% /boot/efi
tmpfs           1.6G   72K  1.6G   1% /run/user/127
----------------------------------------
2025-02-14 09:13:06
Filesystem      Size  Used Avail Use% Mounted on
tmpfs           1.6G  1.7M  1.6G   1% /run
/dev/sda2       468G   12G  433G   3% /
tmpfs           7.7G     0  7.7G   0% /dev/shm
tmpfs           5.0M  4.0K  5.0M   1% /run/lock
efivarfs        150K   86K   60K  60% /sys/firmware/efi/efivars
/dev/sda1       511M  6.1M  505M   2% /boot/efi
tmpfs           1.6G   72K  1.6G   1% /run/user/127
----------------------------------------
2025-02-14 10:13:06
Filesystem      Size  Used Avail Use% Mounted on
tmpfs           1.6G  1.7M  1.6G   1% /run
/dev/sda2       468G   12G  433G   3% /
tmpfs           7.7G     0  7.7G   0% /dev/shm
tmpfs           5.0M  4.0K  5.0M   1% /run/lock
efivarfs        150K   86K   60K  60% /sys/firmware/efi/efivars
/dev/sda1       511M  6.1M  505M   2% /boot/efi
tmpfs           1.6G   72K  1.6G   1% /run/user/127
----------------------------------------
2025-02-14 11:13:06
Filesystem      Size  Used Avail Use% Mounted on
tmpfs           1.6G  1.7M  1.6G   1% /run
/dev/sda2       468G   12G  433G   3% /
tmpfs           7.7G     0  7.7G   0% /dev/shm
tmpfs           5.0M  4.0K  5.0M   1% /run/lock
efivarfs        150K   86K   60K  60% /sys/firmware/efi/efivars
/dev/sda1       511M  6.1M  505M   2% /boot/efi
tmpfs           1.6G   72K  1.6G   1% /run/user/127
----------------------------------------
2025-02-14 12:13:06
Filesystem      Size  Used Avail Use% Mounted on
tmpfs           1.6G  1.7M  1.6G   1% /run
/dev/sda2       468G   12G  433G   3% /
tmpfs           7.7G     0  7.7G   0% /dev/shm
tmpfs           5.0M  4.0K  5.0M   1% /run/lock
efivarfs        150K   86K   60K  60% /sys/firmware/efi/efivars
/dev/sda1       511M  6.1M  505M   2% /boot/efi
tmpfs           1.6G   72K  1.6G   1% /run/user/127
----------------------------------------
2025-02-14 13:13:06
Filesystem      Size  Used Avail Use% Mounted on
tmpfs           1.6G  1.7M  1.6G   1% /run
/dev/sda2       468G   12G  433G   3% /
tmpfs           7.7G     0  7.7G   0% /dev/shm
tmpfs           5.0M  4.0K  5.0M   1% /run/lock
efivarfs        150K   86K   60K  60% /sys/firmware/efi/efivars
/dev/sda1       511M  6.1M  505M   2% /boot/efi
tmpfs           1.6G   72K  1.6G   1% /run/user/127
----------------------------------------
2025-02-14 14:13:06
Filesystem      Size  Used Avail Use% Mounted on
tmpfs           1.6G  1.7M  1.6G   1% /run
/dev/sda2       468G   12G  433G   3% /
tmpfs           7.7G     0  7.7G   0% /dev/shm
tmpfs           5.0M  4.0K  5.0M   1% /run/lock
efivarfs        150K   86K   60K  60% /sys/firmware/efi/efivars
/dev/sda1       511M  6.1M  505M   2% /boot/efi
tmpfs           1.6G   72K  1.6G   1% /run/user/127
----------------------------------------
2025-02-14 15:13:06
Filesystem      Size  Used Avail Use% Mounted on
tmpfs           1.6G  1.7M  1.6G   1% /run
/dev/sda2       468G   12G  433G   3% /
tmpfs           7.7G     0  7.7G   0% /dev/shm
tmpfs           5.0M  4.0K  5.0M   1% /run/lock
efivarfs        150K   86K   60K  60% /sys/firmware/efi/efivars
/dev/sda1       511M  6.1M  505M   2% /boot/efi
tmpfs           1.6G   72K  1.6G   1% /run/user/127
----------------------------------------
2025-02-14 16:13:06
Filesystem      Size  Used Avail Use% Mounted on
tmpfs           1.6G  1.7M  1.6G   1% /run
/dev/sda2       468G   12G  433G   3% /
tmpfs           7.7G     0  7.7G   0% /dev/shm
tmpfs           5.0M  4.0K  5.0M   1% /run/lock
efivarfs        150K   86K   60K  60% /sys/firmware/efi/efivars
/dev/sda1       511M  6.1M  505M   2% /boot/efi
tmpfs           1.6G   72K  1.6G   1% /run/user/127
----------------------------------------
2025-02-14 17:13:06
Filesystem      Size  Used Avail Use% Mounted on
tmpfs           1.6G  1.7M  1.6G   1% /run
/dev/sda2       468G   12G  433G   3% /
tmpfs           7.7G     0  7.7G   0% /dev/shm
tmpfs           5.0M  4.0K  5.0M   1% /run/lock
efivarfs        150K   86K   60K  60% /sys/firmware/efi/efivars
/dev/sda1       511M  6.1M  505M   2% /boot/efi
tmpfs           1.6G   72K  1.6G   1% /run/user/127
----------------------------------------
2025-02-14 18:13:06
Filesystem      Size  Used Avail Use% Mounted on
tmpfs           1.6G  1.7M  1.6G   1% /run
/dev/sda2       468G   12G  433G   3% /
tmpfs           7.7G     0  7.7G   0% /dev/shm
tmpfs           5.0M  4.0K  5.0M   1% /run/lock
efivarfs        150K   86K   60K  60% /sys/firmware/efi/efivars
/dev/sda1       511M  6.1M  505M   2% /boot/efi
tmpfs           1.6G   72K  1.6G   1% /run/user/127
----------------------------------------
2025-02-14 19:13:06
Filesystem      Size  Used Avail Use% Mounted on
tmpfs           1.6G  1.7M  1.6G   1% /run
/dev/sda2       468G   12G  433G   3% /
tmpfs           7.7G     0  7.7G   0% /dev/shm
tmpfs           5.0M  4.0K  5.0M   1% /run/lock
efivarfs        150K   86K   60K  60% /sys/firmware/efi/efivars
/dev/sda1       511M  6.1M  505M   2% /boot/efi
tmpfs           1.6G   72K  1.6G   1% /run/user/127
----------------------------------------
2025-02-14 20:13:06
Filesystem      Size  Used Avail Use% Mounted on
tmpfs           1.6G  1.7M  1.6G   1% /run
/dev/sda2       468G   12G  433G   3% /
tmpfs           7.7G     0  7.7G   0% /dev/shm
tmpfs           5.0M  4.0K  5.0M   1% /run/lock
efivarfs        150K   86K   60K  60% /sys/firmware/efi/efivars
/dev/sda1       511M  6.1M  505M   2% /boot/efi
tmpfs           1.6G   72K  1.6G   1% /run/user/127
----------------------------------------
2025-02-14 21:13:06
Filesystem      Size  Used Avail Use% Mounted on
tmpfs           1.6G  1.7M  1.6G   1% /run
/dev/sda2       468G   12G  433G   3% /
tmpfs           7.7G     0  7.7G   0% /dev/shm
tmpfs           5.0M  4.0K  5.0M   1% /run/lock
efivarfs        150K   86K   60K  60% /sys/firmware/efi/efivars
/dev/sda1       511M  6.1M  505M   2% /boot/efi
tmpfs           1.6G   72K  1.6G   1% /run/user/127
----------------------------------------
2025-02-14 22:13:06
Filesystem      Size  Used Avail Use% Mounted on
tmpfs           1.6G  1.7M  1.6G   1% /run
/dev/sda2       468G   12G  433G   3% /
tmpfs           7.7G     0  7.7G   0% /dev/shm
tmpfs           5.0M  4.0K  5.0M   1% /run/lock
efivarfs        150K   86K   60K  60% /sys/firmware/efi/efivars
/dev/sda1       511M  6.1M  505M   2% /boot/efi
tmpfs           1.6G   72K  1.6G   1% /run/user/127
----------------------------------------
2025-02-14 23:13:06
Filesystem      Size  Used Avail Use% Mounted on
tmpfs           1.6G  1.7M  1.6G   1% /run
/dev/sda2       468G   12G  433G   3% /
tmpfs           7.7G     0  7.7G   0% /dev/shm
tmpfs           5.0M  4.0K  5.0M   1% /run/lock
efivarfs        150K   86K   60K  60% /sys/firmware/efi/efivars
/dev/sda1       511M  6.1M  505M   2% /boot/efi
tmpfs           1.6G   72K  1.6G   1% /run/user/127
----------------------------------------
2025-02-15 00:13:06
Filesystem      Size  Used Avail Use% Mounted on
tmpfs           1.6G  1.7M  1.6G   1% /run
/dev/sda2       468G   12G  433G   3% /
tmpfs           7.7G     0  7.7G   0% /dev/shm
tmpfs           5.0M  4.0K  5.0M   1% /run/lock
efivarfs        150K   86K   60K  60% /sys/firmware/efi/efivars
/dev/sda1       511M  6.1M  505M   2% /boot/efi
tmpfs           1.6G   72K  1.6G   1% /run/user/127
----------------------------------------
2025-02-15 01:13:06
Filesystem      Size  Used Avail Use% Mounted on
tmpfs           1.6G  1.7M  1.6G   1% /run
/dev/sda2       468G   12G  433G   3% /
tmpfs           7.7G     0  7.7G   0% /dev/shm
tmpfs           5.0M  4.0K  5.0M   1% /run/lock
efivarfs        150K   86K   60K  60% /sys/firmware/efi/efivars
/dev/sda1       511M  6.1M  505M   2% /boot/efi
tmpfs           1.6G   72K  1.6G   1% /run/user/127
----------------------------------------
2025-02-15 02:13:06
Filesystem      Size  Used Avail Use% Mounted on
tmpfs           1.6G  1.7M  1.6G   1% /run
/dev/sda2       468G   12G  433G   3% /
tmpfs           7.7G     0  7.7G   0% /dev/shm
tmpfs           5.0M  4.0K  5.0M   1% /run/lock
efivarfs        150K   86K   60K  60% /sys/firmware/efi/efivars
/dev/sda1       511M  6.1M  505M   2% /boot/efi
tmpfs           1.6G   72K  1.6G   1% /run/user/127
----------------------------------------
2025-02-15 03:13:06
Filesystem      Size  Used Avail Use% Mounted on
tmpfs           1.6G  1.7M  1.6G   1% /run
/dev/sda2       468G   12G  433G   3% /
tmpfs           7.7G     0  7.7G   0% /dev/shm
tmpfs           5.0M  4.0K  5.0M   1% /run/lock
efivarfs        150K   86K   60K  60% /sys/firmware/efi/efivars
/dev/sda1       511M  6.1M  505M   2% /boot/efi
tmpfs           1.6G   72K  1.6G   1% /run/user/127
----------------------------------------
2025-02-15 04:13:06
Filesystem      Size  Used Avail Use% Mounted on
tmpfs           1.6G  1.7M  1.6G   1% /run
/dev/sda2       468G   12G  433G   3% /
tmpfs           7.7G     0  7.7G   0% /dev/shm
tmpfs           5.0M  4.0K  5.0M   1% /run/lock
efivarfs        150K   86K   60K  60% /sys/firmware/efi/efivars
/dev/sda1       511M  6.1M  505M   2% /boot/efi
tmpfs           1.6G   72K  1.6G   1% /run/user/127
----------------------------------------
2025-02-15 05:13:06
Filesystem      Size  Used Avail Use% Mounted on
tmpfs           1.6G  1.7M  1.6G   1% /run
/dev/sda2       468G   12G  433G   3% /
tmpfs           7.7G     0  7.7G   0% /dev/shm
tmpfs           5.0M  4.0K  5.0M   1% /run/lock
efivarfs        150K   86K   60K  60% /sys/firmware/efi/efivars
/dev/sda1       511M  6.1M  505M   2% /boot/efi
tmpfs           1.6G   72K  1.6G   1% /run/user/127
----------------------------------------
2025-02-15 06:13:06
Filesystem      Size  Used Avail Use% Mounted on
tmpfs           1.6G  1.7M  1.6G   1% /run
/dev/sda2       468G   12G  433G   3% /
tmpfs           7.7G     0  7.7G   0% /dev/shm
tmpfs           5.0M  4.0K  5.0M   1% /run/lock
efivarfs        150K   86K   60K  60% /sys/firmware/efi/efivars
/dev/sda1       511M  6.1M  505M   2% /boot/efi
tmpfs           1.6G   72K  1.6G   1% /run/user/127
----------------------------------------
2025-02-15 07:13:06
Filesystem      Size  Used Avail Use% Mounted on
tmpfs           1.6G  1.7M  1.6G   1% /run
/dev/sda2       468G   12G  433G   3% /
tmpfs           7.7G     0  7.7G   0% /dev/shm
tmpfs           5.0M  4.0K  5.0M   1% /run/lock
efivarfs        150K   86K   60K  60% /sys/firmware/efi/efivars
/dev/sda1       511M  6.1M  505M   2% /boot/efi
tmpfs           1.6G   72K  1.6G   1% /run/user/127
----------------------------------------
2025-02-15 08:13:06
Filesystem      Size  Used Avail Use% Mounted on
tmpfs           1.6G  1.7M  1.6G   1% /run
/dev/sda2       468G   12G  433G   3% /
tmpfs           7.7G     0  7.7G   0% /dev/shm
tmpfs           5.0M  4.0K  5.0M   1% /run/lock
efivarfs        150K   86K   60K  60% /sys/firmware/efi/efivars
/dev/sda1       511M  6.1M  505M   2% /boot/efi
tmpfs           1.6G   72K  1.6G   1% /run/user/127
----------------------------------------
2025-02-15 09:13:06
Filesystem      Size  Used Avail Use% Mounted on
tmpfs           1.6G  1.7M  1.6G   1% /run
/dev/sda2       468G   12G  433G   3% /
tmpfs           7.7G     0  7.7G   0% /dev/shm
tmpfs           5.0M  4.0K  5.0M   1% /run/lock
efivarfs        150K   86K   60K  60% /sys/firmware/efi/efivars
/dev/sda1       511M  6.1M  505M   2% /boot/efi
tmpfs           1.6G   72K  1.6G   1% /run/user/127
----------------------------------------
2025-02-15 10:13:06
Filesystem      Size  Used Avail Use% Mounted on
tmpfs           1.6G  1.7M  1.6G   1% /run
/dev/sda2       468G   12G  433G   3% /
tmpfs           7.7G     0  7.7G   0% /dev/shm
tmpfs           5.0M  4.0K  5.0M   1% /run/lock
efivarfs        150K   86K   60K  60% /sys/firmware/efi/efivars
/dev/sda1       511M  6.1M  505M   2% /boot/efi
tmpfs           1.6G   72K  1.6G   1% /run/user/127
----------------------------------------
2025-02-15 11:13:06
Filesystem      Size  Used Avail Use% Mounted on
tmpfs           1.6G  1.7M  1.6G   1% /run
/dev/sda2       468G   12G  433G   3% /
tmpfs           7.7G     0  7.7G   0% /dev/shm
tmpfs           5.0M  4.0K  5.0M   1% /run/lock
efivarfs        150K   86K   60K  60% /sys/firmware/efi/efivars
/dev/sda1       511M  6.1M  505M   2% /boot/efi
tmpfs           1.6G   72K  1.6G   1% /run/user/127
----------------------------------------
2025-02-15 12:13:06
Filesystem      Size  Used Avail Use% Mounted on
tmpfs           1.6G  1.7M  1.6G   1% /run
/dev/sda2       468G   12G  433G   3% /
tmpfs           7.7G     0  7.7G   0% /dev/shm
tmpfs           5.0M  4.0K  5.0M   1% /run/lock
efivarfs        150K   86K   60K  60% /sys/firmware/efi/efivars
/dev/sda1       511M  6.1M  505M   2% /boot/efi
tmpfs           1.6G   72K  1.6G   1% /run/user/127
----------------------------------------
2025-02-15 13:13:06
Filesystem      Size  Used Avail Use% Mounted on
tmpfs           1.6G  1.7M  1.6G   1% /run
/dev/sda2       468G   12G  433G   3% /
tmpfs           7.7G     0  7.7G   0% /dev/shm
tmpfs           5.0M  4.0K  5.0M   1% /run/lock
efivarfs        150K   86K   60K  60% /sys/firmware/efi/efivars
/dev/sda1       511M  6.1M  505M   2% /boot/efi
tmpfs           1.6G   72K  1.6G   1% /run/user/127
----------------------------------------
2025-02-15 14:13:06
Filesystem      Size  Used Avail Use% Mounted on
tmpfs           1.6G  1.7M  1.6G   1% /run
/dev/sda2       468G   12G  433G   3% /
tmpfs           7.7G     0  7.7G   0% /dev/shm
tmpfs           5.0M  4.0K  5.0M   1% /run/lock
efivarfs        150K   86K   60K  60% /sys/firmware/efi/efivars
/dev/sda1       511M  6.1M  505M   2% /boot/efi
tmpfs           1.6G   72K  1.6G   1% /run/user/127
----------------------------------------
2025-02-15 15:13:06
Filesystem      Size  Used Avail Use% Mounted on
tmpfs           1.6G  1.7M  1.6G   1% /run
/dev/sda2       468G   12G  433G   3% /
tmpfs           7.7G     0  7.7G   0% /dev/shm
tmpfs           5.0M  4.0K  5.0M   1% /run/lock
efivarfs        150K   86K   60K  60% /sys/firmware/efi/efivars
/dev/sda1       511M  6.1M  505M   2% /boot/efi
tmpfs           1.6G   72K  1.6G   1% /run/user/127
----------------------------------------
2025-02-15 16:13:06
Filesystem      Size  Used Avail Use% Mounted on
tmpfs           1.6G  1.7M  1.6G   1% /run
/dev/sda2       468G   12G  433G   3% /
tmpfs           7.7G     0  7.7G   0% /dev/shm
tmpfs           5.0M  4.0K  5.0M   1% /run/lock
efivarfs        150K   86K   60K  60% /sys/firmware/efi/efivars
/dev/sda1       511M  6.1M  505M   2% /boot/efi
tmpfs           1.6G   72K  1.6G   1% /run/user/127
----------------------------------------
2025-02-15 17:13:06
Filesystem      Size  Used Avail Use% Mounted on
tmpfs           1.6G  1.7M  1.6G   1% /run
/dev/sda2       468G   12G  433G   3% /
tmpfs           7.7G     0  7.7G   0% /dev/shm
tmpfs           5.0M  4.0K  5.0M   1% /run/lock
efivarfs        150K   86K   60K  60% /sys/firmware/efi/efivars
/dev/sda1       511M  6.1M  505M   2% /boot/efi
tmpfs           1.6G   72K  1.6G   1% /run/user/127
----------------------------------------
2025-02-15 18:13:06
Filesystem      Size  Used Avail Use% Mounted on
tmpfs           1.6G  1.7M  1.6G   1% /run
/dev/sda2       468G   12G  433G   3% /
tmpfs           7.7G     0  7.7G   0% /dev/shm
tmpfs           5.0M  4.0K  5.0M   1% /run/lock
efivarfs        150K   86K   60K  60% /sys/firmware/efi/efivars
/dev/sda1       511M  6.1M  505M   2% /boot/efi
tmpfs           1.6G   72K  1.6G   1% /run/user/127
----------------------------------------
2025-02-15 19:13:06
Filesystem      Size  Used Avail Use% Mounted on
tmpfs           1.6G  1.7M  1.6G   1% /run
/dev/sda2       468G   12G  433G   3% /
tmpfs           7.7G     0  7.7G   0% /dev/shm
tmpfs           5.0M  4.0K  5.0M   1% /run/lock
efivarfs        150K   86K   60K  60% /sys/firmware/efi/efivars
/dev/sda1       511M  6.1M  505M   2% /boot/efi
tmpfs           1.6G   72K  1.6G   1% /run/user/127
----------------------------------------
2025-02-15 20:13:06
Filesystem      Size  Used Avail Use% Mounted on
tmpfs           1.6G  1.7M  1.6G   1% /run
/dev/sda2       468G   12G  433G   3% /
tmpfs           7.7G     0  7.7G   0% /dev/shm
tmpfs           5.0M  4.0K  5.0M   1% /run/lock
efivarfs        150K   86K   60K  60% /sys/firmware/efi/efivars
/dev/sda1       511M  6.1M  505M   2% /boot/efi
tmpfs           1.6G   72K  1.6G   1% /run/user/127
----------------------------------------
2025-02-15 21:13:06
Filesystem      Size  Used Avail Use% Mounted on
tmpfs           1.6G  1.7M  1.6G   1% /run
/dev/sda2       468G   12G  433G   3% /
tmpfs           7.7G     0  7.7G   0% /dev/shm
tmpfs           5.0M  4.0K  5.0M   1% /run/lock
efivarfs        150K   86K   60K  60% /sys/firmware/efi/efivars
/dev/sda1       511M  6.1M  505M   2% /boot/efi
tmpfs           1.6G   72K  1.6G   1% /run/user/127
----------------------------------------
2025-02-15 22:13:07
Filesystem      Size  Used Avail Use% Mounted on
tmpfs           1.6G  1.7M  1.6G   1% /run
/dev/sda2       468G   12G  433G   3% /
tmpfs           7.7G     0  7.7G   0% /dev/shm
tmpfs           5.0M  4.0K  5.0M   1% /run/lock
efivarfs        150K   86K   60K  60% /sys/firmware/efi/efivars
/dev/sda1       511M  6.1M  505M   2% /boot/efi
tmpfs           1.6G   72K  1.6G   1% /run/user/127
----------------------------------------
2025-02-15 23:13:07
Filesystem      Size  Used Avail Use% Mounted on
tmpfs           1.6G  1.7M  1.6G   1% /run
/dev/sda2       468G   12G  433G   3% /
tmpfs           7.7G     0  7.7G   0% /dev/shm
tmpfs           5.0M  4.0K  5.0M   1% /run/lock
efivarfs        150K   86K   60K  60% /sys/firmware/efi/efivars
/dev/sda1       511M  6.1M  505M   2% /boot/efi
tmpfs           1.6G   72K  1.6G   1% /run/user/127
----------------------------------------
2025-02-16 00:13:07
Filesystem      Size  Used Avail Use% Mounted on
tmpfs           1.6G  1.7M  1.6G   1% /run
/dev/sda2       468G   12G  433G   3% /
tmpfs           7.7G     0  7.7G   0% /dev/shm
tmpfs           5.0M  4.0K  5.0M   1% /run/lock
efivarfs        150K   86K   60K  60% /sys/firmware/efi/efivars
/dev/sda1       511M  6.1M  505M   2% /boot/efi
tmpfs           1.6G   72K  1.6G   1% /run/user/127
----------------------------------------
2025-02-16 01:13:07
Filesystem      Size  Used Avail Use% Mounted on
tmpfs           1.6G  1.7M  1.6G   1% /run
/dev/sda2       468G   12G  433G   3% /
tmpfs           7.7G     0  7.7G   0% /dev/shm
tmpfs           5.0M  4.0K  5.0M   1% /run/lock
efivarfs        150K   86K   60K  60% /sys/firmware/efi/efivars
/dev/sda1       511M  6.1M  505M   2% /boot/efi
tmpfs           1.6G   72K  1.6G   1% /run/user/127
----------------------------------------
2025-02-16 02:13:07
Filesystem      Size  Used Avail Use% Mounted on
tmpfs           1.6G  1.7M  1.6G   1% /run
/dev/sda2       468G   12G  433G   3% /
tmpfs           7.7G     0  7.7G   0% /dev/shm
tmpfs           5.0M  4.0K  5.0M   1% /run/lock
efivarfs        150K   86K   60K  60% /sys/firmware/efi/efivars
/dev/sda1       511M  6.1M  505M   2% /boot/efi
tmpfs           1.6G   72K  1.6G   1% /run/user/127
----------------------------------------
2025-02-16 03:13:07
Filesystem      Size  Used Avail Use% Mounted on
tmpfs           1.6G  1.7M  1.6G   1% /run
/dev/sda2       468G   12G  433G   3% /
tmpfs           7.7G     0  7.7G   0% /dev/shm
tmpfs           5.0M  4.0K  5.0M   1% /run/lock
efivarfs        150K   86K   60K  60% /sys/firmware/efi/efivars
/dev/sda1       511M  6.1M  505M   2% /boot/efi
tmpfs           1.6G   72K  1.6G   1% /run/user/127
----------------------------------------
2025-02-16 04:13:07
Filesystem      Size  Used Avail Use% Mounted on
tmpfs           1.6G  1.7M  1.6G   1% /run
/dev/sda2       468G   12G  433G   3% /
tmpfs           7.7G     0  7.7G   0% /dev/shm
tmpfs           5.0M  4.0K  5.0M   1% /run/lock
efivarfs        150K   86K   60K  60% /sys/firmware/efi/efivars
/dev/sda1       511M  6.1M  505M   2% /boot/efi
tmpfs           1.6G   72K  1.6G   1% /run/user/127
----------------------------------------
2025-02-16 05:13:07
Filesystem      Size  Used Avail Use% Mounted on
tmpfs           1.6G  1.7M  1.6G   1% /run
/dev/sda2       468G   12G  433G   3% /
tmpfs           7.7G     0  7.7G   0% /dev/shm
tmpfs           5.0M  4.0K  5.0M   1% /run/lock
efivarfs        150K   86K   60K  60% /sys/firmware/efi/efivars
/dev/sda1       511M  6.1M  505M   2% /boot/efi
tmpfs           1.6G   72K  1.6G   1% /run/user/127
----------------------------------------
2025-02-16 06:13:07
Filesystem      Size  Used Avail Use% Mounted on
tmpfs           1.6G  1.7M  1.6G   1% /run
/dev/sda2       468G   12G  433G   3% /
tmpfs           7.7G     0  7.7G   0% /dev/shm
tmpfs           5.0M  4.0K  5.0M   1% /run/lock
efivarfs        150K   86K   60K  60% /sys/firmware/efi/efivars
/dev/sda1       511M  6.1M  505M   2% /boot/efi
tmpfs           1.6G   72K  1.6G   1% /run/user/127
----------------------------------------
2025-02-16 07:13:07
Filesystem      Size  Used Avail Use% Mounted on
tmpfs           1.6G  1.7M  1.6G   1% /run
/dev/sda2       468G   12G  433G   3% /
tmpfs           7.7G     0  7.7G   0% /dev/shm
tmpfs           5.0M  4.0K  5.0M   1% /run/lock
efivarfs        150K   86K   60K  60% /sys/firmware/efi/efivars
/dev/sda1       511M  6.1M  505M   2% /boot/efi
tmpfs           1.6G   72K  1.6G   1% /run/user/127
----------------------------------------
2025-02-16 08:13:07
Filesystem      Size  Used Avail Use% Mounted on
tmpfs           1.6G  1.7M  1.6G   1% /run
/dev/sda2       468G   12G  433G   3% /
tmpfs           7.7G     0  7.7G   0% /dev/shm
tmpfs           5.0M  4.0K  5.0M   1% /run/lock
efivarfs        150K   86K   60K  60% /sys/firmware/efi/efivars
/dev/sda1       511M  6.1M  505M   2% /boot/efi
tmpfs           1.6G   72K  1.6G   1% /run/user/127
----------------------------------------
2025-02-16 09:13:07
Filesystem      Size  Used Avail Use% Mounted on
tmpfs           1.6G  1.7M  1.6G   1% /run
/dev/sda2       468G   12G  433G   3% /
tmpfs           7.7G     0  7.7G   0% /dev/shm
tmpfs           5.0M  4.0K  5.0M   1% /run/lock
efivarfs        150K   86K   60K  60% /sys/firmware/efi/efivars
/dev/sda1       511M  6.1M  505M   2% /boot/efi
tmpfs           1.6G   72K  1.6G   1% /run/user/127
----------------------------------------
2025-02-16 10:13:07
Filesystem      Size  Used Avail Use% Mounted on
tmpfs           1.6G  1.7M  1.6G   1% /run
/dev/sda2       468G   12G  433G   3% /
tmpfs           7.7G     0  7.7G   0% /dev/shm
tmpfs           5.0M  4.0K  5.0M   1% /run/lock
efivarfs        150K   86K   60K  60% /sys/firmware/efi/efivars
/dev/sda1       511M  6.1M  505M   2% /boot/efi
tmpfs           1.6G   72K  1.6G   1% /run/user/127
----------------------------------------
2025-02-16 11:13:07
Filesystem      Size  Used Avail Use% Mounted on
tmpfs           1.6G  1.7M  1.6G   1% /run
/dev/sda2       468G   12G  433G   3% /
tmpfs           7.7G     0  7.7G   0% /dev/shm
tmpfs           5.0M  4.0K  5.0M   1% /run/lock
efivarfs        150K   86K   60K  60% /sys/firmware/efi/efivars
/dev/sda1       511M  6.1M  505M   2% /boot/efi
tmpfs           1.6G   72K  1.6G   1% /run/user/127
----------------------------------------
2025-02-16 12:13:07
Filesystem      Size  Used Avail Use% Mounted on
tmpfs           1.6G  1.7M  1.6G   1% /run
/dev/sda2       468G   12G  433G   3% /
tmpfs           7.7G     0  7.7G   0% /dev/shm
tmpfs           5.0M  4.0K  5.0M   1% /run/lock
efivarfs        150K   86K   60K  60% /sys/firmware/efi/efivars
/dev/sda1       511M  6.1M  505M   2% /boot/efi
tmpfs           1.6G   72K  1.6G   1% /run/user/127
----------------------------------------
2025-02-16 13:13:07
Filesystem      Size  Used Avail Use% Mounted on
tmpfs           1.6G  1.7M  1.6G   1% /run
/dev/sda2       468G   12G  433G   3% /
tmpfs           7.7G     0  7.7G   0% /dev/shm
tmpfs           5.0M  4.0K  5.0M   1% /run/lock
efivarfs        150K   86K   60K  60% /sys/firmware/efi/efivars
/dev/sda1       511M  6.1M  505M   2% /boot/efi
tmpfs           1.6G   72K  1.6G   1% /run/user/127
----------------------------------------
2025-02-16 14:13:07
Filesystem      Size  Used Avail Use% Mounted on
tmpfs           1.6G  1.7M  1.6G   1% /run
/dev/sda2       468G   12G  433G   3% /
tmpfs           7.7G     0  7.7G   0% /dev/shm
tmpfs           5.0M  4.0K  5.0M   1% /run/lock
efivarfs        150K   86K   60K  60% /sys/firmware/efi/efivars
/dev/sda1       511M  6.1M  505M   2% /boot/efi
tmpfs           1.6G   72K  1.6G   1% /run/user/127
----------------------------------------
2025-02-16 15:13:07
Filesystem      Size  Used Avail Use% Mounted on
tmpfs           1.6G  1.7M  1.6G   1% /run
/dev/sda2       468G   12G  433G   3% /
tmpfs           7.7G     0  7.7G   0% /dev/shm
tmpfs           5.0M  4.0K  5.0M   1% /run/lock
efivarfs        150K   86K   60K  60% /sys/firmware/efi/efivars
/dev/sda1       511M  6.1M  505M   2% /boot/efi
tmpfs           1.6G   72K  1.6G   1% /run/user/127
----------------------------------------
2025-02-16 16:13:07
Filesystem      Size  Used Avail Use% Mounted on
tmpfs           1.6G  1.7M  1.6G   1% /run
/dev/sda2       468G   12G  433G   3% /
tmpfs           7.7G     0  7.7G   0% /dev/shm
tmpfs           5.0M  4.0K  5.0M   1% /run/lock
efivarfs        150K   86K   60K  60% /sys/firmware/efi/efivars
/dev/sda1       511M  6.1M  505M   2% /boot/efi
tmpfs           1.6G   72K  1.6G   1% /run/user/127
----------------------------------------
2025-02-16 17:13:07
Filesystem      Size  Used Avail Use% Mounted on
tmpfs           1.6G  1.7M  1.6G   1% /run
/dev/sda2       468G   12G  433G   3% /
tmpfs           7.7G     0  7.7G   0% /dev/shm
tmpfs           5.0M  4.0K  5.0M   1% /run/lock
efivarfs        150K   86K   60K  60% /sys/firmware/efi/efivars
/dev/sda1       511M  6.1M  505M   2% /boot/efi
tmpfs           1.6G   72K  1.6G   1% /run/user/127
----------------------------------------
2025-02-16 18:13:07
Filesystem      Size  Used Avail Use% Mounted on
tmpfs           1.6G  1.7M  1.6G   1% /run
/dev/sda2       468G   12G  433G   3% /
tmpfs           7.7G     0  7.7G   0% /dev/shm
tmpfs           5.0M  4.0K  5.0M   1% /run/lock
efivarfs        150K   86K   60K  60% /sys/firmware/efi/efivars
/dev/sda1       511M  6.1M  505M   2% /boot/efi
tmpfs           1.6G   72K  1.6G   1% /run/user/127
----------------------------------------
2025-02-16 19:13:07
Filesystem      Size  Used Avail Use% Mounted on
tmpfs           1.6G  1.7M  1.6G   1% /run
/dev/sda2       468G   12G  433G   3% /
tmpfs           7.7G     0  7.7G   0% /dev/shm
tmpfs           5.0M  4.0K  5.0M   1% /run/lock
efivarfs        150K   86K   60K  60% /sys/firmware/efi/efivars
/dev/sda1       511M  6.1M  505M   2% /boot/efi
tmpfs           1.6G   72K  1.6G   1% /run/user/127
----------------------------------------
2025-02-16 20:13:07
Filesystem      Size  Used Avail Use% Mounted on
tmpfs           1.6G  1.7M  1.6G   1% /run
/dev/sda2       468G   12G  433G   3% /
tmpfs           7.7G     0  7.7G   0% /dev/shm
tmpfs           5.0M  4.0K  5.0M   1% /run/lock
efivarfs        150K   86K   60K  60% /sys/firmware/efi/efivars
/dev/sda1       511M  6.1M  505M   2% /boot/efi
tmpfs           1.6G   72K  1.6G   1% /run/user/127
----------------------------------------
2025-02-16 21:13:07
Filesystem      Size  Used Avail Use% Mounted on
tmpfs           1.6G  1.7M  1.6G   1% /run
/dev/sda2       468G   12G  433G   3% /
tmpfs           7.7G     0  7.7G   0% /dev/shm
tmpfs           5.0M  4.0K  5.0M   1% /run/lock
efivarfs        150K   86K   60K  60% /sys/firmware/efi/efivars
/dev/sda1       511M  6.1M  505M   2% /boot/efi
tmpfs           1.6G   72K  1.6G   1% /run/user/127
----------------------------------------
2025-02-16 22:13:07
Filesystem      Size  Used Avail Use% Mounted on
tmpfs           1.6G  1.7M  1.6G   1% /run
/dev/sda2       468G   12G  433G   3% /
tmpfs           7.7G     0  7.7G   0% /dev/shm
tmpfs           5.0M  4.0K  5.0M   1% /run/lock
efivarfs        150K   86K   60K  60% /sys/firmware/efi/efivars
/dev/sda1       511M  6.1M  505M   2% /boot/efi
tmpfs           1.6G   72K  1.6G   1% /run/user/127
----------------------------------------
2025-02-16 23:13:07
Filesystem      Size  Used Avail Use% Mounted on
tmpfs           1.6G  1.7M  1.6G   1% /run
/dev/sda2       468G   12G  433G   3% /
tmpfs           7.7G     0  7.7G   0% /dev/shm
tmpfs           5.0M  4.0K  5.0M   1% /run/lock
efivarfs        150K   86K   60K  60% /sys/firmware/efi/efivars
/dev/sda1       511M  6.1M  505M   2% /boot/efi
tmpfs           1.6G   72K  1.6G   1% /run/user/127
----------------------------------------
2025-02-17 00:13:07
Filesystem      Size  Used Avail Use% Mounted on
tmpfs           1.6G  1.7M  1.6G   1% /run
/dev/sda2       468G   12G  433G   3% /
tmpfs           7.7G     0  7.7G   0% /dev/shm
tmpfs           5.0M  4.0K  5.0M   1% /run/lock
efivarfs        150K   86K   60K  60% /sys/firmware/efi/efivars
/dev/sda1       511M  6.1M  505M   2% /boot/efi
tmpfs           1.6G   72K  1.6G   1% /run/user/127
----------------------------------------
2025-02-17 01:13:07
Filesystem      Size  Used Avail Use% Mounted on
tmpfs           1.6G  1.7M  1.6G   1% /run
/dev/sda2       468G   12G  433G   3% /
tmpfs           7.7G     0  7.7G   0% /dev/shm
tmpfs           5.0M  4.0K  5.0M   1% /run/lock
efivarfs        150K   86K   60K  60% /sys/firmware/efi/efivars
/dev/sda1       511M  6.1M  505M   2% /boot/efi
tmpfs           1.6G   72K  1.6G   1% /run/user/127
----------------------------------------
2025-02-17 02:13:07
Filesystem      Size  Used Avail Use% Mounted on
tmpfs           1.6G  1.7M  1.6G   1% /run
/dev/sda2       468G   12G  433G   3% /
tmpfs           7.7G     0  7.7G   0% /dev/shm
tmpfs           5.0M  4.0K  5.0M   1% /run/lock
efivarfs        150K   86K   60K  60% /sys/firmware/efi/efivars
/dev/sda1       511M  6.1M  505M   2% /boot/efi
tmpfs           1.6G   72K  1.6G   1% /run/user/127
----------------------------------------
2025-02-17 03:13:07
Filesystem      Size  Used Avail Use% Mounted on
tmpfs           1.6G  1.7M  1.6G   1% /run
/dev/sda2       468G   12G  433G   3% /
tmpfs           7.7G     0  7.7G   0% /dev/shm
tmpfs           5.0M  4.0K  5.0M   1% /run/lock
efivarfs        150K   86K   60K  60% /sys/firmware/efi/efivars
/dev/sda1       511M  6.1M  505M   2% /boot/efi
tmpfs           1.6G   72K  1.6G   1% /run/user/127
----------------------------------------
2025-02-17 04:13:07
Filesystem      Size  Used Avail Use% Mounted on
tmpfs           1.6G  1.7M  1.6G   1% /run
/dev/sda2       468G   12G  433G   3% /
tmpfs           7.7G     0  7.7G   0% /dev/shm
tmpfs           5.0M  4.0K  5.0M   1% /run/lock
efivarfs        150K   86K   60K  60% /sys/firmware/efi/efivars
/dev/sda1       511M  6.1M  505M   2% /boot/efi
tmpfs           1.6G   72K  1.6G   1% /run/user/127
----------------------------------------
2025-02-17 05:13:07
Filesystem      Size  Used Avail Use% Mounted on
tmpfs           1.6G  1.7M  1.6G   1% /run
/dev/sda2       468G   12G  433G   3% /
tmpfs           7.7G     0  7.7G   0% /dev/shm
tmpfs           5.0M  4.0K  5.0M   1% /run/lock
efivarfs        150K   86K   60K  60% /sys/firmware/efi/efivars
/dev/sda1       511M  6.1M  505M   2% /boot/efi
tmpfs           1.6G   72K  1.6G   1% /run/user/127
----------------------------------------
2025-02-17 06:13:07
Filesystem      Size  Used Avail Use% Mounted on
tmpfs           1.6G  1.7M  1.6G   1% /run
/dev/sda2       468G   12G  433G   3% /
tmpfs           7.7G     0  7.7G   0% /dev/shm
tmpfs           5.0M  4.0K  5.0M   1% /run/lock
efivarfs        150K   86K   60K  60% /sys/firmware/efi/efivars
/dev/sda1       511M  6.1M  505M   2% /boot/efi
tmpfs           1.6G   72K  1.6G   1% /run/user/127
----------------------------------------
2025-02-17 07:13:07
Filesystem      Size  Used Avail Use% Mounted on
tmpfs           1.6G  1.7M  1.6G   1% /run
/dev/sda2       468G   12G  433G   3% /
tmpfs           7.7G     0  7.7G   0% /dev/shm
tmpfs           5.0M  4.0K  5.0M   1% /run/lock
efivarfs        150K   86K   60K  60% /sys/firmware/efi/efivars
/dev/sda1       511M  6.1M  505M   2% /boot/efi
tmpfs           1.6G   72K  1.6G   1% /run/user/127
----------------------------------------
2025-02-17 08:13:07
Filesystem      Size  Used Avail Use% Mounted on
tmpfs           1.6G  1.7M  1.6G   1% /run
/dev/sda2       468G   12G  433G   3% /
tmpfs           7.7G     0  7.7G   0% /dev/shm
tmpfs           5.0M  4.0K  5.0M   1% /run/lock
efivarfs        150K   86K   60K  60% /sys/firmware/efi/efivars
/dev/sda1       511M  6.1M  505M   2% /boot/efi
tmpfs           1.6G   72K  1.6G   1% /run/user/127
----------------------------------------
2025-02-17 09:13:07
Filesystem      Size  Used Avail Use% Mounted on
tmpfs           1.6G  1.7M  1.6G   1% /run
/dev/sda2       468G   12G  433G   3% /
tmpfs           7.7G     0  7.7G   0% /dev/shm
tmpfs           5.0M  4.0K  5.0M   1% /run/lock
efivarfs        150K   86K   60K  60% /sys/firmware/efi/efivars
/dev/sda1       511M  6.1M  505M   2% /boot/efi
tmpfs           1.6G   72K  1.6G   1% /run/user/127
----------------------------------------
2025-02-17 10:13:07
Filesystem      Size  Used Avail Use% Mounted on
tmpfs           1.6G  1.7M  1.6G   1% /run
/dev/sda2       468G   12G  433G   3% /
tmpfs           7.7G     0  7.7G   0% /dev/shm
tmpfs           5.0M  4.0K  5.0M   1% /run/lock
efivarfs        150K   86K   60K  60% /sys/firmware/efi/efivars
/dev/sda1       511M  6.1M  505M   2% /boot/efi
tmpfs           1.6G   72K  1.6G   1% /run/user/127
----------------------------------------
2025-02-17 11:13:07
Filesystem      Size  Used Avail Use% Mounted on
tmpfs           1.6G  1.7M  1.6G   1% /run
/dev/sda2       468G   12G  433G   3% /
tmpfs           7.7G     0  7.7G   0% /dev/shm
tmpfs           5.0M  4.0K  5.0M   1% /run/lock
efivarfs        150K   86K   60K  60% /sys/firmware/efi/efivars
/dev/sda1       511M  6.1M  505M   2% /boot/efi
tmpfs           1.6G   72K  1.6G   1% /run/user/127
----------------------------------------
2025-02-17 12:13:07
Filesystem      Size  Used Avail Use% Mounted on
tmpfs           1.6G  1.7M  1.6G   1% /run
/dev/sda2       468G   12G  433G   3% /
tmpfs           7.7G     0  7.7G   0% /dev/shm
tmpfs           5.0M  4.0K  5.0M   1% /run/lock
efivarfs        150K   86K   60K  60% /sys/firmware/efi/efivars
/dev/sda1       511M  6.1M  505M   2% /boot/efi
tmpfs           1.6G   72K  1.6G   1% /run/user/127
----------------------------------------
2025-02-17 13:13:07
Filesystem      Size  Used Avail Use% Mounted on
tmpfs           1.6G  1.7M  1.6G   1% /run
/dev/sda2       468G   12G  433G   3% /
tmpfs           7.7G     0  7.7G   0% /dev/shm
tmpfs           5.0M  4.0K  5.0M   1% /run/lock
efivarfs        150K   86K   60K  60% /sys/firmware/efi/efivars
/dev/sda1       511M  6.1M  505M   2% /boot/efi
tmpfs           1.6G   72K  1.6G   1% /run/user/127
----------------------------------------
2025-02-17 14:13:07
Filesystem      Size  Used Avail Use% Mounted on
tmpfs           1.6G  1.7M  1.6G   1% /run
/dev/sda2       468G   12G  433G   3% /
tmpfs           7.7G     0  7.7G   0% /dev/shm
tmpfs           5.0M  4.0K  5.0M   1% /run/lock
efivarfs        150K   86K   60K  60% /sys/firmware/efi/efivars
/dev/sda1       511M  6.1M  505M   2% /boot/efi
tmpfs           1.6G   72K  1.6G   1% /run/user/127
----------------------------------------
2025-02-17 15:13:07
Filesystem      Size  Used Avail Use% Mounted on
tmpfs           1.6G  1.7M  1.6G   1% /run
/dev/sda2       468G   12G  433G   3% /
tmpfs           7.7G     0  7.7G   0% /dev/shm
tmpfs           5.0M  4.0K  5.0M   1% /run/lock
efivarfs        150K   86K   60K  60% /sys/firmware/efi/efivars
/dev/sda1       511M  6.1M  505M   2% /boot/efi
tmpfs           1.6G   72K  1.6G   1% /run/user/127
----------------------------------------
2025-02-17 16:13:07
Filesystem      Size  Used Avail Use% Mounted on
tmpfs           1.6G  1.7M  1.6G   1% /run
/dev/sda2       468G   12G  433G   3% /
tmpfs           7.7G     0  7.7G   0% /dev/shm
tmpfs           5.0M  4.0K  5.0M   1% /run/lock
efivarfs        150K   86K   60K  60% /sys/firmware/efi/efivars
/dev/sda1       511M  6.1M  505M   2% /boot/efi
tmpfs           1.6G   72K  1.6G   1% /run/user/127
----------------------------------------
2025-02-17 17:13:07
Filesystem      Size  Used Avail Use% Mounted on
tmpfs           1.6G  1.7M  1.6G   1% /run
/dev/sda2       468G   12G  433G   3% /
tmpfs           7.7G     0  7.7G   0% /dev/shm
tmpfs           5.0M  4.0K  5.0M   1% /run/lock
efivarfs        150K   86K   60K  60% /sys/firmware/efi/efivars
/dev/sda1       511M  6.1M  505M   2% /boot/efi
tmpfs           1.6G   72K  1.6G   1% /run/user/127
----------------------------------------
2025-02-17 18:13:07
Filesystem      Size  Used Avail Use% Mounted on
tmpfs           1.6G  1.7M  1.6G   1% /run
/dev/sda2       468G   12G  433G   3% /
tmpfs           7.7G     0  7.7G   0% /dev/shm
tmpfs           5.0M  4.0K  5.0M   1% /run/lock
efivarfs        150K   86K   60K  60% /sys/firmware/efi/efivars
/dev/sda1       511M  6.1M  505M   2% /boot/efi
tmpfs           1.6G   72K  1.6G   1% /run/user/127
----------------------------------------
2025-02-17 19:13:07
Filesystem      Size  Used Avail Use% Mounted on
tmpfs           1.6G  1.7M  1.6G   1% /run
/dev/sda2       468G   12G  433G   3% /
tmpfs           7.7G     0  7.7G   0% /dev/shm
tmpfs           5.0M  4.0K  5.0M   1% /run/lock
efivarfs        150K   86K   60K  60% /sys/firmware/efi/efivars
/dev/sda1       511M  6.1M  505M   2% /boot/efi
tmpfs           1.6G   72K  1.6G   1% /run/user/127
----------------------------------------
2025-02-17 20:13:07
Filesystem      Size  Used Avail Use% Mounted on
tmpfs           1.6G  1.7M  1.6G   1% /run
/dev/sda2       468G   12G  433G   3% /
tmpfs           7.7G     0  7.7G   0% /dev/shm
tmpfs           5.0M  4.0K  5.0M   1% /run/lock
efivarfs        150K   86K   60K  60% /sys/firmware/efi/efivars
/dev/sda1       511M  6.1M  505M   2% /boot/efi
tmpfs           1.6G   72K  1.6G   1% /run/user/127
----------------------------------------
2025-02-17 21:13:07
Filesystem      Size  Used Avail Use% Mounted on
tmpfs           1.6G  1.7M  1.6G   1% /run
/dev/sda2       468G   12G  433G   3% /
tmpfs           7.7G     0  7.7G   0% /dev/shm
tmpfs           5.0M  4.0K  5.0M   1% /run/lock
efivarfs        150K   86K   60K  60% /sys/firmware/efi/efivars
/dev/sda1       511M  6.1M  505M   2% /boot/efi
tmpfs           1.6G   72K  1.6G   1% /run/user/127
----------------------------------------
2025-02-17 22:13:07
Filesystem      Size  Used Avail Use% Mounted on
tmpfs           1.6G  1.7M  1.6G   1% /run
/dev/sda2       468G   12G  433G   3% /
tmpfs           7.7G     0  7.7G   0% /dev/shm
tmpfs           5.0M  4.0K  5.0M   1% /run/lock
efivarfs        150K   86K   60K  60% /sys/firmware/efi/efivars
/dev/sda1       511M  6.1M  505M   2% /boot/efi
tmpfs           1.6G   72K  1.6G   1% /run/user/127
----------------------------------------
2025-02-17 23:13:07
Filesystem      Size  Used Avail Use% Mounted on
tmpfs           1.6G  1.7M  1.6G   1% /run
/dev/sda2       468G   12G  433G   3% /
tmpfs           7.7G     0  7.7G   0% /dev/shm
tmpfs           5.0M  4.0K  5.0M   1% /run/lock
efivarfs        150K   86K   60K  60% /sys/firmware/efi/efivars
/dev/sda1       511M  6.1M  505M   2% /boot/efi
tmpfs           1.6G   72K  1.6G   1% /run/user/127
----------------------------------------
2025-02-18 00:13:07
Filesystem      Size  Used Avail Use% Mounted on
tmpfs           1.6G  1.7M  1.6G   1% /run
/dev/sda2       468G   12G  433G   3% /
tmpfs           7.7G     0  7.7G   0% /dev/shm
tmpfs           5.0M  4.0K  5.0M   1% /run/lock
efivarfs        150K   86K   60K  60% /sys/firmware/efi/efivars
/dev/sda1       511M  6.1M  505M   2% /boot/efi
tmpfs           1.6G   72K  1.6G   1% /run/user/127
----------------------------------------
2025-02-18 01:13:07
Filesystem      Size  Used Avail Use% Mounted on
tmpfs           1.6G  1.7M  1.6G   1% /run
/dev/sda2       468G   12G  433G   3% /
tmpfs           7.7G     0  7.7G   0% /dev/shm
tmpfs           5.0M  4.0K  5.0M   1% /run/lock
efivarfs        150K   86K   60K  60% /sys/firmware/efi/efivars
/dev/sda1       511M  6.1M  505M   2% /boot/efi
tmpfs           1.6G   72K  1.6G   1% /run/user/127
----------------------------------------
2025-02-18 02:13:07
Filesystem      Size  Used Avail Use% Mounted on
tmpfs           1.6G  1.7M  1.6G   1% /run
/dev/sda2       468G   12G  433G   3% /
tmpfs           7.7G     0  7.7G   0% /dev/shm
tmpfs           5.0M  4.0K  5.0M   1% /run/lock
efivarfs        150K   86K   60K  60% /sys/firmware/efi/efivars
/dev/sda1       511M  6.1M  505M   2% /boot/efi
tmpfs           1.6G   72K  1.6G   1% /run/user/127
----------------------------------------
2025-02-18 03:13:07
Filesystem      Size  Used Avail Use% Mounted on
tmpfs           1.6G  1.7M  1.6G   1% /run
/dev/sda2       468G   12G  433G   3% /
tmpfs           7.7G     0  7.7G   0% /dev/shm
tmpfs           5.0M  4.0K  5.0M   1% /run/lock
efivarfs        150K   86K   60K  60% /sys/firmware/efi/efivars
/dev/sda1       511M  6.1M  505M   2% /boot/efi
tmpfs           1.6G   72K  1.6G   1% /run/user/127
----------------------------------------
2025-02-18 04:13:07
Filesystem      Size  Used Avail Use% Mounted on
tmpfs           1.6G  1.7M  1.6G   1% /run
/dev/sda2       468G   12G  433G   3% /
tmpfs           7.7G     0  7.7G   0% /dev/shm
tmpfs           5.0M  4.0K  5.0M   1% /run/lock
efivarfs        150K   86K   60K  60% /sys/firmware/efi/efivars
/dev/sda1       511M  6.1M  505M   2% /boot/efi
tmpfs           1.6G   72K  1.6G   1% /run/user/127
----------------------------------------
2025-02-18 05:13:07
Filesystem      Size  Used Avail Use% Mounted on
tmpfs           1.6G  1.7M  1.6G   1% /run
/dev/sda2       468G   12G  433G   3% /
tmpfs           7.7G     0  7.7G   0% /dev/shm
tmpfs           5.0M  4.0K  5.0M   1% /run/lock
efivarfs        150K   86K   60K  60% /sys/firmware/efi/efivars
/dev/sda1       511M  6.1M  505M   2% /boot/efi
tmpfs           1.6G   72K  1.6G   1% /run/user/127
----------------------------------------
2025-02-18 06:13:07
Filesystem      Size  Used Avail Use% Mounted on
tmpfs           1.6G  1.7M  1.6G   1% /run
/dev/sda2       468G   12G  433G   3% /
tmpfs           7.7G     0  7.7G   0% /dev/shm
tmpfs           5.0M  4.0K  5.0M   1% /run/lock
efivarfs        150K   86K   60K  60% /sys/firmware/efi/efivars
/dev/sda1       511M  6.1M  505M   2% /boot/efi
tmpfs           1.6G   72K  1.6G   1% /run/user/127
----------------------------------------
2025-02-18 07:13:07
Filesystem      Size  Used Avail Use% Mounted on
tmpfs           1.6G  1.7M  1.6G   1% /run
/dev/sda2       468G   12G  433G   3% /
tmpfs           7.7G     0  7.7G   0% /dev/shm
tmpfs           5.0M  4.0K  5.0M   1% /run/lock
efivarfs        150K   86K   60K  60% /sys/firmware/efi/efivars
/dev/sda1       511M  6.1M  505M   2% /boot/efi
tmpfs           1.6G   72K  1.6G   1% /run/user/127
----------------------------------------
2025-02-18 08:13:07
Filesystem      Size  Used Avail Use% Mounted on
tmpfs           1.6G  1.7M  1.6G   1% /run
/dev/sda2       468G   12G  433G   3% /
tmpfs           7.7G     0  7.7G   0% /dev/shm
tmpfs           5.0M  4.0K  5.0M   1% /run/lock
efivarfs        150K   86K   60K  60% /sys/firmware/efi/efivars
/dev/sda1       511M  6.1M  505M   2% /boot/efi
tmpfs           1.6G   72K  1.6G   1% /run/user/127
----------------------------------------
2025-02-18 09:13:07
Filesystem      Size  Used Avail Use% Mounted on
tmpfs           1.6G  1.7M  1.6G   1% /run
/dev/sda2       468G   12G  433G   3% /
tmpfs           7.7G     0  7.7G   0% /dev/shm
tmpfs           5.0M  4.0K  5.0M   1% /run/lock
efivarfs        150K   86K   60K  60% /sys/firmware/efi/efivars
/dev/sda1       511M  6.1M  505M   2% /boot/efi
tmpfs           1.6G   72K  1.6G   1% /run/user/127
----------------------------------------
2025-02-18 10:13:07
Filesystem      Size  Used Avail Use% Mounted on
tmpfs           1.6G  1.7M  1.6G   1% /run
/dev/sda2       468G   12G  433G   3% /
tmpfs           7.7G     0  7.7G   0% /dev/shm
tmpfs           5.0M  4.0K  5.0M   1% /run/lock
efivarfs        150K   86K   60K  60% /sys/firmware/efi/efivars
/dev/sda1       511M  6.1M  505M   2% /boot/efi
tmpfs           1.6G   72K  1.6G   1% /run/user/127
----------------------------------------
2025-02-18 11:13:07
Filesystem      Size  Used Avail Use% Mounted on
tmpfs           1.6G  1.7M  1.6G   1% /run
/dev/sda2       468G   12G  433G   3% /
tmpfs           7.7G     0  7.7G   0% /dev/shm
tmpfs           5.0M  4.0K  5.0M   1% /run/lock
efivarfs        150K   86K   60K  60% /sys/firmware/efi/efivars
/dev/sda1       511M  6.1M  505M   2% /boot/efi
tmpfs           1.6G   72K  1.6G   1% /run/user/127
----------------------------------------
2025-02-18 12:13:07
Filesystem      Size  Used Avail Use% Mounted on
tmpfs           1.6G  1.7M  1.6G   1% /run
/dev/sda2       468G   12G  433G   3% /
tmpfs           7.7G     0  7.7G   0% /dev/shm
tmpfs           5.0M  4.0K  5.0M   1% /run/lock
efivarfs        150K   86K   60K  60% /sys/firmware/efi/efivars
/dev/sda1       511M  6.1M  505M   2% /boot/efi
tmpfs           1.6G   72K  1.6G   1% /run/user/127
----------------------------------------
2025-02-18 13:13:07
Filesystem      Size  Used Avail Use% Mounted on
tmpfs           1.6G  1.7M  1.6G   1% /run
/dev/sda2       468G   12G  433G   3% /
tmpfs           7.7G     0  7.7G   0% /dev/shm
tmpfs           5.0M  4.0K  5.0M   1% /run/lock
efivarfs        150K   86K   60K  60% /sys/firmware/efi/efivars
/dev/sda1       511M  6.1M  505M   2% /boot/efi
tmpfs           1.6G   72K  1.6G   1% /run/user/127
----------------------------------------
2025-02-18 14:13:07
Filesystem      Size  Used Avail Use% Mounted on
tmpfs           1.6G  1.7M  1.6G   1% /run
/dev/sda2       468G   12G  433G   3% /
tmpfs           7.7G     0  7.7G   0% /dev/shm
tmpfs           5.0M  4.0K  5.0M   1% /run/lock
efivarfs        150K   86K   60K  60% /sys/firmware/efi/efivars
/dev/sda1       511M  6.1M  505M   2% /boot/efi
tmpfs           1.6G   72K  1.6G   1% /run/user/127
----------------------------------------
2025-02-18 15:13:07
Filesystem      Size  Used Avail Use% Mounted on
tmpfs           1.6G  1.7M  1.6G   1% /run
/dev/sda2       468G   12G  433G   3% /
tmpfs           7.7G     0  7.7G   0% /dev/shm
tmpfs           5.0M  4.0K  5.0M   1% /run/lock
efivarfs        150K   86K   60K  60% /sys/firmware/efi/efivars
/dev/sda1       511M  6.1M  505M   2% /boot/efi
tmpfs           1.6G   72K  1.6G   1% /run/user/127
----------------------------------------
2025-02-18 16:13:07
Filesystem      Size  Used Avail Use% Mounted on
tmpfs           1.6G  1.7M  1.6G   1% /run
/dev/sda2       468G   12G  433G   3% /
tmpfs           7.7G     0  7.7G   0% /dev/shm
tmpfs           5.0M  4.0K  5.0M   1% /run/lock
efivarfs        150K   86K   60K  60% /sys/firmware/efi/efivars
/dev/sda1       511M  6.1M  505M   2% /boot/efi
tmpfs           1.6G   72K  1.6G   1% /run/user/127
----------------------------------------
2025-02-18 17:13:07
Filesystem      Size  Used Avail Use% Mounted on
tmpfs           1.6G  1.7M  1.6G   1% /run
/dev/sda2       468G   12G  433G   3% /
tmpfs           7.7G     0  7.7G   0% /dev/shm
tmpfs           5.0M  4.0K  5.0M   1% /run/lock
efivarfs        150K   86K   60K  60% /sys/firmware/efi/efivars
/dev/sda1       511M  6.1M  505M   2% /boot/efi
tmpfs           1.6G   72K  1.6G   1% /run/user/127
----------------------------------------
2025-02-18 18:13:07
Filesystem      Size  Used Avail Use% Mounted on
tmpfs           1.6G  1.7M  1.6G   1% /run
/dev/sda2       468G   12G  433G   3% /
tmpfs           7.7G     0  7.7G   0% /dev/shm
tmpfs           5.0M  4.0K  5.0M   1% /run/lock
efivarfs        150K   86K   60K  60% /sys/firmware/efi/efivars
/dev/sda1       511M  6.1M  505M   2% /boot/efi
tmpfs           1.6G   72K  1.6G   1% /run/user/127
----------------------------------------
2025-02-18 19:13:07
Filesystem      Size  Used Avail Use% Mounted on
tmpfs           1.6G  1.7M  1.6G   1% /run
/dev/sda2       468G   12G  433G   3% /
tmpfs           7.7G     0  7.7G   0% /dev/shm
tmpfs           5.0M  4.0K  5.0M   1% /run/lock
efivarfs        150K   86K   60K  60% /sys/firmware/efi/efivars
/dev/sda1       511M  6.1M  505M   2% /boot/efi
tmpfs           1.6G   72K  1.6G   1% /run/user/127
----------------------------------------
2025-02-18 20:13:07
Filesystem      Size  Used Avail Use% Mounted on
tmpfs           1.6G  1.7M  1.6G   1% /run
/dev/sda2       468G   12G  433G   3% /
tmpfs           7.7G     0  7.7G   0% /dev/shm
tmpfs           5.0M  4.0K  5.0M   1% /run/lock
efivarfs        150K   86K   60K  60% /sys/firmware/efi/efivars
/dev/sda1       511M  6.1M  505M   2% /boot/efi
tmpfs           1.6G   72K  1.6G   1% /run/user/127
----------------------------------------
2025-02-18 21:13:07
Filesystem      Size  Used Avail Use% Mounted on
tmpfs           1.6G  1.7M  1.6G   1% /run
/dev/sda2       468G   12G  433G   3% /
tmpfs           7.7G     0  7.7G   0% /dev/shm
tmpfs           5.0M  4.0K  5.0M   1% /run/lock
efivarfs        150K   86K   60K  60% /sys/firmware/efi/efivars
/dev/sda1       511M  6.1M  505M   2% /boot/efi
tmpfs           1.6G   72K  1.6G   1% /run/user/127
----------------------------------------
2025-02-18 22:13:07
Filesystem      Size  Used Avail Use% Mounted on
tmpfs           1.6G  1.7M  1.6G   1% /run
/dev/sda2       468G   12G  433G   3% /
tmpfs           7.7G     0  7.7G   0% /dev/shm
tmpfs           5.0M  4.0K  5.0M   1% /run/lock
efivarfs        150K   86K   60K  60% /sys/firmware/efi/efivars
/dev/sda1       511M  6.1M  505M   2% /boot/efi
tmpfs           1.6G   72K  1.6G   1% /run/user/127
----------------------------------------
2025-02-18 23:13:07
Filesystem      Size  Used Avail Use% Mounted on
tmpfs           1.6G  1.7M  1.6G   1% /run
/dev/sda2       468G   12G  433G   3% /
tmpfs           7.7G     0  7.7G   0% /dev/shm
tmpfs           5.0M  4.0K  5.0M   1% /run/lock
efivarfs        150K   86K   60K  60% /sys/firmware/efi/efivars
/dev/sda1       511M  6.1M  505M   2% /boot/efi
tmpfs           1.6G   72K  1.6G   1% /run/user/127
----------------------------------------
2025-02-19 00:13:07
Filesystem      Size  Used Avail Use% Mounted on
tmpfs           1.6G  1.7M  1.6G   1% /run
/dev/sda2       468G   12G  433G   3% /
tmpfs           7.7G     0  7.7G   0% /dev/shm
tmpfs           5.0M  4.0K  5.0M   1% /run/lock
efivarfs        150K   86K   60K  60% /sys/firmware/efi/efivars
/dev/sda1       511M  6.1M  505M   2% /boot/efi
tmpfs           1.6G   72K  1.6G   1% /run/user/127
----------------------------------------
2025-02-19 01:13:07
Filesystem      Size  Used Avail Use% Mounted on
tmpfs           1.6G  1.7M  1.6G   1% /run
/dev/sda2       468G   12G  433G   3% /
tmpfs           7.7G     0  7.7G   0% /dev/shm
tmpfs           5.0M  4.0K  5.0M   1% /run/lock
efivarfs        150K   86K   60K  60% /sys/firmware/efi/efivars
/dev/sda1       511M  6.1M  505M   2% /boot/efi
tmpfs           1.6G   72K  1.6G   1% /run/user/127
----------------------------------------
2025-02-19 02:13:07
Filesystem      Size  Used Avail Use% Mounted on
tmpfs           1.6G  1.7M  1.6G   1% /run
/dev/sda2       468G   12G  433G   3% /
tmpfs           7.7G     0  7.7G   0% /dev/shm
tmpfs           5.0M  4.0K  5.0M   1% /run/lock
efivarfs        150K   86K   60K  60% /sys/firmware/efi/efivars
/dev/sda1       511M  6.1M  505M   2% /boot/efi
tmpfs           1.6G   72K  1.6G   1% /run/user/127
----------------------------------------
2025-02-19 03:13:07
Filesystem      Size  Used Avail Use% Mounted on
tmpfs           1.6G  1.7M  1.6G   1% /run
/dev/sda2       468G   12G  433G   3% /
tmpfs           7.7G     0  7.7G   0% /dev/shm
tmpfs           5.0M  4.0K  5.0M   1% /run/lock
efivarfs        150K   86K   60K  60% /sys/firmware/efi/efivars
/dev/sda1       511M  6.1M  505M   2% /boot/efi
tmpfs           1.6G   72K  1.6G   1% /run/user/127
----------------------------------------
2025-02-19 04:13:07
Filesystem      Size  Used Avail Use% Mounted on
tmpfs           1.6G  1.7M  1.6G   1% /run
/dev/sda2       468G   12G  433G   3% /
tmpfs           7.7G     0  7.7G   0% /dev/shm
tmpfs           5.0M  4.0K  5.0M   1% /run/lock
efivarfs        150K   86K   60K  60% /sys/firmware/efi/efivars
/dev/sda1       511M  6.1M  505M   2% /boot/efi
tmpfs           1.6G   72K  1.6G   1% /run/user/127
----------------------------------------
2025-02-19 05:13:07
Filesystem      Size  Used Avail Use% Mounted on
tmpfs           1.6G  1.7M  1.6G   1% /run
/dev/sda2       468G   12G  433G   3% /
tmpfs           7.7G     0  7.7G   0% /dev/shm
tmpfs           5.0M  4.0K  5.0M   1% /run/lock
efivarfs        150K   86K   60K  60% /sys/firmware/efi/efivars
/dev/sda1       511M  6.1M  505M   2% /boot/efi
tmpfs           1.6G   72K  1.6G   1% /run/user/127
----------------------------------------
2025-02-19 06:13:07
Filesystem      Size  Used Avail Use% Mounted on
tmpfs           1.6G  1.7M  1.6G   1% /run
/dev/sda2       468G   12G  433G   3% /
tmpfs           7.7G     0  7.7G   0% /dev/shm
tmpfs           5.0M  4.0K  5.0M   1% /run/lock
efivarfs        150K   86K   60K  60% /sys/firmware/efi/efivars
/dev/sda1       511M  6.1M  505M   2% /boot/efi
tmpfs           1.6G   72K  1.6G   1% /run/user/127
----------------------------------------
2025-02-19 07:13:08
Filesystem      Size  Used Avail Use% Mounted on
tmpfs           1.6G  1.7M  1.6G   1% /run
/dev/sda2       468G   12G  433G   3% /
tmpfs           7.7G     0  7.7G   0% /dev/shm
tmpfs           5.0M  4.0K  5.0M   1% /run/lock
efivarfs        150K   86K   60K  60% /sys/firmware/efi/efivars
/dev/sda1       511M  6.1M  505M   2% /boot/efi
tmpfs           1.6G   72K  1.6G   1% /run/user/127
----------------------------------------
2025-02-19 08:13:08
Filesystem      Size  Used Avail Use% Mounted on
tmpfs           1.6G  1.7M  1.6G   1% /run
/dev/sda2       468G   12G  433G   3% /
tmpfs           7.7G     0  7.7G   0% /dev/shm
tmpfs           5.0M  4.0K  5.0M   1% /run/lock
efivarfs        150K   86K   60K  60% /sys/firmware/efi/efivars
/dev/sda1       511M  6.1M  505M   2% /boot/efi
tmpfs           1.6G   72K  1.6G   1% /run/user/127
----------------------------------------
2025-02-19 09:13:08
Filesystem      Size  Used Avail Use% Mounted on
tmpfs           1.6G  1.7M  1.6G   1% /run
/dev/sda2       468G   12G  433G   3% /
tmpfs           7.7G     0  7.7G   0% /dev/shm
tmpfs           5.0M  4.0K  5.0M   1% /run/lock
efivarfs        150K   86K   60K  60% /sys/firmware/efi/efivars
/dev/sda1       511M  6.1M  505M   2% /boot/efi
tmpfs           1.6G   72K  1.6G   1% /run/user/127
----------------------------------------
2025-02-19 10:13:08
Filesystem      Size  Used Avail Use% Mounted on
tmpfs           1.6G  1.7M  1.6G   1% /run
/dev/sda2       468G   12G  433G   3% /
tmpfs           7.7G     0  7.7G   0% /dev/shm
tmpfs           5.0M  4.0K  5.0M   1% /run/lock
efivarfs        150K   86K   60K  60% /sys/firmware/efi/efivars
/dev/sda1       511M  6.1M  505M   2% /boot/efi
tmpfs           1.6G   72K  1.6G   1% /run/user/127
----------------------------------------
2025-02-19 11:13:08
Filesystem      Size  Used Avail Use% Mounted on
tmpfs           1.6G  1.7M  1.6G   1% /run
/dev/sda2       468G   12G  433G   3% /
tmpfs           7.7G     0  7.7G   0% /dev/shm
tmpfs           5.0M  4.0K  5.0M   1% /run/lock
efivarfs        150K   86K   60K  60% /sys/firmware/efi/efivars
/dev/sda1       511M  6.1M  505M   2% /boot/efi
tmpfs           1.6G   72K  1.6G   1% /run/user/127
----------------------------------------
2025-02-19 12:13:08
Filesystem      Size  Used Avail Use% Mounted on
tmpfs           1.6G  1.7M  1.6G   1% /run
/dev/sda2       468G   12G  433G   3% /
tmpfs           7.7G     0  7.7G   0% /dev/shm
tmpfs           5.0M  4.0K  5.0M   1% /run/lock
efivarfs        150K   86K   60K  60% /sys/firmware/efi/efivars
/dev/sda1       511M  6.1M  505M   2% /boot/efi
tmpfs           1.6G   72K  1.6G   1% /run/user/127
----------------------------------------
2025-02-19 13:13:08
Filesystem      Size  Used Avail Use% Mounted on
tmpfs           1.6G  1.7M  1.6G   1% /run
/dev/sda2       468G   12G  433G   3% /
tmpfs           7.7G     0  7.7G   0% /dev/shm
tmpfs           5.0M  4.0K  5.0M   1% /run/lock
efivarfs        150K   86K   60K  60% /sys/firmware/efi/efivars
/dev/sda1       511M  6.1M  505M   2% /boot/efi
tmpfs           1.6G   72K  1.6G   1% /run/user/127
----------------------------------------
2025-02-19 14:13:08
Filesystem      Size  Used Avail Use% Mounted on
tmpfs           1.6G  1.7M  1.6G   1% /run
/dev/sda2       468G   12G  433G   3% /
tmpfs           7.7G     0  7.7G   0% /dev/shm
tmpfs           5.0M  4.0K  5.0M   1% /run/lock
efivarfs        150K   86K   60K  60% /sys/firmware/efi/efivars
/dev/sda1       511M  6.1M  505M   2% /boot/efi
tmpfs           1.6G   72K  1.6G   1% /run/user/127
----------------------------------------
2025-02-19 15:13:08
Filesystem      Size  Used Avail Use% Mounted on
tmpfs           1.6G  1.7M  1.6G   1% /run
/dev/sda2       468G   12G  433G   3% /
tmpfs           7.7G     0  7.7G   0% /dev/shm
tmpfs           5.0M  4.0K  5.0M   1% /run/lock
efivarfs        150K   86K   60K  60% /sys/firmware/efi/efivars
/dev/sda1       511M  6.1M  505M   2% /boot/efi
tmpfs           1.6G   72K  1.6G   1% /run/user/127
----------------------------------------
2025-02-19 16:13:08
Filesystem      Size  Used Avail Use% Mounted on
tmpfs           1.6G  1.7M  1.6G   1% /run
/dev/sda2       468G   12G  433G   3% /
tmpfs           7.7G     0  7.7G   0% /dev/shm
tmpfs           5.0M  4.0K  5.0M   1% /run/lock
efivarfs        150K   86K   60K  60% /sys/firmware/efi/efivars
/dev/sda1       511M  6.1M  505M   2% /boot/efi
tmpfs           1.6G   72K  1.6G   1% /run/user/127
----------------------------------------
2025-02-19 17:13:08
Filesystem      Size  Used Avail Use% Mounted on
tmpfs           1.6G  1.7M  1.6G   1% /run
/dev/sda2       468G   12G  433G   3% /
tmpfs           7.7G     0  7.7G   0% /dev/shm
tmpfs           5.0M  4.0K  5.0M   1% /run/lock
efivarfs        150K   86K   60K  60% /sys/firmware/efi/efivars
/dev/sda1       511M  6.1M  505M   2% /boot/efi
tmpfs           1.6G   72K  1.6G   1% /run/user/127
----------------------------------------
2025-02-19 18:13:08
Filesystem      Size  Used Avail Use% Mounted on
tmpfs           1.6G  1.7M  1.6G   1% /run
/dev/sda2       468G   12G  433G   3% /
tmpfs           7.7G     0  7.7G   0% /dev/shm
tmpfs           5.0M  4.0K  5.0M   1% /run/lock
efivarfs        150K   86K   60K  60% /sys/firmware/efi/efivars
/dev/sda1       511M  6.1M  505M   2% /boot/efi
tmpfs           1.6G   72K  1.6G   1% /run/user/127
----------------------------------------
2025-02-19 19:13:08
Filesystem      Size  Used Avail Use% Mounted on
tmpfs           1.6G  1.7M  1.6G   1% /run
/dev/sda2       468G   12G  433G   3% /
tmpfs           7.7G     0  7.7G   0% /dev/shm
tmpfs           5.0M  4.0K  5.0M   1% /run/lock
efivarfs        150K   86K   60K  60% /sys/firmware/efi/efivars
/dev/sda1       511M  6.1M  505M   2% /boot/efi
tmpfs           1.6G   72K  1.6G   1% /run/user/127
----------------------------------------
2025-02-19 20:13:08
Filesystem      Size  Used Avail Use% Mounted on
tmpfs           1.6G  1.7M  1.6G   1% /run
/dev/sda2       468G   12G  433G   3% /
tmpfs           7.7G     0  7.7G   0% /dev/shm
tmpfs           5.0M  4.0K  5.0M   1% /run/lock
efivarfs        150K   86K   60K  60% /sys/firmware/efi/efivars
/dev/sda1       511M  6.1M  505M   2% /boot/efi
tmpfs           1.6G   72K  1.6G   1% /run/user/127
----------------------------------------
2025-02-19 21:13:08
Filesystem      Size  Used Avail Use% Mounted on
tmpfs           1.6G  1.7M  1.6G   1% /run
/dev/sda2       468G   12G  433G   3% /
tmpfs           7.7G     0  7.7G   0% /dev/shm
tmpfs           5.0M  4.0K  5.0M   1% /run/lock
efivarfs        150K   86K   60K  60% /sys/firmware/efi/efivars
/dev/sda1       511M  6.1M  505M   2% /boot/efi
tmpfs           1.6G   72K  1.6G   1% /run/user/127
----------------------------------------
2025-02-19 22:13:08
Filesystem      Size  Used Avail Use% Mounted on
tmpfs           1.6G  1.7M  1.6G   1% /run
/dev/sda2       468G   12G  433G   3% /
tmpfs           7.7G     0  7.7G   0% /dev/shm
tmpfs           5.0M  4.0K  5.0M   1% /run/lock
efivarfs        150K   86K   60K  60% /sys/firmware/efi/efivars
/dev/sda1       511M  6.1M  505M   2% /boot/efi
tmpfs           1.6G   72K  1.6G   1% /run/user/127
----------------------------------------
2025-02-19 23:13:08
Filesystem      Size  Used Avail Use% Mounted on
tmpfs           1.6G  1.7M  1.6G   1% /run
/dev/sda2       468G   12G  433G   3% /
tmpfs           7.7G     0  7.7G   0% /dev/shm
tmpfs           5.0M  4.0K  5.0M   1% /run/lock
efivarfs        150K   86K   60K  60% /sys/firmware/efi/efivars
/dev/sda1       511M  6.1M  505M   2% /boot/efi
tmpfs           1.6G   72K  1.6G   1% /run/user/127
----------------------------------------
2025-02-20 00:13:08
Filesystem      Size  Used Avail Use% Mounted on
tmpfs           1.6G  1.7M  1.6G   1% /run
/dev/sda2       468G   12G  433G   3% /
tmpfs           7.7G     0  7.7G   0% /dev/shm
tmpfs           5.0M  4.0K  5.0M   1% /run/lock
efivarfs        150K   86K   60K  60% /sys/firmware/efi/efivars
/dev/sda1       511M  6.1M  505M   2% /boot/efi
tmpfs           1.6G   72K  1.6G   1% /run/user/127
----------------------------------------
2025-02-20 01:13:08
Filesystem      Size  Used Avail Use% Mounted on
tmpfs           1.6G  1.7M  1.6G   1% /run
/dev/sda2       468G   12G  433G   3% /
tmpfs           7.7G     0  7.7G   0% /dev/shm
tmpfs           5.0M  4.0K  5.0M   1% /run/lock
efivarfs        150K   86K   60K  60% /sys/firmware/efi/efivars
/dev/sda1       511M  6.1M  505M   2% /boot/efi
tmpfs           1.6G   72K  1.6G   1% /run/user/127
----------------------------------------
2025-02-20 02:13:08
Filesystem      Size  Used Avail Use% Mounted on
tmpfs           1.6G  1.7M  1.6G   1% /run
/dev/sda2       468G   12G  433G   3% /
tmpfs           7.7G     0  7.7G   0% /dev/shm
tmpfs           5.0M  4.0K  5.0M   1% /run/lock
efivarfs        150K   86K   60K  60% /sys/firmware/efi/efivars
/dev/sda1       511M  6.1M  505M   2% /boot/efi
tmpfs           1.6G   72K  1.6G   1% /run/user/127
----------------------------------------
2025-02-20 03:13:08
Filesystem      Size  Used Avail Use% Mounted on
tmpfs           1.6G  1.7M  1.6G   1% /run
/dev/sda2       468G   12G  433G   3% /
tmpfs           7.7G     0  7.7G   0% /dev/shm
tmpfs           5.0M  4.0K  5.0M   1% /run/lock
efivarfs        150K   86K   60K  60% /sys/firmware/efi/efivars
/dev/sda1       511M  6.1M  505M   2% /boot/efi
tmpfs           1.6G   72K  1.6G   1% /run/user/127
----------------------------------------
2025-02-20 04:13:08
Filesystem      Size  Used Avail Use% Mounted on
tmpfs           1.6G  1.7M  1.6G   1% /run
/dev/sda2       468G   12G  433G   3% /
tmpfs           7.7G     0  7.7G   0% /dev/shm
tmpfs           5.0M  4.0K  5.0M   1% /run/lock
efivarfs        150K   86K   60K  60% /sys/firmware/efi/efivars
/dev/sda1       511M  6.1M  505M   2% /boot/efi
tmpfs           1.6G   72K  1.6G   1% /run/user/127
----------------------------------------
2025-02-20 05:13:08
Filesystem      Size  Used Avail Use% Mounted on
tmpfs           1.6G  1.7M  1.6G   1% /run
/dev/sda2       468G   12G  433G   3% /
tmpfs           7.7G     0  7.7G   0% /dev/shm
tmpfs           5.0M  4.0K  5.0M   1% /run/lock
efivarfs        150K   86K   60K  60% /sys/firmware/efi/efivars
/dev/sda1       511M  6.1M  505M   2% /boot/efi
tmpfs           1.6G   72K  1.6G   1% /run/user/127
----------------------------------------
2025-02-20 06:13:08
Filesystem      Size  Used Avail Use% Mounted on
tmpfs           1.6G  1.7M  1.6G   1% /run
/dev/sda2       468G   12G  433G   3% /
tmpfs           7.7G     0  7.7G   0% /dev/shm
tmpfs           5.0M  4.0K  5.0M   1% /run/lock
efivarfs        150K   86K   60K  60% /sys/firmware/efi/efivars
/dev/sda1       511M  6.1M  505M   2% /boot/efi
tmpfs           1.6G   72K  1.6G   1% /run/user/127
----------------------------------------
2025-02-20 07:13:08
Filesystem      Size  Used Avail Use% Mounted on
tmpfs           1.6G  1.7M  1.6G   1% /run
/dev/sda2       468G   12G  433G   3% /
tmpfs           7.7G     0  7.7G   0% /dev/shm
tmpfs           5.0M  4.0K  5.0M   1% /run/lock
efivarfs        150K   86K   60K  60% /sys/firmware/efi/efivars
/dev/sda1       511M  6.1M  505M   2% /boot/efi
tmpfs           1.6G   72K  1.6G   1% /run/user/127
----------------------------------------
2025-02-20 08:13:08
Filesystem      Size  Used Avail Use% Mounted on
tmpfs           1.6G  1.7M  1.6G   1% /run
/dev/sda2       468G   12G  433G   3% /
tmpfs           7.7G     0  7.7G   0% /dev/shm
tmpfs           5.0M  4.0K  5.0M   1% /run/lock
efivarfs        150K   86K   60K  60% /sys/firmware/efi/efivars
/dev/sda1       511M  6.1M  505M   2% /boot/efi
tmpfs           1.6G   72K  1.6G   1% /run/user/127
----------------------------------------
2025-02-20 09:13:08
Filesystem      Size  Used Avail Use% Mounted on
tmpfs           1.6G  1.7M  1.6G   1% /run
/dev/sda2       468G   12G  433G   3% /
tmpfs           7.7G     0  7.7G   0% /dev/shm
tmpfs           5.0M  4.0K  5.0M   1% /run/lock
efivarfs        150K   86K   60K  60% /sys/firmware/efi/efivars
/dev/sda1       511M  6.1M  505M   2% /boot/efi
tmpfs           1.6G   72K  1.6G   1% /run/user/127
----------------------------------------
2025-02-20 10:13:08
Filesystem      Size  Used Avail Use% Mounted on
tmpfs           1.6G  1.7M  1.6G   1% /run
/dev/sda2       468G   12G  433G   3% /
tmpfs           7.7G     0  7.7G   0% /dev/shm
tmpfs           5.0M  4.0K  5.0M   1% /run/lock
efivarfs        150K   86K   60K  60% /sys/firmware/efi/efivars
/dev/sda1       511M  6.1M  505M   2% /boot/efi
tmpfs           1.6G   72K  1.6G   1% /run/user/127
----------------------------------------
2025-02-20 11:13:08
Filesystem      Size  Used Avail Use% Mounted on
tmpfs           1.6G  1.7M  1.6G   1% /run
/dev/sda2       468G   12G  433G   3% /
tmpfs           7.7G     0  7.7G   0% /dev/shm
tmpfs           5.0M  4.0K  5.0M   1% /run/lock
efivarfs        150K   86K   60K  60% /sys/firmware/efi/efivars
/dev/sda1       511M  6.1M  505M   2% /boot/efi
tmpfs           1.6G   72K  1.6G   1% /run/user/127
----------------------------------------
2025-02-20 12:13:08
Filesystem      Size  Used Avail Use% Mounted on
tmpfs           1.6G  1.7M  1.6G   1% /run
/dev/sda2       468G   12G  433G   3% /
tmpfs           7.7G     0  7.7G   0% /dev/shm
tmpfs           5.0M  4.0K  5.0M   1% /run/lock
efivarfs        150K   86K   60K  60% /sys/firmware/efi/efivars
/dev/sda1       511M  6.1M  505M   2% /boot/efi
tmpfs           1.6G   72K  1.6G   1% /run/user/127
----------------------------------------
2025-02-20 13:13:08
Filesystem      Size  Used Avail Use% Mounted on
tmpfs           1.6G  1.7M  1.6G   1% /run
/dev/sda2       468G   12G  433G   3% /
tmpfs           7.7G     0  7.7G   0% /dev/shm
tmpfs           5.0M  4.0K  5.0M   1% /run/lock
efivarfs        150K   86K   60K  60% /sys/firmware/efi/efivars
/dev/sda1       511M  6.1M  505M   2% /boot/efi
tmpfs           1.6G   72K  1.6G   1% /run/user/127
----------------------------------------
2025-02-20 14:13:08
Filesystem      Size  Used Avail Use% Mounted on
tmpfs           1.6G  1.7M  1.6G   1% /run
/dev/sda2       468G   12G  433G   3% /
tmpfs           7.7G     0  7.7G   0% /dev/shm
tmpfs           5.0M  4.0K  5.0M   1% /run/lock
efivarfs        150K   86K   60K  60% /sys/firmware/efi/efivars
/dev/sda1       511M  6.1M  505M   2% /boot/efi
tmpfs           1.6G   72K  1.6G   1% /run/user/127
----------------------------------------
2025-02-20 15:13:08
Filesystem      Size  Used Avail Use% Mounted on
tmpfs           1.6G  1.7M  1.6G   1% /run
/dev/sda2       468G   12G  433G   3% /
tmpfs           7.7G     0  7.7G   0% /dev/shm
tmpfs           5.0M  4.0K  5.0M   1% /run/lock
efivarfs        150K   86K   60K  60% /sys/firmware/efi/efivars
/dev/sda1       511M  6.1M  505M   2% /boot/efi
tmpfs           1.6G   72K  1.6G   1% /run/user/127
----------------------------------------
2025-02-20 16:13:08
Filesystem      Size  Used Avail Use% Mounted on
tmpfs           1.6G  1.7M  1.6G   1% /run
/dev/sda2       468G   12G  433G   3% /
tmpfs           7.7G     0  7.7G   0% /dev/shm
tmpfs           5.0M  4.0K  5.0M   1% /run/lock
efivarfs        150K   86K   60K  60% /sys/firmware/efi/efivars
/dev/sda1       511M  6.1M  505M   2% /boot/efi
tmpfs           1.6G   72K  1.6G   1% /run/user/127
----------------------------------------
2025-02-20 17:13:08
Filesystem      Size  Used Avail Use% Mounted on
tmpfs           1.6G  1.7M  1.6G   1% /run
/dev/sda2       468G   12G  433G   3% /
tmpfs           7.7G     0  7.7G   0% /dev/shm
tmpfs           5.0M  4.0K  5.0M   1% /run/lock
efivarfs        150K   86K   60K  60% /sys/firmware/efi/efivars
/dev/sda1       511M  6.1M  505M   2% /boot/efi
tmpfs           1.6G   72K  1.6G   1% /run/user/127
----------------------------------------
